#
# There is insufficient memory for the Java Runtime Environment to continue.
# Native memory allocation (mmap) failed to map 65536 bytes for Failed to commit metaspace.
# Possible reasons:
#   The system is out of physical RAM or swap space
#   The process is running with CompressedOops enabled, and the Java Heap may be blocking the growth of the native heap
# Possible solutions:
#   Reduce memory load on the system
#   Increase physical memory or swap space
#   Check if swap backing store is full
#   Decrease Java heap size (-Xmx/-Xms)
#   Decrease number of Java threads
#   Decrease Java thread stack sizes (-Xss)
#   Set larger code cache with -XX:ReservedCodeCacheSize=
#   JVM is running with Unscaled Compressed Oops mode in which the Java heap is
#     placed in the first 4GB address space. The Java Heap base address is the
#     maximum limit for the native heap growth. Please use -XX:HeapBaseMinAddress
#     to set the Java Heap base and to place the Java Heap above 4GB virtual address.
# This output file may be truncated or incomplete.
#
#  Out of Memory Error (virtualSpaceNode.cpp:112), pid=26564, tid=20644
#
# JRE version: Java(TM) SE Runtime Environment (21.0.1+12) (build 21.0.1+12-LTS-29)
# Java VM: Java HotSpot(TM) 64-Bit Server VM (21.0.1+12-LTS-29, mixed mode, sharing, tiered, compressed oops, compressed class ptrs, g1 gc, windows-amd64)
# No core dump will be written. Minidumps are not enabled by default on client versions of Windows
#

---------------  S U M M A R Y ------------

Command Line: -Dfile.encoding=UTF-8 -Dstdout.encoding=UTF-8 -Dstderr.encoding=UTF-8 -XX:+ShowCodeDetailsInExceptionMessages com.lcwd.gateway.ApiGatewayApplication

Host: Intel(R) Core(TM) i5-8265U CPU @ 1.60GHz, 8 cores, 7G,  Windows 11 , 64 bit Build 22621 (10.0.22621.2506)
Time: Fri Jan 26 16:23:53 2024 India Standard Time elapsed time: 176.739316 seconds (0d 0h 2m 56s)

---------------  T H R E A D  ---------------

Current thread (0x000002354c834740):  JavaThread "C1 CompilerThread0" daemon [_thread_in_vm, id=20644, stack(0x0000003c99f00000,0x0000003c9a000000) (1024K)]


Current CompileTask:
C1: 176739 5922   !   3       java.util.concurrent.ThreadPoolExecutor::getTask (177 bytes)

Stack: [0x0000003c99f00000,0x0000003c9a000000]
Native frames: (J=compiled Java code, j=interpreted, Vv=VM code, C=native code)
V  [jvm.dll+0x6c9029]
V  [jvm.dll+0x854b81]
V  [jvm.dll+0x856e5e]
V  [jvm.dll+0x857543]
V  [jvm.dll+0x280c06]
V  [jvm.dll+0x8508ae]
V  [jvm.dll+0x66ca45]
V  [jvm.dll+0x66caaa]
V  [jvm.dll+0x66f2a6]
V  [jvm.dll+0x66f172]
V  [jvm.dll+0x66d41e]
V  [jvm.dll+0x67e69a]
V  [jvm.dll+0x677932]
V  [jvm.dll+0x1f4390]
V  [jvm.dll+0x1f4578]
V  [jvm.dll+0x153f0e]
V  [jvm.dll+0x154244]
V  [jvm.dll+0x153686]
V  [jvm.dll+0x1553ed]
V  [jvm.dll+0x2586b9]
V  [jvm.dll+0x256c9a]
V  [jvm.dll+0x3ef1b6]
V  [jvm.dll+0x7fd728]
V  [jvm.dll+0x6c777d]
C  [ucrtbase.dll+0x29363]
C  [KERNEL32.DLL+0x1257d]
C  [ntdll.dll+0x5aa58]


---------------  P R O C E S S  ---------------

Threads class SMR info:
_java_thread_list=0x000002359350bb70, length=34, elements={
0x000002354c80c250, 0x000002354c80d170, 0x000002354c80f9c0, 0x000002354c810620,
0x000002354c81b2d0, 0x000002354c81f360, 0x000002354c822270, 0x000002354c834740,
0x000002354cab4200, 0x000002354cabc790, 0x000002359392c800, 0x000002359392ce70,
0x0000023593257d60, 0x0000023594f4d060, 0x0000023594f4e740, 0x0000023594e02e90,
0x0000023594e03520, 0x0000023594e03bb0, 0x0000023594e04240, 0x0000023594e00dc0,
0x0000023594e01450, 0x0000023594e01ae0, 0x0000023594e02170, 0x0000023594e02800,
0x0000023593efb510, 0x0000023593ef8720, 0x0000023593ef6650, 0x0000023593efa7f0,
0x0000023593efbba0, 0x0000023593ef9ad0, 0x0000023593ef9440, 0x0000023593ef7370,
0x0000023593efc230, 0x0000023593efc8c0
}

Java Threads: ( => current thread )
  0x000002354c80c250 JavaThread "Reference Handler"          daemon [_thread_blocked, id=17144, stack(0x0000003c99800000,0x0000003c99900000) (1024K)]
  0x000002354c80d170 JavaThread "Finalizer"                  daemon [_thread_blocked, id=13488, stack(0x0000003c99900000,0x0000003c99a00000) (1024K)]
  0x000002354c80f9c0 JavaThread "Signal Dispatcher"          daemon [_thread_blocked, id=16044, stack(0x0000003c99a00000,0x0000003c99b00000) (1024K)]
  0x000002354c810620 JavaThread "Attach Listener"            daemon [_thread_blocked, id=20744, stack(0x0000003c99b00000,0x0000003c99c00000) (1024K)]
  0x000002354c81b2d0 JavaThread "Service Thread"             daemon [_thread_blocked, id=13588, stack(0x0000003c99c00000,0x0000003c99d00000) (1024K)]
  0x000002354c81f360 JavaThread "Monitor Deflation Thread"   daemon [_thread_blocked, id=11996, stack(0x0000003c99d00000,0x0000003c99e00000) (1024K)]
  0x000002354c822270 JavaThread "C2 CompilerThread0"         daemon [_thread_blocked, id=2040, stack(0x0000003c99e00000,0x0000003c99f00000) (1024K)]
=>0x000002354c834740 JavaThread "C1 CompilerThread0"         daemon [_thread_in_vm, id=20644, stack(0x0000003c99f00000,0x0000003c9a000000) (1024K)]
  0x000002354cab4200 JavaThread "Notification Thread"        daemon [_thread_blocked, id=26540, stack(0x0000003c9a000000,0x0000003c9a100000) (1024K)]
  0x000002354cabc790 JavaThread "Common-Cleaner"             daemon [_thread_blocked, id=10312, stack(0x0000003c9a100000,0x0000003c9a200000) (1024K)]
  0x000002359392c800 JavaThread "Catalina-utility-1"                [_thread_blocked, id=16908, stack(0x0000003c9a800000,0x0000003c9a900000) (1024K)]
  0x000002359392ce70 JavaThread "Catalina-utility-2"                [_thread_blocked, id=12752, stack(0x0000003c9ac00000,0x0000003c9ad00000) (1024K)]
  0x0000023593257d60 JavaThread "container-0"                       [_thread_blocked, id=16376, stack(0x0000003c9ad00000,0x0000003c9ae00000) (1024K)]
  0x0000023594f4d060 JavaThread "boundedElastic-evictor-1"   daemon [_thread_blocked, id=26280, stack(0x0000003c9ae00000,0x0000003c9af00000) (1024K)]
  0x0000023594f4e740 JavaThread "spring.cloud.inetutils"     daemon [_thread_blocked, id=8592, stack(0x0000003c9af00000,0x0000003c9b000000) (1024K)]
  0x0000023594e02e90 JavaThread "AsyncResolver-bootstrap-0"  daemon [_thread_blocked, id=22656, stack(0x0000003c9b000000,0x0000003c9b100000) (1024K)]
  0x0000023594e03520 JavaThread "DiscoveryClient-0"          daemon [_thread_blocked, id=20632, stack(0x0000003c9a200000,0x0000003c9a300000) (1024K)]
  0x0000023594e03bb0 JavaThread "DiscoveryClient-1"          daemon [_thread_blocked, id=17956, stack(0x0000003c9b200000,0x0000003c9b300000) (1024K)]
  0x0000023594e04240 JavaThread "DiscoveryClient-InstanceInfoReplicator-0" daemon [_thread_blocked, id=7464, stack(0x0000003c9b300000,0x0000003c9b400000) (1024K)]
  0x0000023594e00dc0 JavaThread "http-nio-8765-exec-1"       daemon [_thread_blocked, id=2236, stack(0x0000003c9b500000,0x0000003c9b600000) (1024K)]
  0x0000023594e01450 JavaThread "http-nio-8765-exec-2"       daemon [_thread_blocked, id=7564, stack(0x0000003c9b600000,0x0000003c9b700000) (1024K)]
  0x0000023594e01ae0 JavaThread "http-nio-8765-exec-3"       daemon [_thread_blocked, id=3032, stack(0x0000003c9b700000,0x0000003c9b800000) (1024K)]
  0x0000023594e02170 JavaThread "http-nio-8765-exec-4"       daemon [_thread_blocked, id=9048, stack(0x0000003c9b800000,0x0000003c9b900000) (1024K)]
  0x0000023594e02800 JavaThread "http-nio-8765-exec-5"       daemon [_thread_blocked, id=22868, stack(0x0000003c9b900000,0x0000003c9ba00000) (1024K)]
  0x0000023593efb510 JavaThread "http-nio-8765-exec-6"       daemon [_thread_blocked, id=14404, stack(0x0000003c9ba00000,0x0000003c9bb00000) (1024K)]
  0x0000023593ef8720 JavaThread "http-nio-8765-exec-7"       daemon [_thread_blocked, id=1668, stack(0x0000003c9bb00000,0x0000003c9bc00000) (1024K)]
  0x0000023593ef6650 JavaThread "http-nio-8765-exec-8"       daemon [_thread_blocked, id=2552, stack(0x0000003c9bc00000,0x0000003c9bd00000) (1024K)]
  0x0000023593efa7f0 JavaThread "http-nio-8765-exec-9"       daemon [_thread_blocked, id=22412, stack(0x0000003c9bd00000,0x0000003c9be00000) (1024K)]
  0x0000023593efbba0 JavaThread "http-nio-8765-exec-10"      daemon [_thread_blocked, id=18608, stack(0x0000003c9be00000,0x0000003c9bf00000) (1024K)]
  0x0000023593ef9ad0 JavaThread "http-nio-8765-Poller"       daemon [_thread_in_native, id=1788, stack(0x0000003c9bf00000,0x0000003c9c000000) (1024K)]
  0x0000023593ef9440 JavaThread "http-nio-8765-Acceptor"     daemon [_thread_in_native, id=3520, stack(0x0000003c9c000000,0x0000003c9c100000) (1024K)]
  0x0000023593ef7370 JavaThread "DestroyJavaVM"                     [_thread_blocked, id=13440, stack(0x0000003c99000000,0x0000003c99100000) (1024K)]
  0x0000023593efc230 JavaThread "DiscoveryClient-HeartbeatExecutor-0" daemon [_thread_blocked, id=8100, stack(0x0000003c9c200000,0x0000003c9c300000) (1024K)]
  0x0000023593efc8c0 JavaThread "DiscoveryClient-CacheRefreshExecutor-0" daemon [_thread_blocked, id=14328, stack(0x0000003c9c300000,0x0000003c9c400000) (1024K)]
Total: 34

Other Threads:
  0x000002354c7ed2e0 VMThread "VM Thread"                           [id=4756, stack(0x0000003c99700000,0x0000003c99800000) (1024K)]
  0x000002354c7d4e00 WatcherThread "VM Periodic Task Thread"        [id=8788, stack(0x0000003c99600000,0x0000003c99700000) (1024K)]
  0x000002352ff601c0 WorkerThread "GC Thread#0"                     [id=20212, stack(0x0000003c99100000,0x0000003c99200000) (1024K)]
  0x00000235926d72b0 WorkerThread "GC Thread#1"                     [id=24528, stack(0x0000003c9a300000,0x0000003c9a400000) (1024K)]
  0x00000235926d7650 WorkerThread "GC Thread#2"                     [id=19996, stack(0x0000003c9a400000,0x0000003c9a500000) (1024K)]
  0x00000235927f8b40 WorkerThread "GC Thread#3"                     [id=4692, stack(0x0000003c9a500000,0x0000003c9a600000) (1024K)]
  0x0000023592458dc0 WorkerThread "GC Thread#4"                     [id=18712, stack(0x0000003c9a600000,0x0000003c9a700000) (1024K)]
  0x0000023592a1c590 WorkerThread "GC Thread#5"                     [id=1388, stack(0x0000003c9a700000,0x0000003c9a800000) (1024K)]
  0x000002359358fff0 WorkerThread "GC Thread#6"                     [id=9120, stack(0x0000003c9a900000,0x0000003c9aa00000) (1024K)]
  0x000002359358edd0 WorkerThread "GC Thread#7"                     [id=7956, stack(0x0000003c9aa00000,0x0000003c9ab00000) (1024K)]
  0x000002352ff71670 ConcurrentGCThread "G1 Main Marker"            [id=3344, stack(0x0000003c99200000,0x0000003c99300000) (1024K)]
  0x000002352ff72980 WorkerThread "G1 Conc#0"                       [id=25780, stack(0x0000003c99300000,0x0000003c99400000) (1024K)]
  0x0000023593590730 WorkerThread "G1 Conc#1"                       [id=22336, stack(0x0000003c9ab00000,0x0000003c9ac00000) (1024K)]
  0x000002352ffbe700 ConcurrentGCThread "G1 Refine#0"               [id=20004, stack(0x0000003c99400000,0x0000003c99500000) (1024K)]
  0x000002354c6aa880 ConcurrentGCThread "G1 Service"                [id=5704, stack(0x0000003c99500000,0x0000003c99600000) (1024K)]
Total: 15

Threads with active compile tasks:
C1 CompilerThread0   176777 5922   !   3       java.util.concurrent.ThreadPoolExecutor::getTask (177 bytes)
Total: 1

VM state: not at safepoint (normal execution)

VM Mutex/Monitor currently owned by a thread:  ([mutex/lock_event])
[0x00007ff890af8578] Metaspace_lock - owner thread: 0x000002354c834740

Heap address: 0x0000000082400000, size: 2012 MB, Compressed Oops mode: 32-bit

CDS archive(s) mapped at: [0x000002354d000000-0x000002354dc90000-0x000002354dc90000), size 13172736, SharedBaseAddress: 0x000002354d000000, ArchiveRelocationMode: 1.
Compressed class space mapped at: 0x000002354e000000-0x000002358e000000, reserved size: 1073741824
Narrow klass base: 0x000002354d000000, Narrow klass shift: 0, Narrow klass range: 0x100000000

GC Precious Log:
 CardTable entry size: 512
 Card Set container configuration: InlinePtr #cards 5 size 8 Array Of Cards #cards 12 size 40 Howl #buckets 4 coarsen threshold 1843 Howl Bitmap #cards 512 size 80 coarsen threshold 460 Card regions per heap region 1 cards per card region 2048
 CPUs: 8 total, 8 available
 Memory: 8043M
 Large Page Support: Disabled
 NUMA Support: Disabled
 Compressed Oops: Enabled (32-bit)
 Heap Region Size: 1M
 Heap Min Capacity: 8M
 Heap Initial Capacity: 126M
 Heap Max Capacity: 2012M
 Pre-touch: Disabled
 Parallel Workers: 8
 Concurrent Workers: 2
 Concurrent Refinement Workers: 8
 Periodic GC: Disabled

Heap:
 garbage-first heap   total 58368K, used 41179K [0x0000000082400000, 0x0000000100000000)
  region size 1024K, 20 young (20480K), 4 survivors (4096K)
 Metaspace       used 49118K, committed 49792K, reserved 1114112K
  class space    used 6392K, committed 6720K, reserved 1048576K

Heap Regions: E=young(eden), S=young(survivor), O=old, HS=humongous(starts), HC=humongous(continues), CS=collection set, F=free, TAMS=top-at-mark-start, PB=parsable bottom
|   0|0x0000000082400000, 0x0000000082500000, 0x0000000082500000|100%|HS|  |TAMS 0x0000000082400000| PB 0x0000000082400000| Complete 
|   1|0x0000000082500000, 0x0000000082600000, 0x0000000082600000|100%| O|  |TAMS 0x0000000082500000| PB 0x0000000082500000| Untracked 
|   2|0x0000000082600000, 0x0000000082700000, 0x0000000082700000|100%| O|  |TAMS 0x0000000082600000| PB 0x0000000082600000| Untracked 
|   3|0x0000000082700000, 0x0000000082800000, 0x0000000082800000|100%| O|  |TAMS 0x0000000082700000| PB 0x0000000082700000| Untracked 
|   4|0x0000000082800000, 0x0000000082900000, 0x0000000082900000|100%| O|  |TAMS 0x0000000082800000| PB 0x0000000082800000| Untracked 
|   5|0x0000000082900000, 0x0000000082a00000, 0x0000000082a00000|100%| O|  |TAMS 0x0000000082900000| PB 0x0000000082900000| Untracked 
|   6|0x0000000082a00000, 0x0000000082b00000, 0x0000000082b00000|100%| O|  |TAMS 0x0000000082a00000| PB 0x0000000082a00000| Untracked 
|   7|0x0000000082b00000, 0x0000000082c00000, 0x0000000082c00000|100%| O|  |TAMS 0x0000000082b00000| PB 0x0000000082b00000| Untracked 
|   8|0x0000000082c00000, 0x0000000082d00000, 0x0000000082d00000|100%| O|  |TAMS 0x0000000082c00000| PB 0x0000000082c00000| Untracked 
|   9|0x0000000082d00000, 0x0000000082e00000, 0x0000000082e00000|100%| O|  |TAMS 0x0000000082d00000| PB 0x0000000082d00000| Untracked 
|  10|0x0000000082e00000, 0x0000000082f00000, 0x0000000082f00000|100%| O|  |TAMS 0x0000000082e00000| PB 0x0000000082e00000| Untracked 
|  11|0x0000000082f00000, 0x0000000083000000, 0x0000000083000000|100%| O|  |TAMS 0x0000000082f00000| PB 0x0000000082f00000| Untracked 
|  12|0x0000000083000000, 0x0000000083100000, 0x0000000083100000|100%| O|  |TAMS 0x0000000083000000| PB 0x0000000083000000| Untracked 
|  13|0x0000000083100000, 0x0000000083100000, 0x0000000083200000|  0%| F|  |TAMS 0x0000000083100000| PB 0x0000000083100000| Untracked 
|  14|0x0000000083200000, 0x0000000083300000, 0x0000000083300000|100%| O|  |TAMS 0x0000000083200000| PB 0x0000000083200000| Untracked 
|  15|0x0000000083300000, 0x0000000083400000, 0x0000000083400000|100%| O|  |TAMS 0x0000000083300000| PB 0x0000000083300000| Untracked 
|  16|0x0000000083400000, 0x0000000083500000, 0x0000000083500000|100%| O|  |TAMS 0x0000000083400000| PB 0x0000000083400000| Untracked 
|  17|0x0000000083500000, 0x0000000083600000, 0x0000000083600000|100%| O|  |TAMS 0x0000000083500000| PB 0x0000000083500000| Untracked 
|  18|0x0000000083600000, 0x0000000083700000, 0x0000000083700000|100%| O|  |TAMS 0x0000000083600000| PB 0x0000000083600000| Untracked 
|  19|0x0000000083700000, 0x0000000083800000, 0x0000000083800000|100%| O|  |TAMS 0x0000000083700000| PB 0x0000000083700000| Untracked 
|  20|0x0000000083800000, 0x0000000083900000, 0x0000000083900000|100%| O|  |TAMS 0x0000000083800000| PB 0x0000000083800000| Untracked 
|  21|0x0000000083900000, 0x0000000083a00000, 0x0000000083a00000|100%| O|  |TAMS 0x0000000083900000| PB 0x0000000083900000| Untracked 
|  22|0x0000000083a00000, 0x0000000083a70bf0, 0x0000000083b00000| 44%| O|  |TAMS 0x0000000083a00000| PB 0x0000000083a00000| Untracked 
|  23|0x0000000083b00000, 0x0000000083b00000, 0x0000000083c00000|  0%| F|  |TAMS 0x0000000083b00000| PB 0x0000000083b00000| Untracked 
|  24|0x0000000083c00000, 0x0000000083cc6200, 0x0000000083d00000| 77%| S|CS|TAMS 0x0000000083c00000| PB 0x0000000083c00000| Complete 
|  25|0x0000000083d00000, 0x0000000083d00000, 0x0000000083e00000|  0%| F|  |TAMS 0x0000000083d00000| PB 0x0000000083d00000| Untracked 
|  26|0x0000000083e00000, 0x0000000083e00000, 0x0000000083f00000|  0%| F|  |TAMS 0x0000000083e00000| PB 0x0000000083e00000| Untracked 
|  27|0x0000000083f00000, 0x0000000083f00000, 0x0000000084000000|  0%| F|  |TAMS 0x0000000083f00000| PB 0x0000000083f00000| Untracked 
|  28|0x0000000084000000, 0x0000000084000000, 0x0000000084100000|  0%| F|  |TAMS 0x0000000084000000| PB 0x0000000084000000| Untracked 
|  29|0x0000000084100000, 0x0000000084200000, 0x0000000084200000|100%| S|CS|TAMS 0x0000000084100000| PB 0x0000000084100000| Complete 
|  30|0x0000000084200000, 0x0000000084300000, 0x0000000084300000|100%| S|CS|TAMS 0x0000000084200000| PB 0x0000000084200000| Complete 
|  31|0x0000000084300000, 0x0000000084400000, 0x0000000084400000|100%| S|CS|TAMS 0x0000000084300000| PB 0x0000000084300000| Complete 
|  32|0x0000000084400000, 0x0000000084400000, 0x0000000084500000|  0%| F|  |TAMS 0x0000000084400000| PB 0x0000000084400000| Untracked 
|  33|0x0000000084500000, 0x0000000084500000, 0x0000000084600000|  0%| F|  |TAMS 0x0000000084500000| PB 0x0000000084500000| Untracked 
|  34|0x0000000084600000, 0x0000000084600000, 0x0000000084700000|  0%| F|  |TAMS 0x0000000084600000| PB 0x0000000084600000| Untracked 
|  35|0x0000000084700000, 0x0000000084700000, 0x0000000084800000|  0%| F|  |TAMS 0x0000000084700000| PB 0x0000000084700000| Untracked 
|  36|0x0000000084800000, 0x0000000084800000, 0x0000000084900000|  0%| F|  |TAMS 0x0000000084800000| PB 0x0000000084800000| Untracked 
|  37|0x0000000084900000, 0x0000000084900000, 0x0000000084a00000|  0%| F|  |TAMS 0x0000000084900000| PB 0x0000000084900000| Untracked 
|  38|0x0000000084a00000, 0x0000000084a00000, 0x0000000084b00000|  0%| F|  |TAMS 0x0000000084a00000| PB 0x0000000084a00000| Untracked 
|  39|0x0000000084b00000, 0x0000000084b00000, 0x0000000084c00000|  0%| F|  |TAMS 0x0000000084b00000| PB 0x0000000084b00000| Untracked 
|  40|0x0000000084c00000, 0x0000000084c00000, 0x0000000084d00000|  0%| F|  |TAMS 0x0000000084c00000| PB 0x0000000084c00000| Untracked 
|  41|0x0000000084d00000, 0x0000000084d87ba0, 0x0000000084e00000| 53%| E|  |TAMS 0x0000000084d00000| PB 0x0000000084d00000| Complete 
|  42|0x0000000084e00000, 0x0000000084f00000, 0x0000000084f00000|100%| E|CS|TAMS 0x0000000084e00000| PB 0x0000000084e00000| Complete 
|  43|0x0000000084f00000, 0x0000000085000000, 0x0000000085000000|100%| E|CS|TAMS 0x0000000084f00000| PB 0x0000000084f00000| Complete 
|  44|0x0000000085000000, 0x0000000085100000, 0x0000000085100000|100%| E|CS|TAMS 0x0000000085000000| PB 0x0000000085000000| Complete 
|  45|0x0000000085100000, 0x0000000085200000, 0x0000000085200000|100%| E|CS|TAMS 0x0000000085100000| PB 0x0000000085100000| Complete 
|  46|0x0000000085200000, 0x0000000085300000, 0x0000000085300000|100%| E|CS|TAMS 0x0000000085200000| PB 0x0000000085200000| Complete 
|  47|0x0000000085300000, 0x0000000085400000, 0x0000000085400000|100%| E|CS|TAMS 0x0000000085300000| PB 0x0000000085300000| Complete 
|  76|0x0000000087000000, 0x0000000087100000, 0x0000000087100000|100%| E|CS|TAMS 0x0000000087000000| PB 0x0000000087000000| Complete 
|  77|0x0000000087100000, 0x0000000087200000, 0x0000000087200000|100%| E|CS|TAMS 0x0000000087100000| PB 0x0000000087100000| Complete 
|  78|0x0000000087200000, 0x0000000087300000, 0x0000000087300000|100%| E|CS|TAMS 0x0000000087200000| PB 0x0000000087200000| Complete 
|  79|0x0000000087300000, 0x0000000087400000, 0x0000000087400000|100%| E|CS|TAMS 0x0000000087300000| PB 0x0000000087300000| Complete 
|  80|0x0000000087400000, 0x0000000087500000, 0x0000000087500000|100%| E|CS|TAMS 0x0000000087400000| PB 0x0000000087400000| Complete 
|  81|0x0000000087500000, 0x0000000087600000, 0x0000000087600000|100%| E|CS|TAMS 0x0000000087500000| PB 0x0000000087500000| Complete 
|  82|0x0000000087600000, 0x0000000087700000, 0x0000000087700000|100%| E|CS|TAMS 0x0000000087600000| PB 0x0000000087600000| Complete 
| 124|0x000000008a000000, 0x000000008a100000, 0x000000008a100000|100%| E|CS|TAMS 0x000000008a000000| PB 0x000000008a000000| Complete 
| 125|0x000000008a100000, 0x000000008a200000, 0x000000008a200000|100%| E|CS|TAMS 0x000000008a100000| PB 0x000000008a100000| Complete 

Card table byte_map: [0x0000023547a70000,0x0000023547e60000] _byte_map_base: 0x000002354765e000

Marking Bits: (CMBitMap*) 0x000002352ff608c0
 Bits: [0x0000023547e60000, 0x0000023549dd0000)

Polling page: 0x000002352f6c0000

Metaspace:

Usage:
  Non-class:     41.72 MB used.
      Class:      6.24 MB used.
       Both:     47.97 MB used.

Virtual space:
  Non-class space:       64.00 MB reserved,      42.06 MB ( 66%) committed,  1 nodes.
      Class space:        1.00 GB reserved,       6.56 MB ( <1%) committed,  1 nodes.
             Both:        1.06 GB reserved,      48.62 MB (  4%) committed. 

Chunk freelists:
   Non-Class:  5.41 MB
       Class:  9.45 MB
        Both:  14.85 MB

MaxMetaspaceSize: unlimited
CompressedClassSpaceSize: 1.00 GB
Initial GC threshold: 21.00 MB
Current GC threshold: 58.69 MB
CDS: on
 - commit_granule_bytes: 65536.
 - commit_granule_words: 8192.
 - virtual_space_node_default_size: 8388608.
 - enlarge_chunks_in_place: 1.
 - use_allocation_guard: 0.


Internal statistics:

num_allocs_failed_limit: 6.
num_arena_births: 946.
num_arena_deaths: 0.
num_vsnodes_births: 2.
num_vsnodes_deaths: 0.
num_space_committed: 778.
num_space_uncommitted: 0.
num_chunks_returned_to_freelist: 6.
num_chunks_taken_from_freelist: 2673.
num_chunk_merges: 3.
num_chunk_splits: 1815.
num_chunks_enlarged: 1339.
num_inconsistent_stats: 0.

CodeHeap 'non-profiled nmethods': size=120000Kb used=3139Kb max_used=3139Kb free=116860Kb
 bounds [0x000002353fe20000, 0x0000023540140000, 0x0000023547350000]
CodeHeap 'profiled nmethods': size=120000Kb used=11736Kb max_used=11736Kb free=108264Kb
 bounds [0x0000023538350000, 0x0000023538ed0000, 0x000002353f880000]
CodeHeap 'non-nmethods': size=5760Kb used=1578Kb max_used=1633Kb free=4181Kb
 bounds [0x000002353f880000, 0x000002353faf0000, 0x000002353fe20000]
 total_blobs=6227 nmethods=5590 adapters=541
 compilation: enabled
              stopped_count=0, restarted_count=0
 full_count=0

Compilation events (20 events):
Event: 159.729 Thread 0x000002354c834740 nmethod 5912 0x0000023538ec1590 code [0x0000023538ec1720, 0x0000023538ec1890]
Event: 163.579 Thread 0x000002354c834740 5913       1       org.apache.catalina.LifecycleState::isAvailable (5 bytes)
Event: 163.580 Thread 0x000002354c834740 nmethod 5913 0x0000023540130890 code [0x0000023540130a20, 0x0000023540130af0]
Event: 173.471 Thread 0x000002354c834740 5914       3       java.util.concurrent.ThreadPoolExecutor$Worker::unlock (7 bytes)
Event: 173.471 Thread 0x000002354c834740 nmethod 5914 0x0000023538ec1910 code [0x0000023538ec1ae0, 0x0000023538ec1d50]
Event: 173.471 Thread 0x000002354c834740 5915       3       java.util.concurrent.ThreadPoolExecutor$Worker::tryRelease (12 bytes)
Event: 173.471 Thread 0x000002354c834740 nmethod 5915 0x0000023538ec1e90 code [0x0000023538ec2040, 0x0000023538ec21b8]
Event: 173.581 Thread 0x000002354c834740 5916       3       java.util.concurrent.locks.AbstractQueuedSynchronizer::releaseShared (19 bytes)
Event: 173.581 Thread 0x000002354c834740 nmethod 5916 0x0000023538ec2290 code [0x0000023538ec24a0, 0x0000023538ec2b00]
Event: 173.581 Thread 0x000002354c834740 5917       3       java.util.concurrent.locks.ReentrantReadWriteLock$Sync::tryAcquireShared (177 bytes)
Event: 173.582 Thread 0x000002354c834740 nmethod 5917 0x0000023538ec2d10 code [0x0000023538ec2fc0, 0x0000023538ec3ed8]
Event: 173.582 Thread 0x000002354c834740 5919       3       java.util.concurrent.locks.ReentrantReadWriteLock$ReadLock::unlock (10 bytes)
Event: 173.583 Thread 0x000002354c834740 nmethod 5919 0x0000023538ec4390 code [0x0000023538ec4560, 0x0000023538ec4840]
Event: 173.583 Thread 0x000002354c834740 5920       3       java.util.concurrent.locks.ReentrantReadWriteLock$Sync::tryReleaseShared (146 bytes)
Event: 173.584 Thread 0x000002354c834740 nmethod 5920 0x0000023538ec4990 code [0x0000023538ec4c00, 0x0000023538ec5838]
Event: 173.584 Thread 0x000002354c834740 5918       3       java.util.concurrent.locks.ReentrantReadWriteLock$Sync::sharedCount (5 bytes)
Event: 173.584 Thread 0x000002354c834740 nmethod 5918 0x0000023538ec5d10 code [0x0000023538ec5ea0, 0x0000023538ec5f90]
Event: 173.737 Thread 0x000002354c822270 5921       4       jdk.internal.misc.Unsafe::putReferenceOpaque (9 bytes)
Event: 173.739 Thread 0x000002354c822270 nmethod 5921 0x0000023540130b90 code [0x0000023540130d20, 0x0000023540130e98]
Event: 176.737 Thread 0x000002354c834740 5922   !   3       java.util.concurrent.ThreadPoolExecutor::getTask (177 bytes)

GC Heap History (16 events):
Event: 0.856 GC heap before
{Heap before GC invocations=0 (full 0):
 garbage-first heap   total 129024K, used 24576K [0x0000000082400000, 0x0000000100000000)
  region size 1024K, 23 young (23552K), 0 survivors (0K)
 Metaspace       used 6188K, committed 6336K, reserved 1114112K
  class space    used 715K, committed 768K, reserved 1048576K
}
Event: 0.861 GC heap after
{Heap after GC invocations=1 (full 0):
 garbage-first heap   total 129024K, used 7807K [0x0000000082400000, 0x0000000100000000)
  region size 1024K, 3 young (3072K), 3 survivors (3072K)
 Metaspace       used 6188K, committed 6336K, reserved 1114112K
  class space    used 715K, committed 768K, reserved 1048576K
}
Event: 1.384 GC heap before
{Heap before GC invocations=1 (full 0):
 garbage-first heap   total 129024K, used 35455K [0x0000000082400000, 0x0000000100000000)
  region size 1024K, 31 young (31744K), 3 survivors (3072K)
 Metaspace       used 12702K, committed 12992K, reserved 1114112K
  class space    used 1695K, committed 1792K, reserved 1048576K
}
Event: 1.390 GC heap after
{Heap after GC invocations=2 (full 0):
 garbage-first heap   total 129024K, used 10170K [0x0000000082400000, 0x0000000100000000)
  region size 1024K, 3 young (3072K), 3 survivors (3072K)
 Metaspace       used 12702K, committed 12992K, reserved 1114112K
  class space    used 1695K, committed 1792K, reserved 1048576K
}
Event: 2.006 GC heap before
{Heap before GC invocations=2 (full 0):
 garbage-first heap   total 129024K, used 50106K [0x0000000082400000, 0x0000000100000000)
  region size 1024K, 43 young (44032K), 3 survivors (3072K)
 Metaspace       used 21211K, committed 21504K, reserved 1114112K
  class space    used 2679K, committed 2816K, reserved 1048576K
}
Event: 2.016 GC heap after
{Heap after GC invocations=3 (full 0):
 garbage-first heap   total 129024K, used 14414K [0x0000000082400000, 0x0000000100000000)
  region size 1024K, 7 young (7168K), 7 survivors (7168K)
 Metaspace       used 21211K, committed 21504K, reserved 1114112K
  class space    used 2679K, committed 2816K, reserved 1048576K
}
Event: 2.821 GC heap before
{Heap before GC invocations=4 (full 0):
 garbage-first heap   total 58368K, used 42062K [0x0000000082400000, 0x0000000100000000)
  region size 1024K, 34 young (34816K), 7 survivors (7168K)
 Metaspace       used 24562K, committed 24960K, reserved 1114112K
  class space    used 3142K, committed 3328K, reserved 1048576K
}
Event: 2.834 GC heap after
{Heap after GC invocations=5 (full 0):
 garbage-first heap   total 58368K, used 16306K [0x0000000082400000, 0x0000000100000000)
  region size 1024K, 3 young (3072K), 3 survivors (3072K)
 Metaspace       used 24562K, committed 24960K, reserved 1114112K
  class space    used 3142K, committed 3328K, reserved 1048576K
}
Event: 3.635 GC heap before
{Heap before GC invocations=5 (full 0):
 garbage-first heap   total 58368K, used 43954K [0x0000000082400000, 0x0000000100000000)
  region size 1024K, 30 young (30720K), 3 survivors (3072K)
 Metaspace       used 31305K, committed 31808K, reserved 1114112K
  class space    used 4030K, committed 4224K, reserved 1048576K
}
Event: 3.641 GC heap after
{Heap after GC invocations=6 (full 0):
 garbage-first heap   total 58368K, used 18947K [0x0000000082400000, 0x0000000100000000)
  region size 1024K, 3 young (3072K), 3 survivors (3072K)
 Metaspace       used 31305K, committed 31808K, reserved 1114112K
  class space    used 4030K, committed 4224K, reserved 1048576K
}
Event: 4.084 GC heap before
{Heap before GC invocations=6 (full 0):
 garbage-first heap   total 58368K, used 39427K [0x0000000082400000, 0x0000000100000000)
  region size 1024K, 24 young (24576K), 3 survivors (3072K)
 Metaspace       used 35441K, committed 35968K, reserved 1114112K
  class space    used 4558K, committed 4800K, reserved 1048576K
}
Event: 4.088 GC heap after
{Heap after GC invocations=7 (full 0):
 garbage-first heap   total 58368K, used 20918K [0x0000000082400000, 0x0000000100000000)
  region size 1024K, 2 young (2048K), 2 survivors (2048K)
 Metaspace       used 35441K, committed 35968K, reserved 1114112K
  class space    used 4558K, committed 4800K, reserved 1048576K
}
Event: 4.744 GC heap before
{Heap before GC invocations=8 (full 0):
 garbage-first heap   total 58368K, used 47542K [0x0000000082400000, 0x0000000100000000)
  region size 1024K, 28 young (28672K), 2 survivors (2048K)
 Metaspace       used 39019K, committed 39616K, reserved 1114112K
  class space    used 5126K, committed 5376K, reserved 1048576K
}
Event: 4.748 GC heap after
{Heap after GC invocations=9 (full 0):
 garbage-first heap   total 58368K, used 22854K [0x0000000082400000, 0x0000000100000000)
  region size 1024K, 4 young (4096K), 4 survivors (4096K)
 Metaspace       used 39019K, committed 39616K, reserved 1114112K
  class space    used 5126K, committed 5376K, reserved 1048576K
}
Event: 5.369 GC heap before
{Heap before GC invocations=9 (full 0):
 garbage-first heap   total 58368K, used 48454K [0x0000000082400000, 0x0000000100000000)
  region size 1024K, 29 young (29696K), 4 survivors (4096K)
 Metaspace       used 45702K, committed 46336K, reserved 1114112K
  class space    used 5970K, committed 6272K, reserved 1048576K
}
Event: 5.376 GC heap after
{Heap after GC invocations=10 (full 0):
 garbage-first heap   total 58368K, used 25819K [0x0000000082400000, 0x0000000100000000)
  region size 1024K, 4 young (4096K), 4 survivors (4096K)
 Metaspace       used 45702K, committed 46336K, reserved 1114112K
  class space    used 5970K, committed 6272K, reserved 1048576K
}

Dll operation events (11 events):
Event: 0.017 Loaded shared library C:\Program Files\Java\jdk-21\bin\java.dll
Event: 0.060 Loaded shared library C:\Program Files\Java\jdk-21\bin\jsvml.dll
Event: 0.180 Loaded shared library C:\Program Files\Java\jdk-21\bin\net.dll
Event: 0.182 Loaded shared library C:\Program Files\Java\jdk-21\bin\nio.dll
Event: 0.185 Loaded shared library C:\Program Files\Java\jdk-21\bin\zip.dll
Event: 0.334 Loaded shared library C:\Program Files\Java\jdk-21\bin\jimage.dll
Event: 1.997 Loaded shared library C:\Program Files\Java\jdk-21\bin\sunmscapi.dll
Event: 4.869 Loaded shared library C:\Program Files\Java\jdk-21\bin\management.dll
Event: 4.884 Loaded shared library C:\Program Files\Java\jdk-21\bin\management_ext.dll
Event: 5.320 Loaded shared library C:\Program Files\Java\jdk-21\bin\verify.dll
Event: 5.477 Loaded shared library C:\Program Files\Java\jdk-21\bin\extnet.dll

Deoptimization events (20 events):
Event: 5.725 Thread 0x000002352ff0b700 DEOPT PACKING pc=0x000002353feb6714 sp=0x0000003c990fdcd0
Event: 5.725 Thread 0x000002352ff0b700 DEOPT UNPACKING pc=0x000002353f8d46a2 sp=0x0000003c990fdc60 mode 2
Event: 5.756 Thread 0x000002352ff0b700 DEOPT PACKING pc=0x0000023538aa0457 sp=0x0000003c990fe5b0
Event: 5.756 Thread 0x000002352ff0b700 DEOPT UNPACKING pc=0x000002353f8d4e42 sp=0x0000003c990fdb50 mode 0
Event: 35.640 Thread 0x0000023593efc8c0 Uncommon trap: trap_request=0xffffffde fr.pc=0x000002353ff86554 relative=0x0000000000001af4
Event: 35.640 Thread 0x0000023593efc8c0 Uncommon trap: reason=class_check action=maybe_recompile pc=0x000002353ff86554 method=java.util.zip.InflaterInputStream.read([BII)I @ 78 c2
Event: 35.640 Thread 0x0000023593efc8c0 DEOPT PACKING pc=0x000002353ff86554 sp=0x0000003c9c3fe420
Event: 35.640 Thread 0x0000023593efc8c0 DEOPT UNPACKING pc=0x000002353f8d46a2 sp=0x0000003c9c3fe480 mode 2
Event: 35.645 Thread 0x0000023593efc8c0 Uncommon trap: trap_request=0xfffffff4 fr.pc=0x000002354003fe2c relative=0x000000000000036c
Event: 35.645 Thread 0x0000023593efc8c0 Uncommon trap: reason=null_check action=make_not_entrant pc=0x000002354003fe2c method=sun.invoke.util.VerifyType.isNullConversion(Ljava/lang/Class;Ljava/lang/Class;Z)Z @ 67 c2
Event: 35.645 Thread 0x0000023593efc8c0 DEOPT PACKING pc=0x000002354003fe2c sp=0x0000003c9c3fce30
Event: 35.645 Thread 0x0000023593efc8c0 DEOPT UNPACKING pc=0x000002353f8d46a2 sp=0x0000003c9c3fcdb0 mode 2
Event: 65.730 Thread 0x0000023593efc8c0 Uncommon trap: trap_request=0xffffffde fr.pc=0x000002353ff86554 relative=0x0000000000001af4
Event: 65.730 Thread 0x0000023593efc8c0 Uncommon trap: reason=class_check action=maybe_recompile pc=0x000002353ff86554 method=java.util.zip.InflaterInputStream.read([BII)I @ 78 c2
Event: 65.730 Thread 0x0000023593efc8c0 DEOPT PACKING pc=0x000002353ff86554 sp=0x0000003c9c3fe410
Event: 65.730 Thread 0x0000023593efc8c0 DEOPT UNPACKING pc=0x000002353f8d46a2 sp=0x0000003c9c3fe470 mode 2
Event: 65.731 Thread 0x0000023593efc8c0 Uncommon trap: trap_request=0xffffffde fr.pc=0x000002353ff86554 relative=0x0000000000001af4
Event: 65.731 Thread 0x0000023593efc8c0 Uncommon trap: reason=class_check action=maybe_recompile pc=0x000002353ff86554 method=java.util.zip.InflaterInputStream.read([BII)I @ 78 c2
Event: 65.731 Thread 0x0000023593efc8c0 DEOPT PACKING pc=0x000002353ff86554 sp=0x0000003c9c3fd1d0
Event: 65.731 Thread 0x0000023593efc8c0 DEOPT UNPACKING pc=0x000002353f8d46a2 sp=0x0000003c9c3fd230 mode 2

Classes loaded (20 events):
Event: 5.718 Loading class java/nio/channels/Pipe$SourceChannel done
Event: 5.718 Loading class sun/nio/ch/SourceChannelImpl done
Event: 5.718 Loading class sun/nio/ch/SinkChannelImpl
Event: 5.718 Loading class java/nio/channels/Pipe$SinkChannel
Event: 5.718 Loading class java/nio/channels/Pipe$SinkChannel done
Event: 5.718 Loading class sun/nio/ch/SinkChannelImpl done
Event: 5.720 Loading class java/nio/channels/spi/AbstractSelector$1
Event: 5.720 Loading class java/nio/channels/spi/AbstractSelector$1 done
Event: 5.722 Loading class java/util/TreeMap$ValueSpliterator
Event: 5.722 Loading class java/util/TreeMap$TreeMapSpliterator
Event: 5.722 Loading class java/util/TreeMap$TreeMapSpliterator done
Event: 5.722 Loading class java/util/TreeMap$ValueSpliterator done
Event: 5.763 Loading class java/util/IdentityHashMap$KeySpliterator
Event: 5.763 Loading class java/util/IdentityHashMap$IdentityHashMapSpliterator
Event: 5.763 Loading class java/util/IdentityHashMap$IdentityHashMapSpliterator done
Event: 5.763 Loading class java/util/IdentityHashMap$KeySpliterator done
Event: 35.672 Loading class java/lang/invoke/BoundMethodHandle$Species_LLLLLLLLLL
Event: 35.672 Loading class java/lang/invoke/BoundMethodHandle$Species_LLLLLLLLLL done
Event: 35.674 Loading class java/lang/invoke/BoundMethodHandle$Species_LLLLLLLLLLL
Event: 35.674 Loading class java/lang/invoke/BoundMethodHandle$Species_LLLLLLLLLLL done

Classes unloaded (0 events):
No events

Classes redefined (0 events):
No events

Internal exceptions (20 events):
Event: 4.329 Thread 0x000002352ff0b700 Exception <a 'java/lang/NoSuchMethodError'{0x0000000087131858}: 'int java.lang.invoke.DirectMethodHandle$Holder.invokeStaticInit(java.lang.Object)'> (0x0000000087131858) 
thrown [s\open\src\hotspot\share\interpreter\linkResolver.cpp, line 773]
Event: 4.458 Thread 0x000002352ff0b700 Exception <a 'java/lang/IncompatibleClassChangeError'{0x0000000084f8dc60}: Found class java.lang.Object, but interface was expected> (0x0000000084f8dc60) 
thrown [s\open\src\hotspot\share\interpreter\linkResolver.cpp, line 840]
Event: 4.495 Thread 0x000002352ff0b700 Exception <a 'java/lang/IncompatibleClassChangeError'{0x0000000084eb1910}: Found class java.lang.Object, but interface was expected> (0x0000000084eb1910) 
thrown [s\open\src\hotspot\share\interpreter\linkResolver.cpp, line 840]
Event: 4.534 Thread 0x000002352ff0b700 Exception <a 'java/lang/IncompatibleClassChangeError'{0x0000000084c12728}: Found class java.lang.Object, but interface was expected> (0x0000000084c12728) 
thrown [s\open\src\hotspot\share\interpreter\linkResolver.cpp, line 840]
Event: 4.582 Thread 0x000002352ff0b700 Exception <a 'java/lang/IncompatibleClassChangeError'{0x0000000084a495e8}: Found class java.lang.Object, but interface was expected> (0x0000000084a495e8) 
thrown [s\open\src\hotspot\share\interpreter\linkResolver.cpp, line 840]
Event: 4.693 Thread 0x000002352ff0b700 Exception <a 'java/lang/IncompatibleClassChangeError'{0x00000000843081f8}: Found class java.lang.Object, but interface was expected> (0x00000000843081f8) 
thrown [s\open\src\hotspot\share\interpreter\linkResolver.cpp, line 840]
Event: 4.807 Thread 0x000002352ff0b700 Exception <a 'java/lang/NoSuchMethodError'{0x00000000876ef3f8}: 'java.lang.Object java.lang.invoke.DirectMethodHandle$Holder.newInvokeSpecial(java.lang.Object, java.lang.Object, int, java.lang.Object, java.lang.Object)'> (0x00000000876ef3f8) 
thrown [s\open\src\hotspot\share\interpreter\linkResolver.cpp, line 773]
Event: 4.808 Thread 0x000002352ff0b700 Exception <a 'java/lang/NoSuchMethodError'{0x00000000876fa2a8}: 'java.lang.Object java.lang.invoke.DirectMethodHandle$Holder.invokeSpecial(java.lang.Object, java.lang.Object, int, java.lang.Object, int, java.lang.Object)'> (0x00000000876fa2a8) 
thrown [s\open\src\hotspot\share\interpreter\linkResolver.cpp, line 773]
Event: 4.808 Thread 0x000002352ff0b700 Exception <a 'java/lang/NoSuchMethodError'{0x0000000087501908}: 'java.lang.Object java.lang.invoke.DirectMethodHandle$Holder.newInvokeSpecial(java.lang.Object, java.lang.Object, int, java.lang.Object, int)'> (0x0000000087501908) 
thrown [s\open\src\hotspot\share\interpreter\linkResolver.cpp, line 773]
Event: 4.809 Thread 0x000002352ff0b700 Exception <a 'java/lang/NoSuchMethodError'{0x0000000087505778}: 'java.lang.Object java.lang.invoke.DirectMethodHandle$Holder.invokeSpecial(java.lang.Object, java.lang.Object, java.lang.Object, int, java.lang.Object, int)'> (0x0000000087505778) 
thrown [s\open\src\hotspot\share\interpreter\linkResolver.cpp, line 773]
Event: 4.890 Thread 0x000002352ff0b700 Exception <a 'java/lang/IncompatibleClassChangeError'{0x00000000873062d8}: Found class java.lang.Object, but interface was expected> (0x00000000873062d8) 
thrown [s\open\src\hotspot\share\interpreter\linkResolver.cpp, line 840]
Event: 4.926 Thread 0x000002352ff0b700 Implicit null exception at 0x000002353ff71881 to 0x000002353ff71b60
Event: 5.070 Thread 0x000002352ff0b700 Exception <a 'sun/nio/fs/WindowsException'{0x000000008513a818}> (0x000000008513a818) 
thrown [s\open\src\hotspot\share\prims\jni.cpp, line 520]
Event: 35.645 Thread 0x0000023593efc8c0 Implicit null exception at 0x000002354003fb97 to 0x000002354003fe18
Event: 35.661 Thread 0x0000023593efc8c0 Exception <a 'java/lang/NoSuchMethodError'{0x0000000084f20f28}: 'long java.lang.invoke.DirectMethodHandle$Holder.invokeStatic(java.lang.Object, java.lang.Object, int)'> (0x0000000084f20f28) 
thrown [s\open\src\hotspot\share\interpreter\linkResolver.cpp, line 773]
Event: 35.664 Thread 0x0000023593efc8c0 Exception <a 'java/lang/NoSuchMethodError'{0x0000000084f2b4b8}: 'java.lang.Object java.lang.invoke.DelegatingMethodHandle$Holder.reinvoke_L(java.lang.Object, int, int, long, java.lang.Object, long, long, long)'> (0x0000000084f2b4b8) 
thrown [s\open\src\hotspot\share\interpreter\linkResolver.cpp, line 773]
Event: 35.667 Thread 0x0000023593efc8c0 Exception <a 'java/lang/NoSuchMethodError'{0x0000000084f92a60}: 'java.lang.Object java.lang.invoke.DelegatingMethodHandle$Holder.reinvoke_L(java.lang.Object, java.lang.Object, java.lang.Object, java.lang.Object, java.lang.Object, java.lang.Object, java.lang.Object, java.lang.Object, java.lang.Object, java.lang.Object, java.lang.Object, java.lang.Object, java.lang.Object, java.lang.Object, int, java.lang.Object, java.lang.Object, java.lang.Object, java.lang.Object, java.lang.Object, java.lang.Object, java.l
Event: 35.673 Thread 0x0000023593efc8c0 Exception <a 'java/lang/NoSuchMethodError'{0x0000000084fe3b48}: 'java.lang.Object java.lang.invoke.DirectMethodHandle$Holder.invokeStatic(java.lang.Object, java.lang.Object, java.lang.Object, java.lang.Object, java.lang.Object, java.lang.Object, java.lang.Object, java.lang.Object, java.lang.Object, java.lang.Object, java.lang.Object, java.lang.Object, java.lang.Object)'> (0x0000000084fe3b48) 
thrown [s\open\src\hotspot\share\interpreter\linkResolver.cpp, line 773]
Event: 35.675 Thread 0x0000023593efc8c0 Exception <a 'java/lang/NoSuchMethodError'{0x0000000084e05220}: 'java.lang.Object java.lang.invoke.DirectMethodHandle$Holder.invokeStatic(java.lang.Object, java.lang.Object, java.lang.Object, java.lang.Object, java.lang.Object, java.lang.Object, java.lang.Object, java.lang.Object, java.lang.Object, java.lang.Object, java.lang.Object, java.lang.Object, java.lang.Object, java.lang.Object)'> (0x0000000084e05220) 
thrown [s\open\src\hotspot\share\interpreter\linkResolver.cpp, line 773]
Event: 35.677 Thread 0x0000023593efc8c0 Exception <a 'java/lang/NoSuchMethodError'{0x0000000084e1adc0}: 'java.lang.Object java.lang.invoke.DelegatingMethodHandle$Holder.reinvoke_L(java.lang.Object, java.lang.Object, java.lang.Object, java.lang.Object, java.lang.Object, java.lang.Object, java.lang.Object, java.lang.Object, java.lang.Object, java.lang.Object, java.lang.Object, java.lang.Object, java.lang.Object, java.lang.Object, java.lang.Object, java.lang.Object, java.lang.Object, java.lang.Object, java.lang.Object, java.lang.Object, java.lang.O

ZGC Phase Switch (0 events):
No events

VM Operations (20 events):
Event: 36.015 Executing VM operation: Cleanup
Event: 36.015 Executing VM operation: Cleanup done
Event: 39.049 Executing VM operation: Cleanup
Event: 39.049 Executing VM operation: Cleanup done
Event: 60.185 Executing VM operation: HandshakeAllThreads (HandshakeForDeflation)
Event: 60.185 Executing VM operation: HandshakeAllThreads (HandshakeForDeflation) done
Event: 60.185 Executing VM operation: RendezvousGCThreads
Event: 60.185 Executing VM operation: RendezvousGCThreads done
Event: 66.238 Executing VM operation: Cleanup
Event: 66.238 Executing VM operation: Cleanup done
Event: 96.498 Executing VM operation: Cleanup
Event: 96.498 Executing VM operation: Cleanup done
Event: 113.618 Executing VM operation: Cleanup
Event: 113.618 Executing VM operation: Cleanup done
Event: 126.760 Executing VM operation: Cleanup
Event: 126.760 Executing VM operation: Cleanup done
Event: 156.038 Executing VM operation: Cleanup
Event: 156.038 Executing VM operation: Cleanup done
Event: 174.200 Executing VM operation: Cleanup
Event: 174.200 Executing VM operation: Cleanup done

Events (20 events):
Event: 5.598 Thread 0x0000023594e03bb0 Thread added: 0x0000023594e03bb0
Event: 5.601 Thread 0x0000023594e04240 Thread added: 0x0000023594e04240
Event: 5.644 Thread 0x0000023592fd5a60 Thread added: 0x0000023592fd5a60
Event: 5.703 Thread 0x0000023594e00dc0 Thread added: 0x0000023594e00dc0
Event: 5.703 Thread 0x0000023594e01450 Thread added: 0x0000023594e01450
Event: 5.703 Thread 0x0000023594e01ae0 Thread added: 0x0000023594e01ae0
Event: 5.703 Thread 0x0000023594e02170 Thread added: 0x0000023594e02170
Event: 5.703 Thread 0x0000023594e02800 Thread added: 0x0000023594e02800
Event: 5.703 Thread 0x0000023593efb510 Thread added: 0x0000023593efb510
Event: 5.704 Thread 0x0000023593ef8720 Thread added: 0x0000023593ef8720
Event: 5.704 Thread 0x0000023593ef6650 Thread added: 0x0000023593ef6650
Event: 5.704 Thread 0x0000023593efa7f0 Thread added: 0x0000023593efa7f0
Event: 5.704 Thread 0x0000023593efbba0 Thread added: 0x0000023593efbba0
Event: 5.720 Thread 0x0000023593ef9ad0 Thread added: 0x0000023593ef9ad0
Event: 5.721 Thread 0x0000023593ef9440 Thread added: 0x0000023593ef9440
Event: 5.766 Thread 0x000002352ff0b700 Thread exited: 0x000002352ff0b700
Event: 5.766 Thread 0x0000023593ef7370 Thread added: 0x0000023593ef7370
Event: 10.861 Thread 0x0000023592fd5a60 Thread exited: 0x0000023592fd5a60
Event: 35.612 Thread 0x0000023593efc230 Thread added: 0x0000023593efc230
Event: 35.612 Thread 0x0000023593efc8c0 Thread added: 0x0000023593efc8c0


Dynamic libraries:
0x00007ff70fbf0000 - 0x00007ff70fc00000 	C:\Program Files\Java\jdk-21\bin\javaw.exe
0x00007ff903d50000 - 0x00007ff903f67000 	C:\WINDOWS\SYSTEM32\ntdll.dll
0x00007ff9029a0000 - 0x00007ff902a64000 	C:\WINDOWS\System32\KERNEL32.DLL
0x00007ff901430000 - 0x00007ff9017d6000 	C:\WINDOWS\System32\KERNELBASE.dll
0x00007ff901980000 - 0x00007ff901a91000 	C:\WINDOWS\System32\ucrtbase.dll
0x00007ff8f68e0000 - 0x00007ff8f68f9000 	C:\Program Files\Java\jdk-21\bin\jli.dll
0x00007ff8f6860000 - 0x00007ff8f687b000 	C:\Program Files\Java\jdk-21\bin\VCRUNTIME140.dll
0x00007ff903020000 - 0x00007ff9030d3000 	C:\WINDOWS\System32\ADVAPI32.dll
0x00007ff902ce0000 - 0x00007ff902d87000 	C:\WINDOWS\System32\msvcrt.dll
0x00007ff902f70000 - 0x00007ff903018000 	C:\WINDOWS\System32\sechost.dll
0x00007ff901400000 - 0x00007ff901428000 	C:\WINDOWS\System32\bcrypt.dll
0x00007ff903bf0000 - 0x00007ff903d07000 	C:\WINDOWS\System32\RPCRT4.dll
0x00007ff902340000 - 0x00007ff9024ee000 	C:\WINDOWS\System32\USER32.dll
0x00007ff901090000 - 0x00007ff9010b6000 	C:\WINDOWS\System32\win32u.dll
0x00007ff9024f0000 - 0x00007ff902519000 	C:\WINDOWS\System32\GDI32.dll
0x00007ff8f48d0000 - 0x00007ff8f4b63000 	C:\WINDOWS\WinSxS\amd64_microsoft.windows.common-controls_6595b64144ccf1df_6.0.22621.2506_none_270c5ae97388e100\COMCTL32.dll
0x00007ff901860000 - 0x00007ff901978000 	C:\WINDOWS\System32\gdi32full.dll
0x00007ff9012f0000 - 0x00007ff90138a000 	C:\WINDOWS\System32\msvcp_win.dll
0x00007ff8fb540000 - 0x00007ff8fb54a000 	C:\WINDOWS\SYSTEM32\VERSION.dll
0x00007ff903700000 - 0x00007ff903731000 	C:\WINDOWS\System32\IMM32.DLL
0x00007ff8fc070000 - 0x00007ff8fc07c000 	C:\Program Files\Java\jdk-21\bin\vcruntime140_1.dll
0x00007ff8dfd80000 - 0x00007ff8dfe0e000 	C:\Program Files\Java\jdk-21\bin\msvcp140.dll
0x00007ff88fec0000 - 0x00007ff890bd5000 	C:\Program Files\Java\jdk-21\bin\server\jvm.dll
0x00007ff902b80000 - 0x00007ff902bf1000 	C:\WINDOWS\System32\WS2_32.dll
0x00007ff900f60000 - 0x00007ff900fad000 	C:\WINDOWS\SYSTEM32\POWRPROF.dll
0x00007ff8fb0e0000 - 0x00007ff8fb114000 	C:\WINDOWS\SYSTEM32\WINMM.dll
0x00007ff900e90000 - 0x00007ff900ea3000 	C:\WINDOWS\SYSTEM32\UMPDC.dll
0x00007ff9000c0000 - 0x00007ff9000d8000 	C:\WINDOWS\SYSTEM32\kernel.appcore.dll
0x00007ff8fb950000 - 0x00007ff8fb95a000 	C:\Program Files\Java\jdk-21\bin\jimage.dll
0x00007ff8fe8e0000 - 0x00007ff8feb13000 	C:\WINDOWS\SYSTEM32\DBGHELP.DLL
0x00007ff903740000 - 0x00007ff903ac9000 	C:\WINDOWS\System32\combase.dll
0x00007ff902c00000 - 0x00007ff902cd7000 	C:\WINDOWS\System32\OLEAUT32.dll
0x00007ff8fa1e0000 - 0x00007ff8fa212000 	C:\WINDOWS\SYSTEM32\dbgcore.DLL
0x00007ff9017e0000 - 0x00007ff90185a000 	C:\WINDOWS\System32\bcryptPrimitives.dll
0x00007ff8f65c0000 - 0x00007ff8f65df000 	C:\Program Files\Java\jdk-21\bin\java.dll
0x00007ff901aa0000 - 0x00007ff9022fa000 	C:\WINDOWS\System32\SHELL32.dll
0x00007ff8fefe0000 - 0x00007ff8ff8d6000 	C:\WINDOWS\SYSTEM32\windows.storage.dll
0x00007ff8fed40000 - 0x00007ff8fee7e000 	C:\WINDOWS\SYSTEM32\wintypes.dll
0x00007ff902e40000 - 0x00007ff902f33000 	C:\WINDOWS\System32\SHCORE.dll
0x00007ff9028c0000 - 0x00007ff90291e000 	C:\WINDOWS\System32\shlwapi.dll
0x00007ff900fc0000 - 0x00007ff900fe6000 	C:\WINDOWS\SYSTEM32\profapi.dll
0x00007ff8bdc10000 - 0x00007ff8bdce7000 	C:\Program Files\Java\jdk-21\bin\jsvml.dll
0x00007ff8f6850000 - 0x00007ff8f6860000 	C:\Program Files\Java\jdk-21\bin\net.dll
0x00007ff8fb350000 - 0x00007ff8fb487000 	C:\WINDOWS\SYSTEM32\WINHTTP.dll
0x00007ff900540000 - 0x00007ff9005a9000 	C:\WINDOWS\system32\mswsock.dll
0x00007ff8f6570000 - 0x00007ff8f6586000 	C:\Program Files\Java\jdk-21\bin\nio.dll
0x00007ff8e7f40000 - 0x00007ff8e7f58000 	C:\Program Files\Java\jdk-21\bin\zip.dll
0x00007ff8ffb40000 - 0x00007ff8ffb6d000 	C:\WINDOWS\SYSTEM32\IPHLPAPI.DLL
0x00007ff902b70000 - 0x00007ff902b79000 	C:\WINDOWS\System32\NSI.dll
0x00007ff8ffbb0000 - 0x00007ff8ffca9000 	C:\WINDOWS\SYSTEM32\DNSAPI.dll
0x00007ff8f86d0000 - 0x00007ff8f86da000 	C:\Windows\System32\rasadhlp.dll
0x00007ff8fa730000 - 0x00007ff8fa7b3000 	C:\WINDOWS\System32\fwpuclnt.dll
0x00007ff8f65b0000 - 0x00007ff8f65be000 	C:\Program Files\Java\jdk-21\bin\sunmscapi.dll
0x00007ff901180000 - 0x00007ff9012e6000 	C:\WINDOWS\System32\CRYPT32.dll
0x00007ff900950000 - 0x00007ff90097e000 	C:\WINDOWS\SYSTEM32\ncrypt.dll
0x00007ff900910000 - 0x00007ff900947000 	C:\WINDOWS\SYSTEM32\NTASN1.dll
0x00007ff9007a0000 - 0x00007ff9007bb000 	C:\WINDOWS\SYSTEM32\CRYPTSP.dll
0x00007ff900020000 - 0x00007ff900055000 	C:\WINDOWS\system32\rsaenh.dll
0x00007ff900630000 - 0x00007ff90065c000 	C:\WINDOWS\SYSTEM32\USERENV.dll
0x00007ff900790000 - 0x00007ff90079c000 	C:\WINDOWS\SYSTEM32\CRYPTBASE.dll
0x00007ff8f6560000 - 0x00007ff8f656a000 	C:\Program Files\Java\jdk-21\bin\management.dll
0x00007ff8f6520000 - 0x00007ff8f652b000 	C:\Program Files\Java\jdk-21\bin\management_ext.dll
0x00007ff902330000 - 0x00007ff902338000 	C:\WINDOWS\System32\PSAPI.DLL
0x00007ff8f5f80000 - 0x00007ff8f5f90000 	C:\Program Files\Java\jdk-21\bin\verify.dll
0x00007ff8f2830000 - 0x00007ff8f2837000 	C:\Program Files\Java\jdk-21\bin\extnet.dll
0x00007ff8eddc0000 - 0x00007ff8eddc8000 	C:\WINDOWS\system32\wshunix.dll

dbghelp: loaded successfully - version: 4.0.5 - missing functions: none
symbol engine: initialized successfully - sym options: 0x614 - pdb path: .;C:\Program Files\Java\jdk-21\bin;C:\WINDOWS\SYSTEM32;C:\WINDOWS\WinSxS\amd64_microsoft.windows.common-controls_6595b64144ccf1df_6.0.22621.2506_none_270c5ae97388e100;C:\Program Files\Java\jdk-21\bin\server

VM Arguments:
jvm_args: -Dfile.encoding=UTF-8 -Dstdout.encoding=UTF-8 -Dstderr.encoding=UTF-8 -XX:+ShowCodeDetailsInExceptionMessages 
java_command: com.lcwd.gateway.ApiGatewayApplication
java_class_path (initial): D:\lcwd\ApiGateway\target\classes;C:\Users\Warrior\.m2\repository\org\springframework\boot\spring-boot-starter-web\3.2.2\spring-boot-starter-web-3.2.2.jar;C:\Users\Warrior\.m2\repository\org\springframework\boot\spring-boot-starter\3.2.2\spring-boot-starter-3.2.2.jar;C:\Users\Warrior\.m2\repository\org\springframework\boot\spring-boot\3.2.2\spring-boot-3.2.2.jar;C:\Users\Warrior\.m2\repository\org\springframework\boot\spring-boot-autoconfigure\3.2.2\spring-boot-autoconfigure-3.2.2.jar;C:\Users\Warrior\.m2\repository\org\springframework\boot\spring-boot-starter-logging\3.2.2\spring-boot-starter-logging-3.2.2.jar;C:\Users\Warrior\.m2\repository\ch\qos\logback\logback-classic\1.4.14\logback-classic-1.4.14.jar;C:\Users\Warrior\.m2\repository\ch\qos\logback\logback-core\1.4.14\logback-core-1.4.14.jar;C:\Users\Warrior\.m2\repository\org\apache\logging\log4j\log4j-to-slf4j\2.21.1\log4j-to-slf4j-2.21.1.jar;C:\Users\Warrior\.m2\repository\org\apache\logging\log4j\log4j-api\2.21.1\log4j-api-2.21.1.jar;C:\Users\Warrior\.m2\repository\org\slf4j\jul-to-slf4j\2.0.11\jul-to-slf4j-2.0.11.jar;C:\Users\Warrior\.m2\repository\jakarta\annotation\jakarta.annotation-api\2.1.1\jakarta.annotation-api-2.1.1.jar;C:\Users\Warrior\.m2\repository\org\yaml\snakeyaml\2.2\snakeyaml-2.2.jar;C:\Users\Warrior\.m2\repository\org\springframework\boot\spring-boot-starter-json\3.2.2\spring-boot-starter-json-3.2.2.jar;C:\Users\Warrior\.m2\repository\com\fasterxml\jackson\core\jackson-databind\2.15.3\jackson-databind-2.15.3.jar;C:\Users\Warrior\.m2\repository\com\fasterxml\jackson\datatype\jackson-datatype-jdk8\2.15.3\jackson-datatype-jdk8-2.15.3.jar;C:\Users\Warrior\.m2\repository\com\fasterxml\jackson\datatype\jackson-datatype-jsr310\2.15.3\jackson-datatype-jsr310-2.15.3.jar;C:\Users\Warrior\.m2\repository\com\fasterxml\jackson\module\jackson-module-parameter-names\2.15.3\jackson-module-parameter-names-2.15.3.jar;C:\Users\Warrior\.m2\repository\org\springframework\boot\spring-boot-starter-tomcat\3.2.2\spring-boot-starter-tomcat-3.2.2.jar;C:\Users\Warrior\.m2\repository\org\apache\tomcat\embed\tomcat-embed-core\10.1.18\tomcat-embed-core-10.1.18.jar;C:\Users\Warrior\.m2\repository\org\apache\tomcat\embed\tomcat-embed-el\10.1.18\tomcat-embed-el-10.1.18.jar;C:\Users\Warrior\.m2\repository\org\apache\tomcat\embed\tomcat-embed-websocket\10.1.18\tomcat-embed-websocket-10.1.18.jar;C:\Users\Warrior\.m2\repository\org\springframework\spring-web\6.1.3\spring-web-6.1.3.jar;C:\Users\Warrior\.m2\repository\org\springframework\spring-beans\6.1.3\spring-beans-6.1.3.jar;C:\Users\Warrior\.m2\repository\io\micrometer\micrometer-observation\1.12.2\micrometer-observation-1.12.2.jar;C:\Users\Warrior\.m2\repository\io\micrometer\micrometer-commons\1.12.2\micrometer-commons-1.12.2.jar;C:\Users\Warrior\.m2\repository\org\springframework\spring-webmvc\6.1.3\spring-webmvc-6.1.3.jar;C:\Users\Warrior\.m2\repository\org\springframework\spring-aop\6.1.3\spring-aop-6.1.3.jar;C:\Users\Warrior\.m2\repository\org\springframework\spring-context\6.1.3\spring-context-6.1.3.jar;C:\Users\Warrior\.m2\repository\org\springframework\spring-expression\6.1.3\spring-expression-6.1.3.jar;C:\Users\Warrior\.m2\repository\org\springframework\cloud\spring-cloud-starter-gateway\4.1.0\spring-cloud-starter-gateway-4.1.0.jar;C:\Users\Warrior\.m2\repository\org\springframework\cloud\spring-cloud-starter\4.1.0\spring-cloud-starter-4.1.0.jar;C:\Users\Warrior\.m2\repository\org\springframework\cloud\spring-cloud-context\4.1.0\spring-cloud-context-4.1.0.jar;C:\Users\Warrior\.m2\repository\org\springframework\security\spring-security-crypto\6.2.1\spring-security-crypto-6.2.1.jar;C:\Users\Warrior\.m2\repository\org\springframework\cloud\spring-cloud-commons\4.1.0\spring-cloud-commons-4.1.0.jar;C:\Users\Warrior\.m2\repository\org\springframework\security\spring-security-rsa\1.1.1\spring-security-rsa-1.1.1.jar;C:\Users\Warrior\.m2\repository\org\bouncycastle\bcprov-jdk18on\1.74\bcprov-jdk18on-1.74.jar;C:\Users\Warrior\.m2\repository\org\springframework\cloud\spring-cloud-gateway-server\4.1.0\spring-cloud-gateway-server-4.1.0.jar;C:\Users\Warrior\.m2\repository\org\springframework\boot\spring-boot-starter-validation\3.2.2\spring-boot-starter-validation-3.2.2.jar;C:\Users\Warrior\.m2\repository\org\hibernate\validator\hibernate-validator\8.0.1.Final\hibernate-validator-8.0.1.Final.jar;C:\Users\Warrior\.m2\repository\jakarta\validation\jakarta.validation-api\3.0.2\jakarta.validation-api-3.0.2.jar;C:\Users\Warrior\.m2\repository\org\jboss\logging\jboss-logging\3.5.3.Final\jboss-logging-3.5.3.Final.jar;C:\Users\Warrior\.m2\repository\com\fasterxml\classmate\1.6.0\classmate-1.6.0.jar;C:\Users\Warrior\.m2\repository\io\projectreactor\addons\reactor-extra\3.5.1\reactor-extra-3.5.1.jar;C:\Users\Warrior\.m2\repository\org\springframework\boot\spring-boot-starter-webflux\3.2.2\spring-boot-starter-webflux-3.2.2.jar;C:\Users\Warrior\.m2\repository\org\springframework\boot\spring-boot-starter-reactor-netty\3.2.2\spring-boot-starter-reactor-netty-3.2.2.jar;C:\Users\Warrior\.m2\repository\io\projectreactor\netty\reactor-netty-http\1.1.15\reactor-netty-http-1.1.15.jar;C:\Users\Warrior\.m2\repository\io\netty\netty-codec-http\4.1.105.Final\netty-codec-http-4.1.105.Final.jar;C:\Users\Warrior\.m2\repository\io\netty\netty-common\4.1.105.Final\netty-common-4.1.105.Final.jar;C:\Users\Warrior\.m2\repository\io\netty\netty-buffer\4.1.105.Final\netty-buffer-4.1.105.Final.jar;C:\Users\Warrior\.m2\repository\io\netty\netty-transport\4.1.105.Final\netty-transport-4.1.105.Final.jar;C:\Users\Warrior\.m2\repository\io\netty\netty-codec\4.1.105.Final\netty-codec-4.1.105.Final.jar;C:\Users\Warrior\.m2\repository\io\netty\netty-handler\4.1.105.Final\netty-handler-4.1.105.Final.jar;C:\Users\Warrior\.m2\repository\io\netty\netty-codec-http2\4.1.105.Final\netty-codec-http2-4.1.105.Final.jar;C:\Users\Warrior\.m2\repository\io\netty\netty-resolver-dns\4.1.105.Final\netty-resolver-dns-4.1.105.Final.jar;C:\Users\Warrior\.m2\repository\io\netty\netty-resolver\4.1.105.Final\netty-resolver-4.1.105.Final.jar;C:\Users\Warrior\.m2\repository\io\netty\netty-codec-dns\4.1.105.Final\netty-codec-dns-4.1.105.Final.jar;C:\Users\Warrior\.m2\repository\io\netty\netty-resolver-dns-native-macos\4.1.105.Final\netty-resolver-dns-native-macos-4.1.105.Final-osx-x86_64.jar;C:\Users\Warrior\.m2\repository\io\netty\netty-resolver-dns-classes-macos\4.1.105.Final\netty-resolver-dns-classes-macos-4.1.105.Final.jar;C:\Users\Warrior\.m2\repository\io\netty\netty-transport-native-epoll\4.1.105.Final\netty-transport-native-epoll-4.1.105.Final-linux-x86_64.jar;C:\Users\Warrior\.m2\repository\io\netty\netty-transport-native-unix-common\4.1.105.Final\netty-transport-native-unix-common-4.1.105.Final.jar;C:\Users\Warrior\.m2\repository\io\netty\netty-transport-classes-epoll\4.1.105.Final\netty-transport-classes-epoll-4.1.105.Final.jar;C:\Users\Warrior\.m2\repository\io\projectreactor\netty\reactor-netty-core\1.1.15\reactor-netty-core-1.1.15.jar;C:\Users\Warrior\.m2\repository\io\netty\netty-handler-proxy\4.1.105.Final\netty-handler-proxy-4.1.105.Final.jar;C:\Users\Warrior\.m2\repository\io\netty\netty-codec-socks\4.1.105.Final\netty-codec-socks-4.1.105.Final.jar;C:\Users\Warrior\.m2\repository\org\springframework\spring-webflux\6.1.3\spring-webflux-6.1.3.jar;C:\Users\Warrior\.m2\repository\org\springframework\cloud\spring-cloud-starter-netflix-eureka-client\4.1.0\spring-cloud-starter-netflix-eureka-client-4.1.0.jar;C:\Users\Warrior\.m2\repository\org\springframework\cloud\spring-cloud-netflix-eureka-client\4.1.0\spring-cloud-netflix-eureka-client-4.1.0.jar;C:\Users\Warrior\.m2\repository\org\apache\httpcomponents\client5\httpclient5\5.2.3\httpclient5-5.2.3.jar;C:\Users\Warrior\.m2\repository\org\apache\httpcomponents\core5\httpcore5\5.2.4\httpcore5-5.2.4.jar;C:\Users\Warrior\.m2\repository\org\apache\httpcomponents\core5\httpcore5-h2\5.2.4\httpcore5-h2-5.2.4.jar;C:\Users\Warrior\.m2\repository\com\netflix\eureka\eureka-client\2.0.1\eureka-client-2.0.1.jar;C:\Users\Warrior\.m2\repository\com\netflix\netflix-commons\netflix-eventbus\0.3.0\netflix-eventbus-0.3.0.jar;C:\Users\Warrior\.m2\repository\com\netflix\netflix-commons\netflix-infix\0.3.0\netflix-infix-0.3.0.jar;C:\Users\Warrior\.m2\repository\commons-jxpath\commons-jxpath\1.3\commons-jxpath-1.3.jar;C:\Users\Warrior\.m2\repository\joda-time\joda-time\2.3\joda-time-2.3.jar;C:\Users\Warrior\.m2\repository\org\antlr\antlr-runtime\3.4\antlr-runtime-3.4.jar;C:\Users\Warrior\.m2\repository\org\antlr\stringtemplate\3.2.1\stringtemplate-3.2.1.jar;C:\Users\Warrior\.m2\repository\antlr\antlr\2.7.7\antlr-2.7.7.jar;C:\Users\Warrior\.m2\repository\com\google\code\gson\gson\2.10.1\gson-2.10.1.jar;C:\Users\Warrior\.m2\repository\org\apache\commons\commons-math\2.2\commons-math-2.2.jar;C:\Users\Warrior\.m2\repository\com\thoughtworks\xstream\xstream\1.4.19\xstream-1.4.19.jar;C:\Users\Warrior\.m2\repository\io\github\x-stream\mxparser\1.2.2\mxparser-1.2.2.jar;C:\Users\Warrior\.m2\repository\xmlpull\xmlpull\1.1.3.1\xmlpull-1.1.3.1.jar;C:\Users\Warrior\.m2\repository\jakarta\ws\rs\jakarta.ws.rs-api\3.1.0\jakarta.ws.rs-api-3.1.0.jar;C:\Users\Warrior\.m2\repository\jakarta\inject\jakarta.inject-api\2.0.1\jakarta.inject-api-2.0.1.jar;C:\Users\Warrior\.m2\repository\com\netflix\servo\servo-core\0.12.21\servo-core-0.12.21.jar;C:\Users\Warrior\.m2\repository\com\google\guava\guava\19.0\guava-19.0.jar;C:\Users\Warrior\.m2\repository\org\apache\httpcomponents\httpclient\4.5.3\httpclient-4.5.3.jar;C:\Users\Warrior\.m2\repository\org\apache\httpcomponents\httpcore\4.4.16\httpcore-4.4.16.jar;C:\Users\Warrior\.m2\repository\commons-codec\commons-codec\1.16.0\commons-codec-1.16.0.jar;C:\Users\Warrior\.m2\repository\commons-configuration\commons-configuration\1.10\commons-configuration-1.10.jar;C:\Users\Warrior\.m2\repository\commons-lang\commons-lang\2.6\commons-lang-2.6.jar;C:\Users\Warrior\.m2\repository\com\fasterxml\jackson\core\jackson-annotations\2.15.3\jackson-annotations-2.15.3.jar;C:\Users\Warrior\.m2\repository\com\fasterxml\jackson\core\jackson-core\2.15.3\jackson-core-2.15.3.jar;C:\Users\Warrior\.m2\repository\org\codehaus\jettison\jettison\1.4.0\jettison-1.4.0.jar;C:\Users\Warrior\.m2\repository\com\netflix\eureka\eureka-core\2.0.1\eureka-core-2.0.1.jar;C:\Users\Warrior\.m2\repository\com\fasterxml\woodstox\woodstox-core\6.2.1\woodstox-core-6.2.1.jar;C:\Users\Warrior\.m2\repository\org\codehaus\woodstox\stax2-api\4.2.1\stax2-api-4.2.1.jar;C:\Users\Warrior\.m2\repository\org\springframework\cloud\spring-cloud-starter-loadbalancer\4.1.0\spring-cloud-starter-loadbalancer-4.1.0.jar;C:\Users\Warrior\.m2\repository\org\springframework\cloud\spring-cloud-loadbalancer\4.1.0\spring-cloud-loadbalancer-4.1.0.jar;C:\Users\Warrior\.m2\repository\org\springframework\boot\spring-boot-starter-cache\3.2.2\spring-boot-starter-cache-3.2.2.jar;C:\Users\Warrior\.m2\repository\org\springframework\spring-context-support\6.1.3\spring-context-support-6.1.3.jar;C:\Users\Warrior\.m2\repository\com\stoyanr\evictor\1.0.0\evictor-1.0.0.jar;C:\Users\Warrior\.m2\repository\org\projectlombok\lombok\1.18.30\lombok-1.18.30.jar;C:\Users\Warrior\.m2\repository\org\slf4j\slf4j-api\2.0.11\slf4j-api-2.0.11.jar;C:\Users\Warrior\.m2\repository\org\springframework\spring-core\6.1.3\spring-core-6.1.3.jar;C:\Users\Warrior\.m2\repository\org\springframework\spring-jcl\6.1.3\spring-jcl-6.1.3.jar;C:\Users\Warrior\.m2\repository\io\projectreactor\reactor-core\3.6.2\reactor-core-3.6.2.jar;C:\Users\Warrior\.m2\repository\org\reactivestreams\reactive-streams\1.0.4\reactive-streams-1.0.4.jar
Launcher Type: SUN_STANDARD

[Global flags]
     intx CICompilerCount                          = 4                                         {product} {ergonomic}
     uint ConcGCThreads                            = 2                                         {product} {ergonomic}
     uint G1ConcRefinementThreads                  = 8                                         {product} {ergonomic}
   size_t G1HeapRegionSize                         = 1048576                                   {product} {ergonomic}
    uintx GCDrainStackTargetSize                   = 64                                        {product} {ergonomic}
   size_t InitialHeapSize                          = 132120576                                 {product} {ergonomic}
   size_t MarkStackSize                            = 4194304                                   {product} {ergonomic}
   size_t MaxHeapSize                              = 2109734912                                {product} {ergonomic}
   size_t MaxNewSize                               = 1265631232                                {product} {ergonomic}
   size_t MinHeapDeltaBytes                        = 1048576                                   {product} {ergonomic}
   size_t MinHeapSize                              = 8388608                                   {product} {ergonomic}
    uintx NonNMethodCodeHeapSize                   = 5839372                                {pd product} {ergonomic}
    uintx NonProfiledCodeHeapSize                  = 122909434                              {pd product} {ergonomic}
    uintx ProfiledCodeHeapSize                     = 122909434                              {pd product} {ergonomic}
    uintx ReservedCodeCacheSize                    = 251658240                              {pd product} {ergonomic}
     bool SegmentedCodeCache                       = true                                      {product} {ergonomic}
     bool ShowCodeDetailsInExceptionMessages       = true                                   {manageable} {command line}
   size_t SoftMaxHeapSize                          = 2109734912                             {manageable} {ergonomic}
     bool UseCompressedOops                        = true                           {product lp64_product} {ergonomic}
     bool UseG1GC                                  = true                                      {product} {ergonomic}
     bool UseLargePagesIndividualAllocation        = false                                  {pd product} {ergonomic}

Logging:
Log output configuration:
 #0: stdout all=warning uptime,level,tags foldmultilines=false
 #1: stderr all=off uptime,level,tags foldmultilines=false

Environment Variables:
JAVA_HOME=C:\Program Files\Java\jdk-21
PATH=D:/sts-4.20.0.RELEASE//plugins/org.eclipse.justj.openjdk.hotspot.jre.full.win32.x86_64_17.0.8.v20230831-1047/jre/bin/server;D:/sts-4.20.0.RELEASE//plugins/org.eclipse.justj.openjdk.hotspot.jre.full.win32.x86_64_17.0.8.v20230831-1047/jre/bin;C:\Program Files (x86)\Common Files\Intel\Shared Libraries\redist\intel64\compiler;C:\Program Files\Common Files\Oracle\Java\javapath;C:\Program Files (x86)\Common Files\Oracle\Java\javapath;C:\WINDOWS\system32;C:\WINDOWS;C:\WINDOWS\System32\Wbem;C:\WINDOWS\System32\WindowsPowerShell\v1.0\;C:\WINDOWS\System32\OpenSSH\;C:\Program Files\Intel\WiFi\bin\;C:\Program Files\Common Files\Intel\WirelessCommon\;C:\Program Files\dotnet\;C:\Program Files\Solidigm\Solidigm(TM) Storage Tool\;C:\ProgramData\chocolatey\bin;C:\Program Files\nodejs\;C:\Program Files\Git\cmd;C:\Program Files\MySQL\MySQL Server 8.0\bin;C:\Program Files\Java\jdk-21\bin;C:\Users\Warrior\AppData\Local\Programs\Python\Python312\Scripts\;C:\Users\Warrior\AppData\Local\Programs\Python\Python312\;C:\Program Files\MySQL\MySQL Shell 8.0\bin\;C:\Users\Warrior\AppData\Local\Programs\Python\Python38\Scripts\;C:\Users\Warrior\AppData\Local\Programs\Python\Python38\;C:\Users\Warrior\AppData\Local\Microsoft\WindowsApps;;C:\Users\Warrior\AppData\Local\Programs\Microsoft VS Code\bin;C:\Users\Warrior\AppData\Roaming\npm;C:\Program Files\JetBrains\PyCharm 2023.3.2\bin;;D:\sts-4.20.0.RELEASE;
USERNAME=Warrior
OS=Windows_NT
PROCESSOR_IDENTIFIER=Intel64 Family 6 Model 142 Stepping 12, GenuineIntel
TMP=C:\Users\Warrior\AppData\Local\Temp
TEMP=C:\Users\Warrior\AppData\Local\Temp




Periodic native trim disabled

---------------  S Y S T E M  ---------------

OS:
 Windows 11 , 64 bit Build 22621 (10.0.22621.2506)
OS uptime: 15 days 16:27 hours

CPU: total 8 (initial active 8) (4 cores per cpu, 2 threads per core) family 6 model 142 stepping 12 microcode 0xde, cx8, cmov, fxsr, ht, mmx, 3dnowpref, sse, sse2, sse3, ssse3, sse4.1, sse4.2, popcnt, lzcnt, tsc, tscinvbit, avx, avx2, aes, erms, clmul, bmi1, bmi2, adx, fma, vzeroupper, clflush, clflushopt, rdtscp, f16c
Processor Information for all 8 processors :
  Max Mhz: 1800, Current Mhz: 1600, Mhz Limit: 1584

Memory: 4k page, system-wide physical 8043M (479M free)
TotalPageFile size 16043M (AvailPageFile size 14M)
current process WorkingSet (physical memory assigned to process): 192M, peak: 213M
current process commit charge ("private bytes"): 230M, peak: 278M

vm_info: Java HotSpot(TM) 64-Bit Server VM (21.0.1+12-LTS-29) for windows-amd64 JRE (21.0.1+12-LTS-29), built on 2023-10-05T13:27:09Z by "mach5one" with MS VC++ 17.1 (VS2022)

END.
