#
# There is insufficient memory for the Java Runtime Environment to continue.
# Native memory allocation (malloc) failed to allocate 353936 bytes for Chunk::new
# Possible reasons:
#   The system is out of physical RAM or swap space
#   The process is running with CompressedOops enabled, and the Java Heap may be blocking the growth of the native heap
# Possible solutions:
#   Reduce memory load on the system
#   Increase physical memory or swap space
#   Check if swap backing store is full
#   Decrease Java heap size (-Xmx/-Xms)
#   Decrease number of Java threads
#   Decrease Java thread stack sizes (-Xss)
#   Set larger code cache with -XX:ReservedCodeCacheSize=
#   JVM is running with Unscaled Compressed Oops mode in which the Java heap is
#     placed in the first 4GB address space. The Java Heap base address is the
#     maximum limit for the native heap growth. Please use -XX:HeapBaseMinAddress
#     to set the Java Heap base and to place the Java Heap above 4GB virtual address.
# This output file may be truncated or incomplete.
#
#  Out of Memory Error (arena.cpp:168), pid=21860, tid=24464
#
# JRE version: Java(TM) SE Runtime Environment (21.0.1+12) (build 21.0.1+12-LTS-29)
# Java VM: Java HotSpot(TM) 64-Bit Server VM (21.0.1+12-LTS-29, mixed mode, sharing, tiered, compressed oops, compressed class ptrs, g1 gc, windows-amd64)
# No core dump will be written. Minidumps are not enabled by default on client versions of Windows
#

---------------  S U M M A R Y ------------

Command Line: -Dfile.encoding=UTF-8 -Dstdout.encoding=UTF-8 -Dstderr.encoding=UTF-8 -XX:+ShowCodeDetailsInExceptionMessages com.hotel.rating.HotelRatingApplication

Host: Intel(R) Core(TM) i5-8265U CPU @ 1.60GHz, 8 cores, 7G,  Windows 11 , 64 bit Build 22621 (10.0.22621.2506)
Time: Sun Jan 28 21:05:55 2024 India Standard Time elapsed time: 0.889830 seconds (0d 0h 0m 0s)

---------------  T H R E A D  ---------------

Current thread (0x0000016e453538c0):  JavaThread "C2 CompilerThread1" daemon [_thread_in_native, id=24464, stack(0x00000036f5700000,0x00000036f5800000) (1024K)]


Current CompileTask:
C2:    890  932       4       java.io.WinNTFileSystem::normalize (143 bytes)

Stack: [0x00000036f5700000,0x00000036f5800000]
Native frames: (J=compiled Java code, j=interpreted, Vv=VM code, C=native code)
V  [jvm.dll+0x6c9029]
V  [jvm.dll+0x854b81]
V  [jvm.dll+0x856e5e]
V  [jvm.dll+0x857543]
V  [jvm.dll+0x280c06]
V  [jvm.dll+0xc3ead]
V  [jvm.dll+0xc43c3]
V  [jvm.dll+0x3b5732]
V  [jvm.dll+0x382475]
V  [jvm.dll+0x3818ea]
V  [jvm.dll+0x249ad0]
V  [jvm.dll+0x2490b1]
V  [jvm.dll+0x1c9ca1]
V  [jvm.dll+0x2586b9]
V  [jvm.dll+0x256c9a]
V  [jvm.dll+0x3ef1b6]
V  [jvm.dll+0x7fd728]
V  [jvm.dll+0x6c777d]
C  [ucrtbase.dll+0x29363]
C  [KERNEL32.DLL+0x1257d]
C  [ntdll.dll+0x5aa58]


---------------  P R O C E S S  ---------------

Threads class SMR info:
_java_thread_list=0x0000016e4529ba00, length=12, elements={
0x0000016e5d286d20, 0x0000016e7b9a3b60, 0x0000016e7b9a4c30, 0x0000016e7b9a72d0,
0x0000016e7b9a8440, 0x0000016e7b9b2ff0, 0x0000016e7b9b9420, 0x0000016e7b9bbde0,
0x0000016e7b9bc490, 0x0000016e4528c850, 0x0000016e4528d570, 0x0000016e453538c0
}

Java Threads: ( => current thread )
  0x0000016e5d286d20 JavaThread "main"                              [_thread_in_native, id=14956, stack(0x00000036f4500000,0x00000036f4600000) (1024K)]
  0x0000016e7b9a3b60 JavaThread "Reference Handler"          daemon [_thread_blocked, id=21772, stack(0x00000036f4d00000,0x00000036f4e00000) (1024K)]
  0x0000016e7b9a4c30 JavaThread "Finalizer"                  daemon [_thread_blocked, id=23524, stack(0x00000036f4e00000,0x00000036f4f00000) (1024K)]
  0x0000016e7b9a72d0 JavaThread "Signal Dispatcher"          daemon [_thread_blocked, id=19652, stack(0x00000036f4f00000,0x00000036f5000000) (1024K)]
  0x0000016e7b9a8440 JavaThread "Attach Listener"            daemon [_thread_blocked, id=13804, stack(0x00000036f5000000,0x00000036f5100000) (1024K)]
  0x0000016e7b9b2ff0 JavaThread "Service Thread"             daemon [_thread_blocked, id=18124, stack(0x00000036f5100000,0x00000036f5200000) (1024K)]
  0x0000016e7b9b9420 JavaThread "Monitor Deflation Thread"   daemon [_thread_blocked, id=17424, stack(0x00000036f5200000,0x00000036f5300000) (1024K)]
  0x0000016e7b9bbde0 JavaThread "C2 CompilerThread0"         daemon [_thread_blocked, id=16236, stack(0x00000036f5300000,0x00000036f5400000) (1024K)]
  0x0000016e7b9bc490 JavaThread "C1 CompilerThread0"         daemon [_thread_in_native, id=24416, stack(0x00000036f5400000,0x00000036f5500000) (1024K)]
  0x0000016e4528c850 JavaThread "Notification Thread"        daemon [_thread_blocked, id=23448, stack(0x00000036f5500000,0x00000036f5600000) (1024K)]
  0x0000016e4528d570 JavaThread "Common-Cleaner"             daemon [_thread_blocked, id=16948, stack(0x00000036f5600000,0x00000036f5700000) (1024K)]
=>0x0000016e453538c0 JavaThread "C2 CompilerThread1"         daemon [_thread_in_native, id=24464, stack(0x00000036f5700000,0x00000036f5800000) (1024K)]
Total: 12

Other Threads:
  0x0000016e7b983ec0 VMThread "VM Thread"                           [id=22732, stack(0x00000036f4c00000,0x00000036f4d00000) (1024K)]
  0x0000016e7b96bad0 WatcherThread "VM Periodic Task Thread"        [id=6280, stack(0x00000036f4b00000,0x00000036f4c00000) (1024K)]
  0x0000016e5f62b670 WorkerThread "GC Thread#0"                     [id=14092, stack(0x00000036f4600000,0x00000036f4700000) (1024K)]
  0x0000016e5f63cb20 ConcurrentGCThread "G1 Main Marker"            [id=19516, stack(0x00000036f4700000,0x00000036f4800000) (1024K)]
  0x0000016e5f63de30 WorkerThread "G1 Conc#0"                       [id=13856, stack(0x00000036f4800000,0x00000036f4900000) (1024K)]
  0x0000016e5f68e090 ConcurrentGCThread "G1 Refine#0"               [id=20988, stack(0x00000036f4900000,0x00000036f4a00000) (1024K)]
  0x0000016e7b841030 ConcurrentGCThread "G1 Service"                [id=20960, stack(0x00000036f4a00000,0x00000036f4b00000) (1024K)]
Total: 7

Threads with active compile tasks:
C1 CompilerThread0      933  995       3       jdk.internal.misc.Unsafe::checkPointer (19 bytes)
C2 CompilerThread1      933  932       4       java.io.WinNTFileSystem::normalize (143 bytes)
Total: 2

VM state: not at safepoint (normal execution)

VM Mutex/Monitor currently owned by a thread: None

Heap address: 0x0000000082400000, size: 2012 MB, Compressed Oops mode: 32-bit

CDS archive(s) mapped at: [0x0000016e00000000-0x0000016e00c90000-0x0000016e00c90000), size 13172736, SharedBaseAddress: 0x0000016e00000000, ArchiveRelocationMode: 1.
Compressed class space mapped at: 0x0000016e01000000-0x0000016e41000000, reserved size: 1073741824
Narrow klass base: 0x0000016e00000000, Narrow klass shift: 0, Narrow klass range: 0x100000000

GC Precious Log:
 CardTable entry size: 512
 Card Set container configuration: InlinePtr #cards 5 size 8 Array Of Cards #cards 12 size 40 Howl #buckets 4 coarsen threshold 1843 Howl Bitmap #cards 512 size 80 coarsen threshold 460 Card regions per heap region 1 cards per card region 2048
 CPUs: 8 total, 8 available
 Memory: 8043M
 Large Page Support: Disabled
 NUMA Support: Disabled
 Compressed Oops: Enabled (32-bit)
 Heap Region Size: 1M
 Heap Min Capacity: 8M
 Heap Initial Capacity: 126M
 Heap Max Capacity: 2012M
 Pre-touch: Disabled
 Parallel Workers: 8
 Concurrent Workers: 2
 Concurrent Refinement Workers: 8
 Periodic GC: Disabled

Heap:
 garbage-first heap   total 129024K, used 20480K [0x0000000082400000, 0x0000000100000000)
  region size 1024K, 19 young (19456K), 0 survivors (0K)
 Metaspace       used 4661K, committed 4928K, reserved 1114112K
  class space    used 525K, committed 640K, reserved 1048576K

Heap Regions: E=young(eden), S=young(survivor), O=old, HS=humongous(starts), HC=humongous(continues), CS=collection set, F=free, TAMS=top-at-mark-start, PB=parsable bottom
|   0|0x0000000082400000, 0x0000000082500000, 0x0000000082500000|100%|HS|  |TAMS 0x0000000082400000| PB 0x0000000082400000| Complete 
|   1|0x0000000082500000, 0x0000000082600000, 0x0000000082600000|100%|HS|  |TAMS 0x0000000082500000| PB 0x0000000082500000| Complete 
|   2|0x0000000082600000, 0x0000000082600000, 0x0000000082700000|  0%| F|  |TAMS 0x0000000082600000| PB 0x0000000082600000| Untracked 
|   3|0x0000000082700000, 0x0000000082700000, 0x0000000082800000|  0%| F|  |TAMS 0x0000000082700000| PB 0x0000000082700000| Untracked 
|   4|0x0000000082800000, 0x0000000082800000, 0x0000000082900000|  0%| F|  |TAMS 0x0000000082800000| PB 0x0000000082800000| Untracked 
|   5|0x0000000082900000, 0x0000000082900000, 0x0000000082a00000|  0%| F|  |TAMS 0x0000000082900000| PB 0x0000000082900000| Untracked 
|   6|0x0000000082a00000, 0x0000000082a00000, 0x0000000082b00000|  0%| F|  |TAMS 0x0000000082a00000| PB 0x0000000082a00000| Untracked 
|   7|0x0000000082b00000, 0x0000000082b00000, 0x0000000082c00000|  0%| F|  |TAMS 0x0000000082b00000| PB 0x0000000082b00000| Untracked 
|   8|0x0000000082c00000, 0x0000000082c00000, 0x0000000082d00000|  0%| F|  |TAMS 0x0000000082c00000| PB 0x0000000082c00000| Untracked 
|   9|0x0000000082d00000, 0x0000000082d00000, 0x0000000082e00000|  0%| F|  |TAMS 0x0000000082d00000| PB 0x0000000082d00000| Untracked 
|  10|0x0000000082e00000, 0x0000000082e00000, 0x0000000082f00000|  0%| F|  |TAMS 0x0000000082e00000| PB 0x0000000082e00000| Untracked 
|  11|0x0000000082f00000, 0x0000000082f00000, 0x0000000083000000|  0%| F|  |TAMS 0x0000000082f00000| PB 0x0000000082f00000| Untracked 
|  12|0x0000000083000000, 0x0000000083000000, 0x0000000083100000|  0%| F|  |TAMS 0x0000000083000000| PB 0x0000000083000000| Untracked 
|  13|0x0000000083100000, 0x0000000083100000, 0x0000000083200000|  0%| F|  |TAMS 0x0000000083100000| PB 0x0000000083100000| Untracked 
|  14|0x0000000083200000, 0x0000000083200000, 0x0000000083300000|  0%| F|  |TAMS 0x0000000083200000| PB 0x0000000083200000| Untracked 
|  15|0x0000000083300000, 0x0000000083300000, 0x0000000083400000|  0%| F|  |TAMS 0x0000000083300000| PB 0x0000000083300000| Untracked 
|  16|0x0000000083400000, 0x0000000083400000, 0x0000000083500000|  0%| F|  |TAMS 0x0000000083400000| PB 0x0000000083400000| Untracked 
|  17|0x0000000083500000, 0x0000000083500000, 0x0000000083600000|  0%| F|  |TAMS 0x0000000083500000| PB 0x0000000083500000| Untracked 
|  18|0x0000000083600000, 0x0000000083600000, 0x0000000083700000|  0%| F|  |TAMS 0x0000000083600000| PB 0x0000000083600000| Untracked 
|  19|0x0000000083700000, 0x0000000083700000, 0x0000000083800000|  0%| F|  |TAMS 0x0000000083700000| PB 0x0000000083700000| Untracked 
|  20|0x0000000083800000, 0x0000000083800000, 0x0000000083900000|  0%| F|  |TAMS 0x0000000083800000| PB 0x0000000083800000| Untracked 
|  21|0x0000000083900000, 0x0000000083900000, 0x0000000083a00000|  0%| F|  |TAMS 0x0000000083900000| PB 0x0000000083900000| Untracked 
|  22|0x0000000083a00000, 0x0000000083a00000, 0x0000000083b00000|  0%| F|  |TAMS 0x0000000083a00000| PB 0x0000000083a00000| Untracked 
|  23|0x0000000083b00000, 0x0000000083b00000, 0x0000000083c00000|  0%| F|  |TAMS 0x0000000083b00000| PB 0x0000000083b00000| Untracked 
|  24|0x0000000083c00000, 0x0000000083c00000, 0x0000000083d00000|  0%| F|  |TAMS 0x0000000083c00000| PB 0x0000000083c00000| Untracked 
|  25|0x0000000083d00000, 0x0000000083d00000, 0x0000000083e00000|  0%| F|  |TAMS 0x0000000083d00000| PB 0x0000000083d00000| Untracked 
|  26|0x0000000083e00000, 0x0000000083e00000, 0x0000000083f00000|  0%| F|  |TAMS 0x0000000083e00000| PB 0x0000000083e00000| Untracked 
|  27|0x0000000083f00000, 0x0000000083f00000, 0x0000000084000000|  0%| F|  |TAMS 0x0000000083f00000| PB 0x0000000083f00000| Untracked 
|  28|0x0000000084000000, 0x0000000084000000, 0x0000000084100000|  0%| F|  |TAMS 0x0000000084000000| PB 0x0000000084000000| Untracked 
|  29|0x0000000084100000, 0x0000000084100000, 0x0000000084200000|  0%| F|  |TAMS 0x0000000084100000| PB 0x0000000084100000| Untracked 
|  30|0x0000000084200000, 0x0000000084200000, 0x0000000084300000|  0%| F|  |TAMS 0x0000000084200000| PB 0x0000000084200000| Untracked 
|  31|0x0000000084300000, 0x0000000084300000, 0x0000000084400000|  0%| F|  |TAMS 0x0000000084300000| PB 0x0000000084300000| Untracked 
|  32|0x0000000084400000, 0x0000000084400000, 0x0000000084500000|  0%| F|  |TAMS 0x0000000084400000| PB 0x0000000084400000| Untracked 
|  33|0x0000000084500000, 0x0000000084500000, 0x0000000084600000|  0%| F|  |TAMS 0x0000000084500000| PB 0x0000000084500000| Untracked 
|  34|0x0000000084600000, 0x0000000084600000, 0x0000000084700000|  0%| F|  |TAMS 0x0000000084600000| PB 0x0000000084600000| Untracked 
|  35|0x0000000084700000, 0x0000000084700000, 0x0000000084800000|  0%| F|  |TAMS 0x0000000084700000| PB 0x0000000084700000| Untracked 
|  36|0x0000000084800000, 0x0000000084800000, 0x0000000084900000|  0%| F|  |TAMS 0x0000000084800000| PB 0x0000000084800000| Untracked 
|  37|0x0000000084900000, 0x0000000084900000, 0x0000000084a00000|  0%| F|  |TAMS 0x0000000084900000| PB 0x0000000084900000| Untracked 
|  38|0x0000000084a00000, 0x0000000084a00000, 0x0000000084b00000|  0%| F|  |TAMS 0x0000000084a00000| PB 0x0000000084a00000| Untracked 
|  39|0x0000000084b00000, 0x0000000084b00000, 0x0000000084c00000|  0%| F|  |TAMS 0x0000000084b00000| PB 0x0000000084b00000| Untracked 
|  40|0x0000000084c00000, 0x0000000084c00000, 0x0000000084d00000|  0%| F|  |TAMS 0x0000000084c00000| PB 0x0000000084c00000| Untracked 
|  41|0x0000000084d00000, 0x0000000084d00000, 0x0000000084e00000|  0%| F|  |TAMS 0x0000000084d00000| PB 0x0000000084d00000| Untracked 
|  42|0x0000000084e00000, 0x0000000084e00000, 0x0000000084f00000|  0%| F|  |TAMS 0x0000000084e00000| PB 0x0000000084e00000| Untracked 
|  43|0x0000000084f00000, 0x0000000084f00000, 0x0000000085000000|  0%| F|  |TAMS 0x0000000084f00000| PB 0x0000000084f00000| Untracked 
|  44|0x0000000085000000, 0x0000000085000000, 0x0000000085100000|  0%| F|  |TAMS 0x0000000085000000| PB 0x0000000085000000| Untracked 
|  45|0x0000000085100000, 0x0000000085100000, 0x0000000085200000|  0%| F|  |TAMS 0x0000000085100000| PB 0x0000000085100000| Untracked 
|  46|0x0000000085200000, 0x0000000085200000, 0x0000000085300000|  0%| F|  |TAMS 0x0000000085200000| PB 0x0000000085200000| Untracked 
|  47|0x0000000085300000, 0x0000000085300000, 0x0000000085400000|  0%| F|  |TAMS 0x0000000085300000| PB 0x0000000085300000| Untracked 
|  48|0x0000000085400000, 0x0000000085400000, 0x0000000085500000|  0%| F|  |TAMS 0x0000000085400000| PB 0x0000000085400000| Untracked 
|  49|0x0000000085500000, 0x0000000085500000, 0x0000000085600000|  0%| F|  |TAMS 0x0000000085500000| PB 0x0000000085500000| Untracked 
|  50|0x0000000085600000, 0x0000000085600000, 0x0000000085700000|  0%| F|  |TAMS 0x0000000085600000| PB 0x0000000085600000| Untracked 
|  51|0x0000000085700000, 0x0000000085700000, 0x0000000085800000|  0%| F|  |TAMS 0x0000000085700000| PB 0x0000000085700000| Untracked 
|  52|0x0000000085800000, 0x0000000085800000, 0x0000000085900000|  0%| F|  |TAMS 0x0000000085800000| PB 0x0000000085800000| Untracked 
|  53|0x0000000085900000, 0x0000000085900000, 0x0000000085a00000|  0%| F|  |TAMS 0x0000000085900000| PB 0x0000000085900000| Untracked 
|  54|0x0000000085a00000, 0x0000000085a00000, 0x0000000085b00000|  0%| F|  |TAMS 0x0000000085a00000| PB 0x0000000085a00000| Untracked 
|  55|0x0000000085b00000, 0x0000000085b00000, 0x0000000085c00000|  0%| F|  |TAMS 0x0000000085b00000| PB 0x0000000085b00000| Untracked 
|  56|0x0000000085c00000, 0x0000000085c00000, 0x0000000085d00000|  0%| F|  |TAMS 0x0000000085c00000| PB 0x0000000085c00000| Untracked 
|  57|0x0000000085d00000, 0x0000000085d00000, 0x0000000085e00000|  0%| F|  |TAMS 0x0000000085d00000| PB 0x0000000085d00000| Untracked 
|  58|0x0000000085e00000, 0x0000000085e00000, 0x0000000085f00000|  0%| F|  |TAMS 0x0000000085e00000| PB 0x0000000085e00000| Untracked 
|  59|0x0000000085f00000, 0x0000000085f00000, 0x0000000086000000|  0%| F|  |TAMS 0x0000000085f00000| PB 0x0000000085f00000| Untracked 
|  60|0x0000000086000000, 0x0000000086000000, 0x0000000086100000|  0%| F|  |TAMS 0x0000000086000000| PB 0x0000000086000000| Untracked 
|  61|0x0000000086100000, 0x0000000086100000, 0x0000000086200000|  0%| F|  |TAMS 0x0000000086100000| PB 0x0000000086100000| Untracked 
|  62|0x0000000086200000, 0x0000000086200000, 0x0000000086300000|  0%| F|  |TAMS 0x0000000086200000| PB 0x0000000086200000| Untracked 
|  63|0x0000000086300000, 0x0000000086300000, 0x0000000086400000|  0%| F|  |TAMS 0x0000000086300000| PB 0x0000000086300000| Untracked 
|  64|0x0000000086400000, 0x0000000086400000, 0x0000000086500000|  0%| F|  |TAMS 0x0000000086400000| PB 0x0000000086400000| Untracked 
|  65|0x0000000086500000, 0x0000000086500000, 0x0000000086600000|  0%| F|  |TAMS 0x0000000086500000| PB 0x0000000086500000| Untracked 
|  66|0x0000000086600000, 0x0000000086600000, 0x0000000086700000|  0%| F|  |TAMS 0x0000000086600000| PB 0x0000000086600000| Untracked 
|  67|0x0000000086700000, 0x0000000086700000, 0x0000000086800000|  0%| F|  |TAMS 0x0000000086700000| PB 0x0000000086700000| Untracked 
|  68|0x0000000086800000, 0x0000000086800000, 0x0000000086900000|  0%| F|  |TAMS 0x0000000086800000| PB 0x0000000086800000| Untracked 
|  69|0x0000000086900000, 0x0000000086900000, 0x0000000086a00000|  0%| F|  |TAMS 0x0000000086900000| PB 0x0000000086900000| Untracked 
|  70|0x0000000086a00000, 0x0000000086a00000, 0x0000000086b00000|  0%| F|  |TAMS 0x0000000086a00000| PB 0x0000000086a00000| Untracked 
|  71|0x0000000086b00000, 0x0000000086b00000, 0x0000000086c00000|  0%| F|  |TAMS 0x0000000086b00000| PB 0x0000000086b00000| Untracked 
|  72|0x0000000086c00000, 0x0000000086c00000, 0x0000000086d00000|  0%| F|  |TAMS 0x0000000086c00000| PB 0x0000000086c00000| Untracked 
|  73|0x0000000086d00000, 0x0000000086d00000, 0x0000000086e00000|  0%| F|  |TAMS 0x0000000086d00000| PB 0x0000000086d00000| Untracked 
|  74|0x0000000086e00000, 0x0000000086e00000, 0x0000000086f00000|  0%| F|  |TAMS 0x0000000086e00000| PB 0x0000000086e00000| Untracked 
|  75|0x0000000086f00000, 0x0000000086f00000, 0x0000000087000000|  0%| F|  |TAMS 0x0000000086f00000| PB 0x0000000086f00000| Untracked 
|  76|0x0000000087000000, 0x0000000087000000, 0x0000000087100000|  0%| F|  |TAMS 0x0000000087000000| PB 0x0000000087000000| Untracked 
|  77|0x0000000087100000, 0x0000000087100000, 0x0000000087200000|  0%| F|  |TAMS 0x0000000087100000| PB 0x0000000087100000| Untracked 
|  78|0x0000000087200000, 0x0000000087200000, 0x0000000087300000|  0%| F|  |TAMS 0x0000000087200000| PB 0x0000000087200000| Untracked 
|  79|0x0000000087300000, 0x0000000087300000, 0x0000000087400000|  0%| F|  |TAMS 0x0000000087300000| PB 0x0000000087300000| Untracked 
|  80|0x0000000087400000, 0x0000000087400000, 0x0000000087500000|  0%| F|  |TAMS 0x0000000087400000| PB 0x0000000087400000| Untracked 
|  81|0x0000000087500000, 0x0000000087500000, 0x0000000087600000|  0%| F|  |TAMS 0x0000000087500000| PB 0x0000000087500000| Untracked 
|  82|0x0000000087600000, 0x0000000087600000, 0x0000000087700000|  0%| F|  |TAMS 0x0000000087600000| PB 0x0000000087600000| Untracked 
|  83|0x0000000087700000, 0x0000000087700000, 0x0000000087800000|  0%| F|  |TAMS 0x0000000087700000| PB 0x0000000087700000| Untracked 
|  84|0x0000000087800000, 0x0000000087800000, 0x0000000087900000|  0%| F|  |TAMS 0x0000000087800000| PB 0x0000000087800000| Untracked 
|  85|0x0000000087900000, 0x0000000087900000, 0x0000000087a00000|  0%| F|  |TAMS 0x0000000087900000| PB 0x0000000087900000| Untracked 
|  86|0x0000000087a00000, 0x0000000087a00000, 0x0000000087b00000|  0%| F|  |TAMS 0x0000000087a00000| PB 0x0000000087a00000| Untracked 
|  87|0x0000000087b00000, 0x0000000087b00000, 0x0000000087c00000|  0%| F|  |TAMS 0x0000000087b00000| PB 0x0000000087b00000| Untracked 
|  88|0x0000000087c00000, 0x0000000087c00000, 0x0000000087d00000|  0%| F|  |TAMS 0x0000000087c00000| PB 0x0000000087c00000| Untracked 
|  89|0x0000000087d00000, 0x0000000087d00000, 0x0000000087e00000|  0%| F|  |TAMS 0x0000000087d00000| PB 0x0000000087d00000| Untracked 
|  90|0x0000000087e00000, 0x0000000087e00000, 0x0000000087f00000|  0%| F|  |TAMS 0x0000000087e00000| PB 0x0000000087e00000| Untracked 
|  91|0x0000000087f00000, 0x0000000087f00000, 0x0000000088000000|  0%| F|  |TAMS 0x0000000087f00000| PB 0x0000000087f00000| Untracked 
|  92|0x0000000088000000, 0x0000000088000000, 0x0000000088100000|  0%| F|  |TAMS 0x0000000088000000| PB 0x0000000088000000| Untracked 
|  93|0x0000000088100000, 0x0000000088100000, 0x0000000088200000|  0%| F|  |TAMS 0x0000000088100000| PB 0x0000000088100000| Untracked 
|  94|0x0000000088200000, 0x0000000088200000, 0x0000000088300000|  0%| F|  |TAMS 0x0000000088200000| PB 0x0000000088200000| Untracked 
|  95|0x0000000088300000, 0x0000000088300000, 0x0000000088400000|  0%| F|  |TAMS 0x0000000088300000| PB 0x0000000088300000| Untracked 
|  96|0x0000000088400000, 0x0000000088400000, 0x0000000088500000|  0%| F|  |TAMS 0x0000000088400000| PB 0x0000000088400000| Untracked 
|  97|0x0000000088500000, 0x0000000088500000, 0x0000000088600000|  0%| F|  |TAMS 0x0000000088500000| PB 0x0000000088500000| Untracked 
|  98|0x0000000088600000, 0x0000000088600000, 0x0000000088700000|  0%| F|  |TAMS 0x0000000088600000| PB 0x0000000088600000| Untracked 
|  99|0x0000000088700000, 0x0000000088700000, 0x0000000088800000|  0%| F|  |TAMS 0x0000000088700000| PB 0x0000000088700000| Untracked 
| 100|0x0000000088800000, 0x0000000088800000, 0x0000000088900000|  0%| F|  |TAMS 0x0000000088800000| PB 0x0000000088800000| Untracked 
| 101|0x0000000088900000, 0x0000000088900000, 0x0000000088a00000|  0%| F|  |TAMS 0x0000000088900000| PB 0x0000000088900000| Untracked 
| 102|0x0000000088a00000, 0x0000000088a00000, 0x0000000088b00000|  0%| F|  |TAMS 0x0000000088a00000| PB 0x0000000088a00000| Untracked 
| 103|0x0000000088b00000, 0x0000000088b00000, 0x0000000088c00000|  0%| F|  |TAMS 0x0000000088b00000| PB 0x0000000088b00000| Untracked 
| 104|0x0000000088c00000, 0x0000000088c00000, 0x0000000088d00000|  0%| F|  |TAMS 0x0000000088c00000| PB 0x0000000088c00000| Untracked 
| 105|0x0000000088d00000, 0x0000000088d00000, 0x0000000088e00000|  0%| F|  |TAMS 0x0000000088d00000| PB 0x0000000088d00000| Untracked 
| 106|0x0000000088e00000, 0x0000000088e08020, 0x0000000088f00000|  3%| E|  |TAMS 0x0000000088e00000| PB 0x0000000088e00000| Complete 
| 107|0x0000000088f00000, 0x0000000089000000, 0x0000000089000000|100%| E|CS|TAMS 0x0000000088f00000| PB 0x0000000088f00000| Complete 
| 108|0x0000000089000000, 0x0000000089100000, 0x0000000089100000|100%| E|CS|TAMS 0x0000000089000000| PB 0x0000000089000000| Complete 
| 109|0x0000000089100000, 0x0000000089200000, 0x0000000089200000|100%| E|CS|TAMS 0x0000000089100000| PB 0x0000000089100000| Complete 
| 110|0x0000000089200000, 0x0000000089300000, 0x0000000089300000|100%| E|CS|TAMS 0x0000000089200000| PB 0x0000000089200000| Complete 
| 111|0x0000000089300000, 0x0000000089400000, 0x0000000089400000|100%| E|CS|TAMS 0x0000000089300000| PB 0x0000000089300000| Complete 
| 112|0x0000000089400000, 0x0000000089500000, 0x0000000089500000|100%| E|CS|TAMS 0x0000000089400000| PB 0x0000000089400000| Complete 
| 113|0x0000000089500000, 0x0000000089600000, 0x0000000089600000|100%| E|CS|TAMS 0x0000000089500000| PB 0x0000000089500000| Complete 
| 114|0x0000000089600000, 0x0000000089700000, 0x0000000089700000|100%| E|CS|TAMS 0x0000000089600000| PB 0x0000000089600000| Complete 
| 115|0x0000000089700000, 0x0000000089800000, 0x0000000089800000|100%| E|CS|TAMS 0x0000000089700000| PB 0x0000000089700000| Complete 
| 116|0x0000000089800000, 0x0000000089900000, 0x0000000089900000|100%| E|CS|TAMS 0x0000000089800000| PB 0x0000000089800000| Complete 
| 117|0x0000000089900000, 0x0000000089a00000, 0x0000000089a00000|100%| E|CS|TAMS 0x0000000089900000| PB 0x0000000089900000| Complete 
| 118|0x0000000089a00000, 0x0000000089b00000, 0x0000000089b00000|100%| E|CS|TAMS 0x0000000089a00000| PB 0x0000000089a00000| Complete 
| 119|0x0000000089b00000, 0x0000000089c00000, 0x0000000089c00000|100%| E|CS|TAMS 0x0000000089b00000| PB 0x0000000089b00000| Complete 
| 120|0x0000000089c00000, 0x0000000089d00000, 0x0000000089d00000|100%| E|CS|TAMS 0x0000000089c00000| PB 0x0000000089c00000| Complete 
| 121|0x0000000089d00000, 0x0000000089e00000, 0x0000000089e00000|100%| E|CS|TAMS 0x0000000089d00000| PB 0x0000000089d00000| Complete 
| 122|0x0000000089e00000, 0x0000000089f00000, 0x0000000089f00000|100%| E|CS|TAMS 0x0000000089e00000| PB 0x0000000089e00000| Complete 
| 123|0x0000000089f00000, 0x000000008a000000, 0x000000008a000000|100%| E|CS|TAMS 0x0000000089f00000| PB 0x0000000089f00000| Complete 
| 124|0x000000008a000000, 0x000000008a100000, 0x000000008a100000|100%| E|CS|TAMS 0x000000008a000000| PB 0x000000008a000000| Complete 
| 125|0x000000008a100000, 0x000000008a200000, 0x000000008a200000|100%| E|CS|TAMS 0x000000008a100000| PB 0x000000008a100000| Complete 

Card table byte_map: [0x0000016e77140000,0x0000016e77530000] _byte_map_base: 0x0000016e76d2e000

Marking Bits: (CMBitMap*) 0x0000016e5f62bd70
 Bits: [0x0000016e77530000, 0x0000016e794a0000)

Polling page: 0x0000016e5d530000

Metaspace:

Usage:
  Non-class:      4.04 MB used.
      Class:    525.48 KB used.
       Both:      4.55 MB used.

Virtual space:
  Non-class space:       64.00 MB reserved,       4.19 MB (  7%) committed,  1 nodes.
      Class space:        1.00 GB reserved,     640.00 KB ( <1%) committed,  1 nodes.
             Both:        1.06 GB reserved,       4.81 MB ( <1%) committed. 

Chunk freelists:
   Non-Class:  10.11 MB
       Class:  15.42 MB
        Both:  25.53 MB

MaxMetaspaceSize: unlimited
CompressedClassSpaceSize: 1.00 GB
Initial GC threshold: 21.00 MB
Current GC threshold: 21.00 MB
CDS: on
 - commit_granule_bytes: 65536.
 - commit_granule_words: 8192.
 - virtual_space_node_default_size: 8388608.
 - enlarge_chunks_in_place: 1.
 - use_allocation_guard: 0.


Internal statistics:

num_allocs_failed_limit: 0.
num_arena_births: 130.
num_arena_deaths: 0.
num_vsnodes_births: 2.
num_vsnodes_deaths: 0.
num_space_committed: 77.
num_space_uncommitted: 0.
num_chunks_returned_to_freelist: 0.
num_chunks_taken_from_freelist: 292.
num_chunk_merges: 0.
num_chunk_splits: 158.
num_chunks_enlarged: 67.
num_inconsistent_stats: 0.

CodeHeap 'non-profiled nmethods': size=120000Kb used=365Kb max_used=365Kb free=119634Kb
 bounds [0x0000016e6f4f0000, 0x0000016e6f760000, 0x0000016e76a20000]
CodeHeap 'profiled nmethods': size=120000Kb used=1829Kb max_used=1829Kb free=118170Kb
 bounds [0x0000016e67a20000, 0x0000016e67c90000, 0x0000016e6ef50000]
CodeHeap 'non-nmethods': size=5760Kb used=1354Kb max_used=1375Kb free=4405Kb
 bounds [0x0000016e6ef50000, 0x0000016e6f1c0000, 0x0000016e6f4f0000]
 total_blobs=1459 nmethods=999 adapters=365
 compilation: enabled
              stopped_count=0, restarted_count=0
 full_count=0

Compilation events (20 events):
Event: 0.874 Thread 0x0000016e7b9bc490  943   !   3       java.util.zip.ZipFile$CleanableResource::releaseInflater (53 bytes)
Event: 0.875 Thread 0x0000016e7b9bc490 nmethod 943 0x0000016e67bc8f90 code [0x0000016e67bc9180, 0x0000016e67bc95c8]
Event: 0.875 Thread 0x0000016e7b9bc490  944   !   3       java.util.zip.Inflater::reset (64 bytes)
Event: 0.875 Thread 0x0000016e7b9bc490 nmethod 944 0x0000016e67bc9790 code [0x0000016e67bc9960, 0x0000016e67bc9ce0]
Event: 0.875 Thread 0x0000016e7b9bc490  937       3       java.net.URLStreamHandler::setURL (159 bytes)
Event: 0.877 Thread 0x0000016e7b9bc490 nmethod 937 0x0000016e67bc9e90 code [0x0000016e67bca220, 0x0000016e67bcb718]
Event: 0.877 Thread 0x0000016e7b9bc490  946       3       java.util.LinkedHashMap$LinkedHashIterator::hasNext (13 bytes)
Event: 0.877 Thread 0x0000016e7b9bc490 nmethod 946 0x0000016e67bcc010 code [0x0000016e67bcc1a0, 0x0000016e67bcc310]
Event: 0.877 Thread 0x0000016e7b9bc490  947       1       java.lang.StackTraceElement::getClassName (5 bytes)
Event: 0.877 Thread 0x0000016e7b9bc490 nmethod 947 0x0000016e6f548190 code [0x0000016e6f548320, 0x0000016e6f5483e8]
Event: 0.877 Thread 0x0000016e7b9bc490  948       3       java.lang.Record::<init> (5 bytes)
Event: 0.877 Thread 0x0000016e7b9bc490 nmethod 948 0x0000016e67bcc390 code [0x0000016e67bcc540, 0x0000016e67bcc6a8]
Event: 0.878 Thread 0x0000016e7b9bc490  949       3       java.lang.invoke.DirectMethodHandle::internalMemberName (8 bytes)
Event: 0.879 Thread 0x0000016e7b9bc490 nmethod 949 0x0000016e67bcc790 code [0x0000016e67bcc940, 0x0000016e67bccb30]
Event: 0.884 Thread 0x0000016e7b9bc490  950       3       java.lang.invoke.MethodType::toMethodDescriptorString (28 bytes)
Event: 0.884 Thread 0x0000016e7b9bc490 nmethod 950 0x0000016e67bccc10 code [0x0000016e67bccdc0, 0x0000016e67bccfa0]
Event: 0.884 Thread 0x0000016e7b9bc490  952       3       jdk.internal.org.objectweb.asm.MethodWriter::<init> (232 bytes)
Event: 0.885 Thread 0x0000016e7b9bc490 nmethod 952 0x0000016e67bcd090 code [0x0000016e67bcd340, 0x0000016e67bce0d8]
Event: 0.886 Thread 0x0000016e7b9bc490  951       3       jdk.internal.org.objectweb.asm.ClassWriter::visitMethod (57 bytes)
Event: 0.886 Thread 0x0000016e7b9bc490 nmethod 951 0x0000016e67bce590 code [0x0000016e67bce760, 0x0000016e67bceac8]

GC Heap History (0 events):
No events

Dll operation events (8 events):
Event: 0.016 Loaded shared library C:\Program Files\Java\jdk-21\bin\java.dll
Event: 0.070 Loaded shared library C:\Program Files\Java\jdk-21\bin\jsvml.dll
Event: 0.234 Loaded shared library C:\Program Files\Java\jdk-21\bin\net.dll
Event: 0.237 Loaded shared library C:\Program Files\Java\jdk-21\bin\nio.dll
Event: 0.242 Loaded shared library C:\Program Files\Java\jdk-21\bin\zip.dll
Event: 0.430 Loaded shared library C:\Program Files\Java\jdk-21\bin\jimage.dll
Event: 0.881 Loaded shared library C:\Program Files\Java\jdk-21\bin\management.dll
Event: 0.886 Loaded shared library C:\Program Files\Java\jdk-21\bin\management_ext.dll

Deoptimization events (18 events):
Event: 0.222 Thread 0x0000016e5d286d20 Uncommon trap: trap_request=0xffffff45 fr.pc=0x0000016e6f4f12e4 relative=0x00000000000000c4
Event: 0.222 Thread 0x0000016e5d286d20 Uncommon trap: reason=unstable_if action=reinterpret pc=0x0000016e6f4f12e4 method=java.lang.String.isLatin1()Z @ 10 c2
Event: 0.222 Thread 0x0000016e5d286d20 DEOPT PACKING pc=0x0000016e6f4f12e4 sp=0x00000036f45fee10
Event: 0.222 Thread 0x0000016e5d286d20 DEOPT UNPACKING pc=0x0000016e6efa46a2 sp=0x00000036f45fed50 mode 2
Event: 0.271 Thread 0x0000016e5d286d20 DEOPT PACKING pc=0x0000016e67a2d899 sp=0x00000036f45fd9b0
Event: 0.271 Thread 0x0000016e5d286d20 DEOPT UNPACKING pc=0x0000016e6efa4e42 sp=0x00000036f45fcdd0 mode 0
Event: 0.278 Thread 0x0000016e5d286d20 DEOPT PACKING pc=0x0000016e67a29761 sp=0x00000036f45fd5b0
Event: 0.278 Thread 0x0000016e5d286d20 DEOPT UNPACKING pc=0x0000016e6efa4e42 sp=0x00000036f45fca18 mode 0
Event: 0.358 Thread 0x0000016e5d286d20 DEOPT PACKING pc=0x0000016e67a4ee88 sp=0x00000036f45fddd0
Event: 0.358 Thread 0x0000016e5d286d20 DEOPT UNPACKING pc=0x0000016e6efa4e42 sp=0x00000036f45fd260 mode 0
Event: 0.359 Thread 0x0000016e5d286d20 DEOPT PACKING pc=0x0000016e67a74ff8 sp=0x00000036f45fdb10
Event: 0.359 Thread 0x0000016e5d286d20 DEOPT UNPACKING pc=0x0000016e6efa4e42 sp=0x00000036f45fd0c0 mode 0
Event: 0.436 Thread 0x0000016e5d286d20 Uncommon trap: trap_request=0xffffff45 fr.pc=0x0000016e6f4fb898 relative=0x0000000000000078
Event: 0.436 Thread 0x0000016e5d286d20 Uncommon trap: reason=unstable_if action=reinterpret pc=0x0000016e6f4fb898 method=java.io.WinNTFileSystem.isSlash(C)Z @ 9 c2
Event: 0.436 Thread 0x0000016e5d286d20 DEOPT PACKING pc=0x0000016e6f4fb898 sp=0x00000036f45fd960
Event: 0.436 Thread 0x0000016e5d286d20 DEOPT UNPACKING pc=0x0000016e6efa46a2 sp=0x00000036f45fd8e8 mode 2
Event: 0.854 Thread 0x0000016e5d286d20 DEOPT PACKING pc=0x0000016e67a526ce sp=0x00000036f45fda50
Event: 0.854 Thread 0x0000016e5d286d20 DEOPT UNPACKING pc=0x0000016e6efa4e42 sp=0x00000036f45fcec8 mode 0

Classes loaded (20 events):
Event: 0.871 Loading class java/util/concurrent/LinkedBlockingDeque
Event: 0.871 Loading class java/util/concurrent/LinkedBlockingDeque done
Event: 0.877 Loading class java/lang/management/ManagementFactory
Event: 0.878 Loading class java/lang/management/ManagementFactory done
Event: 0.881 Loading class java/lang/management/RuntimeMXBean
Event: 0.882 Loading class java/lang/management/PlatformManagedObject
Event: 0.882 Loading class java/lang/management/PlatformManagedObject done
Event: 0.882 Loading class java/lang/management/RuntimeMXBean done
Event: 0.882 Loading class java/lang/management/ManagementFactory$PlatformMBeanFinder
Event: 0.882 Loading class java/lang/management/ManagementFactory$PlatformMBeanFinder done
Event: 0.882 Loading class java/lang/management/ManagementFactory$PlatformMBeanFinder$1
Event: 0.882 Loading class java/lang/management/ManagementFactory$PlatformMBeanFinder$1 done
Event: 0.882 Loading class sun/management/spi/PlatformMBeanProvider
Event: 0.883 Loading class sun/management/spi/PlatformMBeanProvider done
Event: 0.883 Loading class com/sun/management/internal/PlatformMBeanProviderImpl
Event: 0.883 Loading class com/sun/management/internal/PlatformMBeanProviderImpl done
Event: 0.886 Loading class com/sun/management/internal/PlatformMBeanProviderImpl$1
Event: 0.886 Loading class sun/management/spi/PlatformMBeanProvider$PlatformComponent
Event: 0.886 Loading class sun/management/spi/PlatformMBeanProvider$PlatformComponent done
Event: 0.886 Loading class com/sun/management/internal/PlatformMBeanProviderImpl$1 done

Classes unloaded (0 events):
No events

Classes redefined (0 events):
No events

Internal exceptions (12 events):
Event: 0.508 Thread 0x0000016e5d286d20 Exception <a 'java/lang/ClassNotFoundException'{0x0000000089831a48}: javax/smartcardio/CardPermission> (0x0000000089831a48) 
thrown [s\open\src\hotspot\share\classfile\systemDictionary.cpp, line 312]
Event: 0.516 Thread 0x0000016e5d286d20 Exception <a 'java/io/FileNotFoundException'{0x0000000089840320}> (0x0000000089840320) 
thrown [s\open\src\hotspot\share\prims\jni.cpp, line 520]
Event: 0.564 Thread 0x0000016e5d286d20 Exception <a 'java/lang/NoSuchMethodError'{0x00000000898ca2b8}: 'java.lang.Object java.lang.invoke.DirectMethodHandle$Holder.invokeSpecial(java.lang.Object, java.lang.Object, java.lang.Object, long, java.lang.Object)'> (0x00000000898ca2b8) 
thrown [s\open\src\hotspot\share\interpreter\linkResolver.cpp, line 773]
Event: 0.565 Thread 0x0000016e5d286d20 Exception <a 'java/lang/NoSuchMethodError'{0x00000000898cdc08}: 'java.lang.Object java.lang.invoke.Invokers$Holder.linkToTargetMethod(java.lang.Object, long, java.lang.Object, java.lang.Object)'> (0x00000000898cdc08) 
thrown [s\open\src\hotspot\share\interpreter\linkResolver.cpp, line 773]
Event: 0.667 Thread 0x0000016e5d286d20 Exception <a 'java/lang/NoSuchMethodError'{0x00000000896d1be0}: 'void java.lang.invoke.DirectMethodHandle$Holder.invokeStatic(java.lang.Object, java.lang.Object, java.lang.Object, java.lang.Object)'> (0x00000000896d1be0) 
thrown [s\open\src\hotspot\share\interpreter\linkResolver.cpp, line 773]
Event: 0.724 Thread 0x0000016e5d286d20 Exception <a 'java/lang/NoSuchMethodError'{0x00000000895fc3d8}: 'int java.lang.invoke.DirectMethodHandle$Holder.invokeStaticInit(java.lang.Object, java.lang.Object)'> (0x00000000895fc3d8) 
thrown [s\open\src\hotspot\share\interpreter\linkResolver.cpp, line 773]
Event: 0.777 Thread 0x0000016e5d286d20 Exception <a 'java/lang/NoSuchMethodError'{0x000000008936ca58}: 'void java.lang.invoke.DirectMethodHandle$Holder.invokeInterface(java.lang.Object, java.lang.Object, java.lang.Object, java.lang.Object)'> (0x000000008936ca58) 
thrown [s\open\src\hotspot\share\interpreter\linkResolver.cpp, line 773]
Event: 0.823 Thread 0x0000016e5d286d20 Exception <a 'java/lang/NoSuchMethodError'{0x00000000892d3910}: 'java.lang.Object java.lang.invoke.DirectMethodHandle$Holder.invokeInterface(java.lang.Object, java.lang.Object)'> (0x00000000892d3910) 
thrown [s\open\src\hotspot\share\interpreter\linkResolver.cpp, line 773]
Event: 0.828 Thread 0x0000016e5d286d20 Exception <a 'java/lang/NoSuchMethodError'{0x000000008910f608}: 'void java.lang.invoke.DirectMethodHandle$Holder.invokeStatic(java.lang.Object, java.lang.Object, java.lang.Object)'> (0x000000008910f608) 
thrown [s\open\src\hotspot\share\interpreter\linkResolver.cpp, line 773]
Event: 0.829 Thread 0x0000016e5d286d20 Exception <a 'java/lang/NoSuchMethodError'{0x0000000089115f18}: 'void java.lang.invoke.DirectMethodHandle$Holder.invokeStatic(java.lang.Object, java.lang.Object)'> (0x0000000089115f18) 
thrown [s\open\src\hotspot\share\interpreter\linkResolver.cpp, line 773]
Event: 0.840 Thread 0x0000016e5d286d20 Exception <a 'java/lang/NoSuchMethodError'{0x000000008917fe10}: 'java.lang.Object java.lang.invoke.DirectMethodHandle$Holder.invokeSpecialIFC(java.lang.Object, java.lang.Object, java.lang.Object, java.lang.Object)'> (0x000000008917fe10) 
thrown [s\open\src\hotspot\share\interpreter\linkResolver.cpp, line 773]
Event: 0.844 Thread 0x0000016e5d286d20 Exception <a 'java/lang/NoSuchMethodError'{0x00000000891a2390}: 'java.lang.Object java.lang.invoke.DirectMethodHandle$Holder.invokeInterface(java.lang.Object, java.lang.Object, java.lang.Object)'> (0x00000000891a2390) 
thrown [s\open\src\hotspot\share\interpreter\linkResolver.cpp, line 773]

ZGC Phase Switch (0 events):
No events

VM Operations (8 events):
Event: 0.252 Executing VM operation: HandshakeAllThreads (Deoptimize)
Event: 0.252 Executing VM operation: HandshakeAllThreads (Deoptimize) done
Event: 0.381 Executing VM operation: HandshakeAllThreads (Deoptimize)
Event: 0.381 Executing VM operation: HandshakeAllThreads (Deoptimize) done
Event: 0.435 Executing VM operation: HandshakeAllThreads (Deoptimize)
Event: 0.435 Executing VM operation: HandshakeAllThreads (Deoptimize) done
Event: 0.819 Executing VM operation: HandshakeAllThreads (Deoptimize)
Event: 0.819 Executing VM operation: HandshakeAllThreads (Deoptimize) done

Events (12 events):
Event: 0.041 Thread 0x0000016e5d286d20 Thread added: 0x0000016e5d286d20
Event: 0.065 Thread 0x0000016e7b9a3b60 Thread added: 0x0000016e7b9a3b60
Event: 0.066 Thread 0x0000016e7b9a4c30 Thread added: 0x0000016e7b9a4c30
Event: 0.066 Thread 0x0000016e7b9a72d0 Thread added: 0x0000016e7b9a72d0
Event: 0.066 Thread 0x0000016e7b9a8440 Thread added: 0x0000016e7b9a8440
Event: 0.067 Thread 0x0000016e7b9b2ff0 Thread added: 0x0000016e7b9b2ff0
Event: 0.067 Thread 0x0000016e7b9b9420 Thread added: 0x0000016e7b9b9420
Event: 0.067 Thread 0x0000016e7b9bbde0 Thread added: 0x0000016e7b9bbde0
Event: 0.067 Thread 0x0000016e7b9bc490 Thread added: 0x0000016e7b9bc490
Event: 0.220 Thread 0x0000016e4528c850 Thread added: 0x0000016e4528c850
Event: 0.226 Thread 0x0000016e4528d570 Thread added: 0x0000016e4528d570
Event: 0.280 Thread 0x0000016e453538c0 Thread added: 0x0000016e453538c0


Dynamic libraries:
0x00007ff684d40000 - 0x00007ff684d50000 	C:\Program Files\Java\jdk-21\bin\javaw.exe
0x00007ffc01a10000 - 0x00007ffc01c27000 	C:\WINDOWS\SYSTEM32\ntdll.dll
0x00007ffbff760000 - 0x00007ffbff824000 	C:\WINDOWS\System32\KERNEL32.DLL
0x00007ffbff0f0000 - 0x00007ffbff496000 	C:\WINDOWS\System32\KERNELBASE.dll
0x00007ffbfedc0000 - 0x00007ffbfeed1000 	C:\WINDOWS\System32\ucrtbase.dll
0x00007ffbeac00000 - 0x00007ffbeac19000 	C:\Program Files\Java\jdk-21\bin\jli.dll
0x00007ffbe9d90000 - 0x00007ffbe9dab000 	C:\Program Files\Java\jdk-21\bin\VCRUNTIME140.dll
0x00007ffc00080000 - 0x00007ffc00133000 	C:\WINDOWS\System32\ADVAPI32.dll
0x00007ffbffd80000 - 0x00007ffbffe27000 	C:\WINDOWS\System32\msvcrt.dll
0x00007ffbffe30000 - 0x00007ffbffed8000 	C:\WINDOWS\System32\sechost.dll
0x00007ffbff730000 - 0x00007ffbff758000 	C:\WINDOWS\System32\bcrypt.dll
0x00007ffbffbf0000 - 0x00007ffbffd07000 	C:\WINDOWS\System32\RPCRT4.dll
0x00007ffbffa40000 - 0x00007ffbffbee000 	C:\WINDOWS\System32\USER32.dll
0x00007ffbff700000 - 0x00007ffbff726000 	C:\WINDOWS\System32\win32u.dll
0x00007ffbecf80000 - 0x00007ffbed213000 	C:\WINDOWS\WinSxS\amd64_microsoft.windows.common-controls_6595b64144ccf1df_6.0.22621.2506_none_270c5ae97388e100\COMCTL32.dll
0x00007ffc019a0000 - 0x00007ffc019c9000 	C:\WINDOWS\System32\GDI32.dll
0x00007ffbff5e0000 - 0x00007ffbff6f8000 	C:\WINDOWS\System32\gdi32full.dll
0x00007ffbff050000 - 0x00007ffbff0ea000 	C:\WINDOWS\System32\msvcp_win.dll
0x00007ffbf4730000 - 0x00007ffbf473a000 	C:\WINDOWS\SYSTEM32\VERSION.dll
0x00007ffbff830000 - 0x00007ffbff861000 	C:\WINDOWS\System32\IMM32.DLL
0x00007ffbebcc0000 - 0x00007ffbebccc000 	C:\Program Files\Java\jdk-21\bin\vcruntime140_1.dll
0x00007ffbe4020000 - 0x00007ffbe40ae000 	C:\Program Files\Java\jdk-21\bin\msvcp140.dll
0x00007ffbbb720000 - 0x00007ffbbc435000 	C:\Program Files\Java\jdk-21\bin\server\jvm.dll
0x00007ffc00bf0000 - 0x00007ffc00c61000 	C:\WINDOWS\System32\WS2_32.dll
0x00007ffbfec20000 - 0x00007ffbfec6d000 	C:\WINDOWS\SYSTEM32\POWRPROF.dll
0x00007ffbf6760000 - 0x00007ffbf6794000 	C:\WINDOWS\SYSTEM32\WINMM.dll
0x00007ffbfec00000 - 0x00007ffbfec13000 	C:\WINDOWS\SYSTEM32\UMPDC.dll
0x00007ffbfdd40000 - 0x00007ffbfdd58000 	C:\WINDOWS\SYSTEM32\kernel.appcore.dll
0x00007ffbeb8d0000 - 0x00007ffbeb8da000 	C:\Program Files\Java\jdk-21\bin\jimage.dll
0x00007ffbfc6b0000 - 0x00007ffbfc8e3000 	C:\WINDOWS\SYSTEM32\DBGHELP.DLL
0x00007ffc01610000 - 0x00007ffc01999000 	C:\WINDOWS\System32\combase.dll
0x00007ffbff870000 - 0x00007ffbff947000 	C:\WINDOWS\System32\OLEAUT32.dll
0x00007ffbe6070000 - 0x00007ffbe60a2000 	C:\WINDOWS\SYSTEM32\dbgcore.DLL
0x00007ffbff560000 - 0x00007ffbff5da000 	C:\WINDOWS\System32\bcryptPrimitives.dll
0x00007ffbe9b60000 - 0x00007ffbe9b7f000 	C:\Program Files\Java\jdk-21\bin\java.dll
0x00007ffc00390000 - 0x00007ffc00bea000 	C:\WINDOWS\System32\SHELL32.dll
0x00007ffbfcc50000 - 0x00007ffbfd546000 	C:\WINDOWS\SYSTEM32\windows.storage.dll
0x00007ffbfcb10000 - 0x00007ffbfcc4e000 	C:\WINDOWS\SYSTEM32\wintypes.dll
0x00007ffc00290000 - 0x00007ffc00383000 	C:\WINDOWS\System32\SHCORE.dll
0x00007ffc013f0000 - 0x00007ffc0144e000 	C:\WINDOWS\System32\shlwapi.dll
0x00007ffbfec80000 - 0x00007ffbfeca6000 	C:\WINDOWS\SYSTEM32\profapi.dll
0x00007ffbc36d0000 - 0x00007ffbc37a7000 	C:\Program Files\Java\jdk-21\bin\jsvml.dll
0x00007ffbeb6a0000 - 0x00007ffbeb6b0000 	C:\Program Files\Java\jdk-21\bin\net.dll
0x00007ffbf69f0000 - 0x00007ffbf6b27000 	C:\WINDOWS\SYSTEM32\WINHTTP.dll
0x00007ffbfe1c0000 - 0x00007ffbfe229000 	C:\WINDOWS\system32\mswsock.dll
0x00007ffbe9b40000 - 0x00007ffbe9b56000 	C:\Program Files\Java\jdk-21\bin\nio.dll
0x00007ffbe8020000 - 0x00007ffbe8038000 	C:\Program Files\Java\jdk-21\bin\zip.dll
0x00007ffbea610000 - 0x00007ffbea61a000 	C:\Program Files\Java\jdk-21\bin\management.dll
0x00007ffbe9d80000 - 0x00007ffbe9d8b000 	C:\Program Files\Java\jdk-21\bin\management_ext.dll
0x00007ffc00070000 - 0x00007ffc00078000 	C:\WINDOWS\System32\PSAPI.DLL

dbghelp: loaded successfully - version: 4.0.5 - missing functions: none
symbol engine: initialized successfully - sym options: 0x614 - pdb path: .;C:\Program Files\Java\jdk-21\bin;C:\WINDOWS\SYSTEM32;C:\WINDOWS\WinSxS\amd64_microsoft.windows.common-controls_6595b64144ccf1df_6.0.22621.2506_none_270c5ae97388e100;C:\Program Files\Java\jdk-21\bin\server

VM Arguments:
jvm_args: -Dfile.encoding=UTF-8 -Dstdout.encoding=UTF-8 -Dstderr.encoding=UTF-8 -XX:+ShowCodeDetailsInExceptionMessages 
java_command: com.hotel.rating.HotelRatingApplication
java_class_path (initial): D:\lcwd\Hotel-Rating\target\classes;C:\Users\Warrior\.m2\repository\org\springframework\boot\spring-boot-starter-data-mongodb\3.2.1\spring-boot-starter-data-mongodb-3.2.1.jar;C:\Users\Warrior\.m2\repository\org\springframework\boot\spring-boot-starter\3.2.1\spring-boot-starter-3.2.1.jar;C:\Users\Warrior\.m2\repository\org\springframework\boot\spring-boot-starter-logging\3.2.1\spring-boot-starter-logging-3.2.1.jar;C:\Users\Warrior\.m2\repository\ch\qos\logback\logback-classic\1.4.14\logback-classic-1.4.14.jar;C:\Users\Warrior\.m2\repository\ch\qos\logback\logback-core\1.4.14\logback-core-1.4.14.jar;C:\Users\Warrior\.m2\repository\org\apache\logging\log4j\log4j-to-slf4j\2.21.1\log4j-to-slf4j-2.21.1.jar;C:\Users\Warrior\.m2\repository\org\apache\logging\log4j\log4j-api\2.21.1\log4j-api-2.21.1.jar;C:\Users\Warrior\.m2\repository\org\slf4j\jul-to-slf4j\2.0.9\jul-to-slf4j-2.0.9.jar;C:\Users\Warrior\.m2\repository\jakarta\annotation\jakarta.annotation-api\2.1.1\jakarta.annotation-api-2.1.1.jar;C:\Users\Warrior\.m2\repository\org\yaml\snakeyaml\2.2\snakeyaml-2.2.jar;C:\Users\Warrior\.m2\repository\org\mongodb\mongodb-driver-sync\4.11.1\mongodb-driver-sync-4.11.1.jar;C:\Users\Warrior\.m2\repository\org\mongodb\bson\4.11.1\bson-4.11.1.jar;C:\Users\Warrior\.m2\repository\org\mongodb\mongodb-driver-core\4.11.1\mongodb-driver-core-4.11.1.jar;C:\Users\Warrior\.m2\repository\org\mongodb\bson-record-codec\4.11.1\bson-record-codec-4.11.1.jar;C:\Users\Warrior\.m2\repository\org\springframework\data\spring-data-mongodb\4.2.1\spring-data-mongodb-4.2.1.jar;C:\Users\Warrior\.m2\repository\org\springframework\spring-tx\6.1.2\spring-tx-6.1.2.jar;C:\Users\Warrior\.m2\repository\org\springframework\spring-context\6.1.2\spring-context-6.1.2.jar;C:\Users\Warrior\.m2\repository\org\springframework\spring-beans\6.1.2\spring-beans-6.1.2.jar;C:\Users\Warrior\.m2\repository\org\springframework\spring-expression\6.1.2\spring-expression-6.1.2.jar;C:\Users\Warrior\.m2\repository\org\springframework\data\spring-data-commons\3.2.1\spring-data-commons-3.2.1.jar;C:\Users\Warrior\.m2\repository\org\slf4j\slf4j-api\2.0.9\slf4j-api-2.0.9.jar;C:\Users\Warrior\.m2\repository\org\springframework\cloud\spring-cloud-starter-netflix-eureka-client\4.1.0\spring-cloud-starter-netflix-eureka-client-4.1.0.jar;C:\Users\Warrior\.m2\repository\org\springframework\cloud\spring-cloud-starter\4.1.0\spring-cloud-starter-4.1.0.jar;C:\Users\Warrior\.m2\repository\org\springframework\cloud\spring-cloud-context\4.1.0\spring-cloud-context-4.1.0.jar;C:\Users\Warrior\.m2\repository\org\springframework\security\spring-security-crypto\6.2.1\spring-security-crypto-6.2.1.jar;C:\Users\Warrior\.m2\repository\org\springframework\cloud\spring-cloud-commons\4.1.0\spring-cloud-commons-4.1.0.jar;C:\Users\Warrior\.m2\repository\org\springframework\security\spring-security-rsa\1.1.1\spring-security-rsa-1.1.1.jar;C:\Users\Warrior\.m2\repository\org\bouncycastle\bcprov-jdk18on\1.74\bcprov-jdk18on-1.74.jar;C:\Users\Warrior\.m2\repository\org\springframework\cloud\spring-cloud-netflix-eureka-client\4.1.0\spring-cloud-netflix-eureka-client-4.1.0.jar;C:\Users\Warrior\.m2\repository\org\apache\httpcomponents\client5\httpclient5\5.2.3\httpclient5-5.2.3.jar;C:\Users\Warrior\.m2\repository\org\apache\httpcomponents\core5\httpcore5\5.2.4\httpcore5-5.2.4.jar;C:\Users\Warrior\.m2\repository\org\apache\httpcomponents\core5\httpcore5-h2\5.2.4\httpcore5-h2-5.2.4.jar;C:\Users\Warrior\.m2\repository\com\netflix\eureka\eureka-client\2.0.1\eureka-client-2.0.1.jar;C:\Users\Warrior\.m2\repository\com\netflix\netflix-commons\netflix-eventbus\0.3.0\netflix-eventbus-0.3.0.jar;C:\Users\Warrior\.m2\repository\com\netflix\netflix-commons\netflix-infix\0.3.0\netflix-infix-0.3.0.jar;C:\Users\Warrior\.m2\repository\commons-jxpath\commons-jxpath\1.3\commons-jxpath-1.3.jar;C:\Users\Warrior\.m2\repository\joda-time\joda-time\2.3\joda-time-2.3.jar;C:\Users\Warrior\.m2\repository\org\antlr\antlr-runtime\3.4\antlr-runtime-3.4.jar;C:\Users\Warrior\.m2\repository\org\antlr\stringtemplate\3.2.1\stringtemplate-3.2.1.jar;C:\Users\Warrior\.m2\repository\antlr\antlr\2.7.7\antlr-2.7.7.jar;C:\Users\Warrior\.m2\repository\com\google\code\gson\gson\2.10.1\gson-2.10.1.jar;C:\Users\Warrior\.m2\repository\org\apache\commons\commons-math\2.2\commons-math-2.2.jar;C:\Users\Warrior\.m2\repository\com\thoughtworks\xstream\xstream\1.4.19\xstream-1.4.19.jar;C:\Users\Warrior\.m2\repository\io\github\x-stream\mxparser\1.2.2\mxparser-1.2.2.jar;C:\Users\Warrior\.m2\repository\xmlpull\xmlpull\1.1.3.1\xmlpull-1.1.3.1.jar;C:\Users\Warrior\.m2\repository\jakarta\ws\rs\jakarta.ws.rs-api\3.1.0\jakarta.ws.rs-api-3.1.0.jar;C:\Users\Warrior\.m2\repository\jakarta\inject\jakarta.inject-api\2.0.1\jakarta.inject-api-2.0.1.jar;C:\Users\Warrior\.m2\repository\com\netflix\servo\servo-core\0.12.21\servo-core-0.12.21.jar;C:\Users\Warrior\.m2\repository\com\google\guava\guava\19.0\guava-19.0.jar;C:\Users\Warrior\.m2\repository\org\apache\httpcomponents\httpclient\4.5.3\httpclient-4.5.3.jar;C:\Users\Warrior\.m2\repository\org\apache\httpcomponents\httpcore\4.4.16\httpcore-4.4.16.jar;C:\Users\Warrior\.m2\repository\commons-codec\commons-codec\1.16.0\commons-codec-1.16.0.jar;C:\Users\Warrior\.m2\repository\commons-configuration\commons-configuration\1.10\commons-configuration-1.10.jar;C:\Users\Warrior\.m2\repository\commons-lang\commons-lang\2.6\commons-lang-2.6.jar;C:\Users\Warrior\.m2\repository\com\fasterxml\jackson\core\jackson-annotations\2.15.3\jackson-annotations-2.15.3.jar;C:\Users\Warrior\.m2\repository\com\fasterxml\jackson\core\jackson-core\2.15.3\jackson-core-2.15.3.jar;C:\Users\Warrior\.m2\repository\org\codehaus\jettison\jettison\1.4.0\jettison-1.4.0.jar;C:\Users\Warrior\.m2\repository\com\netflix\eureka\eureka-core\2.0.1\eureka-core-2.0.1.jar;C:\Users\Warrior\.m2\repository\com\fasterxml\woodstox\woodstox-core\6.2.1\woodstox-core-6.2.1.jar;C:\Users\Warrior\.m2\repository\org\codehaus\woodstox\stax2-api\4.2.1\stax2-api-4.2.1.jar;C:\Users\Warrior\.m2\repository\org\springframework\cloud\spring-cloud-starter-loadbalancer\4.1.0\spring-cloud-starter-loadbalancer-4.1.0.jar;C:\Users\Warrior\.m2\repository\org\springframework\cloud\spring-cloud-loadbalancer\4.1.0\spring-cloud-loadbalancer-4.1.0.jar;C:\Users\Warrior\.m2\repository\io\projectreactor\reactor-core\3.6.1\reactor-core-3.6.1.jar;C:\Users\Warrior\.m2\repository\org\reactivestreams\reactive-streams\1.0.4\reactive-streams-1.0.4.jar;C:\Users\Warrior\.m2\repository\io\projectreactor\addons\reactor-extra\3.5.1\reactor-extra-3.5.1.jar;C:\Users\Warrior\.m2\repository\org\springframework\boot\spring-boot-starter-cache\3.2.1\spring-boot-starter-cache-3.2.1.jar;C:\Users\Warrior\.m2\repository\org\springframework\spring-context-support\6.1.2\spring-context-support-6.1.2.jar;C:\Users\Warrior\.m2\repository\com\stoyanr\evictor\1.0.0\evictor-1.0.0.jar;C:\Users\Warrior\.m2\repository\org\springframework\boot\spring-boot-starter-web\3.2.1\spring-boot-starter-web-3.2.1.jar;C:\Users\Warrior\.m2\repository\org\springframework\boot\spring-boot-starter-json\3.2.1\spring-boot-starter-json-3.2.1.jar;C:\Users\Warrior\.m2\repository\com\fasterxml\jackson\datatype\jackson-datatype-jdk8\2.15.3\jackson-datatype-jdk8-2.15.3.jar;C:\Users\Warrior\.m2\repository\com\fasterxml\jackson\datatype\jackson-datatype-jsr310\2.15.3\jackson-datatype-jsr310-2.15.3.jar;C:\Users\Warrior\.m2\repository\com\fasterxml\jackson\module\jackson-module-parameter-names\2.15.3\jackson-module-parameter-names-2.15.3.jar;C:\Users\Warrior\.m2\repository\org\springframework\boot\spring-boot-starter-tomcat\3.2.1\spring-boot-starter-tomcat-3.2.1.jar;C:\Users\Warrior\.m2\repository\org\apache\tomcat\embed\tomcat-embed-core\10.1.17\tomcat-embed-core-10.1.17.jar;C:\Users\Warrior\.m2\repository\org\apache\tomcat\embed\tomcat-embed-el\10.1.17\tomcat-embed-el-10.1.17.jar;C:\Users\Warrior\.m2\repository\org\apache\tomcat\embed\tomcat-embed-websocket\10.1.17\tomcat-embed-websocket-10.1.17.jar;C:\Users\Warrior\.m2\repository\org\springframework\spring-web\6.1.2\spring-web-6.1.2.jar;C:\Users\Warrior\.m2\repository\io\micrometer\micrometer-observation\1.12.1\micrometer-observation-1.12.1.jar;C:\Users\Warrior\.m2\repository\io\micrometer\micrometer-commons\1.12.1\micrometer-commons-1.12.1.jar;C:\Users\Warrior\.m2\repository\org\springframework\spring-webmvc\6.1.2\spring-webmvc-6.1.2.jar;C:\Users\Warrior\.m2\repository\org\springframework\spring-aop\6.1.2\spring-aop-6.1.2.jar;C:\Users\Warrior\.m2\repository\org\springframework\cloud\spring-cloud-starter-config\4.1.0\spring-cloud-starter-config-4.1.0.jar;C:\Users\Warrior\.m2\repository\org\springframework\cloud\spring-cloud-config-client\4.1.0\spring-cloud-config-client-4.1.0.jar;C:\Users\Warrior\.m2\repository\com\fasterxml\jackson\core\jackson-databind\2.15.3\jackson-databind-2.15.3.jar;C:\Users\Warrior\.m2\repository\org\springframework\boot\spring-boot-devtools\3.2.1\spring-boot-devtools-3.2.1.jar;C:\Users\Warrior\.m2\repository\org\springframework\boot\spring-boot\3.2.1\spring-boot-3.2.1.jar;C:\Users\Warrior\.m2\repository\org\springframework\boot\spring-boot-autoconfigure\3.2.1\spring-boot-autoconfigure-3.2.1.jar;C:\Users\Warrior\.m2\repository\org\projectlombok\lombok\1.18.30\lombok-1.18.30.jar;C:\Users\Warrior\.m2\repository\org\springframework\spring-core\6.1.2\spring-core-6.1.2.jar;C:\Users\Warrior\.m2\repository\org\springframework\spring-jcl\6.1.2\spring-jcl-6.1.2.jar
Launcher Type: SUN_STANDARD

[Global flags]
     intx CICompilerCount                          = 4                                         {product} {ergonomic}
     uint ConcGCThreads                            = 2                                         {product} {ergonomic}
     uint G1ConcRefinementThreads                  = 8                                         {product} {ergonomic}
   size_t G1HeapRegionSize                         = 1048576                                   {product} {ergonomic}
    uintx GCDrainStackTargetSize                   = 64                                        {product} {ergonomic}
   size_t InitialHeapSize                          = 132120576                                 {product} {ergonomic}
   size_t MarkStackSize                            = 4194304                                   {product} {ergonomic}
   size_t MaxHeapSize                              = 2109734912                                {product} {ergonomic}
   size_t MaxNewSize                               = 1265631232                                {product} {ergonomic}
   size_t MinHeapDeltaBytes                        = 1048576                                   {product} {ergonomic}
   size_t MinHeapSize                              = 8388608                                   {product} {ergonomic}
    uintx NonNMethodCodeHeapSize                   = 5839372                                {pd product} {ergonomic}
    uintx NonProfiledCodeHeapSize                  = 122909434                              {pd product} {ergonomic}
    uintx ProfiledCodeHeapSize                     = 122909434                              {pd product} {ergonomic}
    uintx ReservedCodeCacheSize                    = 251658240                              {pd product} {ergonomic}
     bool SegmentedCodeCache                       = true                                      {product} {ergonomic}
     bool ShowCodeDetailsInExceptionMessages       = true                                   {manageable} {command line}
   size_t SoftMaxHeapSize                          = 2109734912                             {manageable} {ergonomic}
     bool UseCompressedOops                        = true                           {product lp64_product} {ergonomic}
     bool UseG1GC                                  = true                                      {product} {ergonomic}
     bool UseLargePagesIndividualAllocation        = false                                  {pd product} {ergonomic}

Logging:
Log output configuration:
 #0: stdout all=warning uptime,level,tags foldmultilines=false
 #1: stderr all=off uptime,level,tags foldmultilines=false

Environment Variables:
JAVA_HOME=C:\Program Files\Java\jdk-21
PATH=D:/sts-4.20.0.RELEASE//plugins/org.eclipse.justj.openjdk.hotspot.jre.full.win32.x86_64_17.0.8.v20230831-1047/jre/bin/server;D:/sts-4.20.0.RELEASE//plugins/org.eclipse.justj.openjdk.hotspot.jre.full.win32.x86_64_17.0.8.v20230831-1047/jre/bin;C:\Program Files (x86)\Common Files\Intel\Shared Libraries\redist\intel64\compiler;C:\Program Files\Common Files\Oracle\Java\javapath;C:\Program Files (x86)\Common Files\Oracle\Java\javapath;C:\WINDOWS\system32;C:\WINDOWS;C:\WINDOWS\System32\Wbem;C:\WINDOWS\System32\WindowsPowerShell\v1.0\;C:\WINDOWS\System32\OpenSSH\;C:\Program Files\Intel\WiFi\bin\;C:\Program Files\Common Files\Intel\WirelessCommon\;C:\Program Files\dotnet\;C:\Program Files\Solidigm\Solidigm(TM) Storage Tool\;C:\ProgramData\chocolatey\bin;C:\Program Files\nodejs\;C:\Program Files\Git\cmd;C:\Program Files\MySQL\MySQL Server 8.0\bin;C:\Program Files\Java\jdk-21\bin;C:\Users\Warrior\AppData\Local\Programs\Python\Python312\Scripts\;C:\Users\Warrior\AppData\Local\Programs\Python\Python312\;C:\Program Files\MySQL\MySQL Shell 8.0\bin\;C:\Users\Warrior\AppData\Local\Programs\Python\Python38\Scripts\;C:\Users\Warrior\AppData\Local\Programs\Python\Python38\;C:\Users\Warrior\AppData\Local\Microsoft\WindowsApps;;C:\Users\Warrior\AppData\Local\Programs\Microsoft VS Code\bin;C:\Users\Warrior\AppData\Roaming\npm;C:\Program Files\JetBrains\PyCharm 2023.3.2\bin;;D:\sts-4.20.0.RELEASE;
USERNAME=Warrior
OS=Windows_NT
PROCESSOR_IDENTIFIER=Intel64 Family 6 Model 142 Stepping 12, GenuineIntel
TMP=C:\Users\Warrior\AppData\Local\Temp
TEMP=C:\Users\Warrior\AppData\Local\Temp




Periodic native trim disabled

---------------  S Y S T E M  ---------------

OS:
 Windows 11 , 64 bit Build 22621 (10.0.22621.2506)
OS uptime: 1 days 10:12 hours
Hyper-V role detected

CPU: total 8 (initial active 8) (4 cores per cpu, 2 threads per core) family 6 model 142 stepping 12 microcode 0xde, cx8, cmov, fxsr, ht, mmx, 3dnowpref, sse, sse2, sse3, ssse3, sse4.1, sse4.2, popcnt, lzcnt, tsc, tscinvbit, avx, avx2, aes, erms, clmul, bmi1, bmi2, adx, fma, vzeroupper, clflush, clflushopt, hv, rdtscp, f16c
Processor Information for processor 0
  Max Mhz: 1800, Current Mhz: 1500, Mhz Limit: 1584
Processor Information for processor 1
  Max Mhz: 1800, Current Mhz: 1500, Mhz Limit: 1584
Processor Information for processor 2
  Max Mhz: 1800, Current Mhz: 1500, Mhz Limit: 1584
Processor Information for processor 3
  Max Mhz: 1800, Current Mhz: 1500, Mhz Limit: 1584
Processor Information for processor 4
  Max Mhz: 1800, Current Mhz: 1600, Mhz Limit: 1584
Processor Information for processor 5
  Max Mhz: 1800, Current Mhz: 1500, Mhz Limit: 1584
Processor Information for processor 6
  Max Mhz: 1800, Current Mhz: 1600, Mhz Limit: 1584
Processor Information for processor 7
  Max Mhz: 1800, Current Mhz: 1600, Mhz Limit: 1584

Memory: 4k page, system-wide physical 8043M (377M free)
TotalPageFile size 16043M (AvailPageFile size 4M)
current process WorkingSet (physical memory assigned to process): 77M, peak: 77M
current process commit charge ("private bytes"): 226M, peak: 226M

vm_info: Java HotSpot(TM) 64-Bit Server VM (21.0.1+12-LTS-29) for windows-amd64 JRE (21.0.1+12-LTS-29), built on 2023-10-05T13:27:09Z by "mach5one" with MS VC++ 17.1 (VS2022)

END.
