#
# There is insufficient memory for the Java Runtime Environment to continue.
# Native memory allocation (malloc) failed to allocate 1439056 bytes for Chunk::new
# Possible reasons:
#   The system is out of physical RAM or swap space
#   The process is running with CompressedOops enabled, and the Java Heap may be blocking the growth of the native heap
# Possible solutions:
#   Reduce memory load on the system
#   Increase physical memory or swap space
#   Check if swap backing store is full
#   Decrease Java heap size (-Xmx/-Xms)
#   Decrease number of Java threads
#   Decrease Java thread stack sizes (-Xss)
#   Set larger code cache with -XX:ReservedCodeCacheSize=
#   JVM is running with Unscaled Compressed Oops mode in which the Java heap is
#     placed in the first 4GB address space. The Java Heap base address is the
#     maximum limit for the native heap growth. Please use -XX:HeapBaseMinAddress
#     to set the Java Heap base and to place the Java Heap above 4GB virtual address.
# This output file may be truncated or incomplete.
#
#  Out of Memory Error (arena.cpp:168), pid=13876, tid=8060
#
# JRE version: Java(TM) SE Runtime Environment (21.0.1+12) (build 21.0.1+12-LTS-29)
# Java VM: Java HotSpot(TM) 64-Bit Server VM (21.0.1+12-LTS-29, mixed mode, sharing, tiered, compressed oops, compressed class ptrs, g1 gc, windows-amd64)
# No core dump will be written. Minidumps are not enabled by default on client versions of Windows
#

---------------  S U M M A R Y ------------

Command Line: -Dfile.encoding=UTF-8 -Dstdout.encoding=UTF-8 -Dstderr.encoding=UTF-8 -XX:+ShowCodeDetailsInExceptionMessages com.hotel.rating.HotelRatingApplication

Host: Intel(R) Core(TM) i5-8265U CPU @ 1.60GHz, 8 cores, 7G,  Windows 11 , 64 bit Build 22621 (10.0.22621.2506)
Time: Fri Jan 26 16:22:27 2024 India Standard Time elapsed time: 4.987578 seconds (0d 0h 0m 4s)

---------------  T H R E A D  ---------------

Current thread (0x0000017ceddb0780):  JavaThread "C2 CompilerThread0" daemon [_thread_in_native, id=8060, stack(0x0000003ee7400000,0x0000003ee7500000) (1024K)]


Current CompileTask:
C2:   4987 4616       4       java.lang.invoke.MethodType::makeImpl (109 bytes)

Stack: [0x0000003ee7400000,0x0000003ee7500000]
Native frames: (J=compiled Java code, j=interpreted, Vv=VM code, C=native code)
V  [jvm.dll+0x6c9029]
V  [jvm.dll+0x854b81]
V  [jvm.dll+0x856e5e]
V  [jvm.dll+0x857543]
V  [jvm.dll+0x280c06]
V  [jvm.dll+0xc3ead]
V  [jvm.dll+0xc43c3]
V  [jvm.dll+0x3b5732]
V  [jvm.dll+0x382475]
V  [jvm.dll+0x3818ea]
V  [jvm.dll+0x249ad0]
V  [jvm.dll+0x2490b1]
V  [jvm.dll+0x1c9ca1]
V  [jvm.dll+0x2586b9]
V  [jvm.dll+0x256c9a]
V  [jvm.dll+0x3ef1b6]
V  [jvm.dll+0x7fd728]
V  [jvm.dll+0x6c777d]
C  [ucrtbase.dll+0x29363]
C  [KERNEL32.DLL+0x1257d]
C  [ntdll.dll+0x5aa58]


---------------  P R O C E S S  ---------------

Threads class SMR info:
_java_thread_list=0x0000017cf3529960, length=21, elements={
0x0000017ccf1fae70, 0x0000017cedd989e0, 0x0000017cedd99900, 0x0000017cedd9cf80,
0x0000017cedd9fd50, 0x0000017cedda1100, 0x0000017cedda44c0, 0x0000017ceddb0780,
0x0000017ceddb39e0, 0x0000017cf2146410, 0x0000017cf2166770, 0x0000017cf272f620,
0x0000017cf27d84a0, 0x0000017cf2764930, 0x0000017cf4e5e720, 0x0000017cf54c4e30,
0x0000017cf40fb7d0, 0x0000017cf3dba920, 0x0000017cf3dbbcd0, 0x0000017cf3dbc360,
0x0000017cf3db8ee0
}

Java Threads: ( => current thread )
  0x0000017ccf1fae70 JavaThread "main"                              [_thread_blocked, id=16328, stack(0x0000003ee6600000,0x0000003ee6700000) (1024K)]
  0x0000017cedd989e0 JavaThread "Reference Handler"          daemon [_thread_blocked, id=12448, stack(0x0000003ee6e00000,0x0000003ee6f00000) (1024K)]
  0x0000017cedd99900 JavaThread "Finalizer"                  daemon [_thread_blocked, id=24480, stack(0x0000003ee6f00000,0x0000003ee7000000) (1024K)]
  0x0000017cedd9cf80 JavaThread "Signal Dispatcher"          daemon [_thread_blocked, id=10208, stack(0x0000003ee7000000,0x0000003ee7100000) (1024K)]
  0x0000017cedd9fd50 JavaThread "Attach Listener"            daemon [_thread_blocked, id=8856, stack(0x0000003ee7100000,0x0000003ee7200000) (1024K)]
  0x0000017cedda1100 JavaThread "Service Thread"             daemon [_thread_blocked, id=16332, stack(0x0000003ee7200000,0x0000003ee7300000) (1024K)]
  0x0000017cedda44c0 JavaThread "Monitor Deflation Thread"   daemon [_thread_blocked, id=23040, stack(0x0000003ee7300000,0x0000003ee7400000) (1024K)]
=>0x0000017ceddb0780 JavaThread "C2 CompilerThread0"         daemon [_thread_in_native, id=8060, stack(0x0000003ee7400000,0x0000003ee7500000) (1024K)]
  0x0000017ceddb39e0 JavaThread "C1 CompilerThread0"         daemon [_thread_in_vm, id=18560, stack(0x0000003ee7500000,0x0000003ee7600000) (1024K)]
  0x0000017cf2146410 JavaThread "Notification Thread"        daemon [_thread_blocked, id=23176, stack(0x0000003ee7600000,0x0000003ee7700000) (1024K)]
  0x0000017cf2166770 JavaThread "Common-Cleaner"             daemon [_thread_blocked, id=17620, stack(0x0000003ee7700000,0x0000003ee7800000) (1024K)]
  0x0000017cf272f620 JavaThread "C2 CompilerThread1"         daemon [_thread_in_native, id=26348, stack(0x0000003ee7800000,0x0000003ee7900000) (1024K)]
  0x0000017cf27d84a0 JavaThread "Thread-0"                          [_thread_blocked, id=13472, stack(0x0000003ee7d00000,0x0000003ee7e00000) (1024K)]
  0x0000017cf2764930 JavaThread "restartedMain"                     [_thread_in_Java, id=17292, stack(0x0000003ee7e00000,0x0000003ee7f00000) (1024K)]
  0x0000017cf4e5e720 JavaThread "Catalina-utility-1"                [_thread_blocked, id=26092, stack(0x0000003ee8300000,0x0000003ee8400000) (1024K)]
  0x0000017cf54c4e30 JavaThread "Catalina-utility-2"                [_thread_blocked, id=24676, stack(0x0000003ee8400000,0x0000003ee8500000) (1024K)]
  0x0000017cf40fb7d0 JavaThread "container-0"                       [_thread_blocked, id=6632, stack(0x0000003ee8500000,0x0000003ee8600000) (1024K)]
  0x0000017cf3dba920 JavaThread "BufferPoolPruner-1-thread-1" daemon [_thread_blocked, id=7552, stack(0x0000003ee8600000,0x0000003ee8700000) (1024K)]
  0x0000017cf3dbbcd0 JavaThread "cluster-ClusterId{value='65b38eeb69105f5e40d23d13', description='null'}-localhost:27017" daemon [_thread_in_native, id=11904, stack(0x0000003ee8700000,0x0000003ee8800000) (1024K)]
  0x0000017cf3dbc360 JavaThread "cluster-rtt-ClusterId{value='65b38eeb69105f5e40d23d13', description='null'}-localhost:27017" daemon [_thread_blocked, id=1028, stack(0x0000003ee8800000,0x0000003ee8900000) (1024K)]
  0x0000017cf3db8ee0 JavaThread "MaintenanceTimer-2-thread-1" daemon [_thread_blocked, id=13388, stack(0x0000003ee8a00000,0x0000003ee8b00000) (1024K)]
Total: 21

Other Threads:
  0x0000017cedd77c40 VMThread "VM Thread"                           [id=9084, stack(0x0000003ee6d00000,0x0000003ee6e00000) (1024K)]
  0x0000017cedd5ef10 WatcherThread "VM Periodic Task Thread"        [id=24348, stack(0x0000003ee6c00000,0x0000003ee6d00000) (1024K)]
  0x0000017cd14fe750 WorkerThread "GC Thread#0"                     [id=12212, stack(0x0000003ee6700000,0x0000003ee6800000) (1024K)]
  0x0000017cf2bd6160 WorkerThread "GC Thread#1"                     [id=11048, stack(0x0000003ee7900000,0x0000003ee7a00000) (1024K)]
  0x0000017cf2bd6500 WorkerThread "GC Thread#2"                     [id=11100, stack(0x0000003ee7a00000,0x0000003ee7b00000) (1024K)]
  0x0000017cf2a46300 WorkerThread "GC Thread#3"                     [id=22172, stack(0x0000003ee7b00000,0x0000003ee7c00000) (1024K)]
  0x0000017cf2a466a0 WorkerThread "GC Thread#4"                     [id=18732, stack(0x0000003ee7c00000,0x0000003ee7d00000) (1024K)]
  0x0000017cf3776e90 WorkerThread "GC Thread#5"                     [id=5988, stack(0x0000003ee8000000,0x0000003ee8100000) (1024K)]
  0x0000017cf30f9df0 WorkerThread "GC Thread#6"                     [id=24316, stack(0x0000003ee8100000,0x0000003ee8200000) (1024K)]
  0x0000017cf344edb0 WorkerThread "GC Thread#7"                     [id=14484, stack(0x0000003ee8200000,0x0000003ee8300000) (1024K)]
  0x0000017cd150fc00 ConcurrentGCThread "G1 Main Marker"            [id=9944, stack(0x0000003ee6800000,0x0000003ee6900000) (1024K)]
  0x0000017cd1510f20 WorkerThread "G1 Conc#0"                       [id=14396, stack(0x0000003ee6900000,0x0000003ee6a00000) (1024K)]
  0x0000017cf408b820 WorkerThread "G1 Conc#1"                       [id=20220, stack(0x0000003ee7f00000,0x0000003ee8000000) (1024K)]
  0x0000017cd155d960 ConcurrentGCThread "G1 Refine#0"               [id=21544, stack(0x0000003ee6a00000,0x0000003ee6b00000) (1024K)]
  0x0000017cd155e4d0 ConcurrentGCThread "G1 Service"                [id=8796, stack(0x0000003ee6b00000,0x0000003ee6c00000) (1024K)]
Total: 15

Threads with active compile tasks:
C2 CompilerThread0     5023 4616       4       java.lang.invoke.MethodType::makeImpl (109 bytes)
C2 CompilerThread1     5023 4721       4       java.lang.Class::getMethodsRecursive (99 bytes)
Total: 2

VM state: not at safepoint (normal execution)

VM Mutex/Monitor currently owned by a thread: None

Heap address: 0x0000000082400000, size: 2012 MB, Compressed Oops mode: 32-bit

CDS archive(s) mapped at: [0x0000017c80000000-0x0000017c80c90000-0x0000017c80c90000), size 13172736, SharedBaseAddress: 0x0000017c80000000, ArchiveRelocationMode: 1.
Compressed class space mapped at: 0x0000017c81000000-0x0000017cc1000000, reserved size: 1073741824
Narrow klass base: 0x0000017c80000000, Narrow klass shift: 0, Narrow klass range: 0x100000000

GC Precious Log:
 CardTable entry size: 512
 Card Set container configuration: InlinePtr #cards 5 size 8 Array Of Cards #cards 12 size 40 Howl #buckets 4 coarsen threshold 1843 Howl Bitmap #cards 512 size 80 coarsen threshold 460 Card regions per heap region 1 cards per card region 2048
 CPUs: 8 total, 8 available
 Memory: 8043M
 Large Page Support: Disabled
 NUMA Support: Disabled
 Compressed Oops: Enabled (32-bit)
 Heap Region Size: 1M
 Heap Min Capacity: 8M
 Heap Initial Capacity: 126M
 Heap Max Capacity: 2012M
 Pre-touch: Disabled
 Parallel Workers: 8
 Concurrent Workers: 2
 Concurrent Refinement Workers: 8
 Periodic GC: Disabled

Heap:
 garbage-first heap   total 66560K, used 39780K [0x0000000082400000, 0x0000000100000000)
  region size 1024K, 19 young (19456K), 2 survivors (2048K)
 Metaspace       used 38275K, committed 38784K, reserved 1114112K
  class space    used 5034K, committed 5248K, reserved 1048576K

Heap Regions: E=young(eden), S=young(survivor), O=old, HS=humongous(starts), HC=humongous(continues), CS=collection set, F=free, TAMS=top-at-mark-start, PB=parsable bottom
|   0|0x0000000082400000, 0x0000000082500000, 0x0000000082500000|100%|HS|  |TAMS 0x0000000082400000| PB 0x0000000082400000| Complete 
|   1|0x0000000082500000, 0x0000000082600000, 0x0000000082600000|100%| O|  |TAMS 0x0000000082500000| PB 0x0000000082500000| Untracked 
|   2|0x0000000082600000, 0x0000000082700000, 0x0000000082700000|100%| O|  |TAMS 0x0000000082600000| PB 0x0000000082600000| Untracked 
|   3|0x0000000082700000, 0x0000000082800000, 0x0000000082800000|100%| O|  |TAMS 0x0000000082700000| PB 0x0000000082700000| Untracked 
|   4|0x0000000082800000, 0x0000000082900000, 0x0000000082900000|100%| O|  |TAMS 0x0000000082800000| PB 0x0000000082800000| Untracked 
|   5|0x0000000082900000, 0x0000000082a00000, 0x0000000082a00000|100%| O|  |TAMS 0x0000000082900000| PB 0x0000000082900000| Untracked 
|   6|0x0000000082a00000, 0x0000000082b00000, 0x0000000082b00000|100%| O|  |TAMS 0x0000000082a00000| PB 0x0000000082a00000| Untracked 
|   7|0x0000000082b00000, 0x0000000082c00000, 0x0000000082c00000|100%| O|  |TAMS 0x0000000082b00000| PB 0x0000000082b00000| Untracked 
|   8|0x0000000082c00000, 0x0000000082d00000, 0x0000000082d00000|100%| O|  |TAMS 0x0000000082c00000| PB 0x0000000082c00000| Untracked 
|   9|0x0000000082d00000, 0x0000000082df8c40, 0x0000000082e00000| 97%| O|  |TAMS 0x0000000082d00000| PB 0x0000000082d00000| Untracked 
|  10|0x0000000082e00000, 0x0000000082e00000, 0x0000000082f00000|  0%| F|  |TAMS 0x0000000082e00000| PB 0x0000000082e00000| Untracked 
|  11|0x0000000082f00000, 0x0000000082f00000, 0x0000000083000000|  0%| F|  |TAMS 0x0000000082f00000| PB 0x0000000082f00000| Untracked 
|  12|0x0000000083000000, 0x0000000083000000, 0x0000000083100000|  0%| F|  |TAMS 0x0000000083000000| PB 0x0000000083000000| Untracked 
|  13|0x0000000083100000, 0x0000000083200000, 0x0000000083200000|100%| O|  |TAMS 0x0000000083100000| PB 0x0000000083100000| Untracked 
|  14|0x0000000083200000, 0x0000000083300000, 0x0000000083300000|100%| O|  |TAMS 0x0000000083200000| PB 0x0000000083200000| Untracked 
|  15|0x0000000083300000, 0x0000000083400000, 0x0000000083400000|100%| O|  |TAMS 0x0000000083300000| PB 0x0000000083300000| Untracked 
|  16|0x0000000083400000, 0x0000000083500000, 0x0000000083500000|100%| O|  |TAMS 0x0000000083400000| PB 0x0000000083400000| Untracked 
|  17|0x0000000083500000, 0x0000000083600000, 0x0000000083600000|100%| O|  |TAMS 0x0000000083500000| PB 0x0000000083500000| Untracked 
|  18|0x0000000083600000, 0x0000000083700000, 0x0000000083700000|100%| O|  |TAMS 0x0000000083600000| PB 0x0000000083600000| Untracked 
|  19|0x0000000083700000, 0x0000000083800000, 0x0000000083800000|100%| O|  |TAMS 0x0000000083700000| PB 0x0000000083700000| Untracked 
|  20|0x0000000083800000, 0x0000000083900000, 0x0000000083900000|100%| O|  |TAMS 0x0000000083800000| PB 0x0000000083800000| Untracked 
|  21|0x0000000083900000, 0x0000000083900000, 0x0000000083a00000|  0%| F|  |TAMS 0x0000000083900000| PB 0x0000000083900000| Untracked 
|  22|0x0000000083a00000, 0x0000000083a00000, 0x0000000083b00000|  0%| F|  |TAMS 0x0000000083a00000| PB 0x0000000083a00000| Untracked 
|  23|0x0000000083b00000, 0x0000000083b00000, 0x0000000083c00000|  0%| F|  |TAMS 0x0000000083b00000| PB 0x0000000083b00000| Untracked 
|  24|0x0000000083c00000, 0x0000000083c00000, 0x0000000083d00000|  0%| F|  |TAMS 0x0000000083c00000| PB 0x0000000083c00000| Untracked 
|  25|0x0000000083d00000, 0x0000000083d00000, 0x0000000083e00000|  0%| F|  |TAMS 0x0000000083d00000| PB 0x0000000083d00000| Untracked 
|  26|0x0000000083e00000, 0x0000000083e00000, 0x0000000083f00000|  0%| F|  |TAMS 0x0000000083e00000| PB 0x0000000083e00000| Untracked 
|  27|0x0000000083f00000, 0x0000000083f00000, 0x0000000084000000|  0%| F|  |TAMS 0x0000000083f00000| PB 0x0000000083f00000| Untracked 
|  28|0x0000000084000000, 0x0000000084000000, 0x0000000084100000|  0%| F|  |TAMS 0x0000000084000000| PB 0x0000000084000000| Untracked 
|  29|0x0000000084100000, 0x0000000084100000, 0x0000000084200000|  0%| F|  |TAMS 0x0000000084100000| PB 0x0000000084100000| Untracked 
|  30|0x0000000084200000, 0x0000000084200000, 0x0000000084300000|  0%| F|  |TAMS 0x0000000084200000| PB 0x0000000084200000| Untracked 
|  31|0x0000000084300000, 0x0000000084300000, 0x0000000084400000|  0%| F|  |TAMS 0x0000000084300000| PB 0x0000000084300000| Untracked 
|  32|0x0000000084400000, 0x0000000084400000, 0x0000000084500000|  0%| F|  |TAMS 0x0000000084400000| PB 0x0000000084400000| Untracked 
|  33|0x0000000084500000, 0x0000000084500000, 0x0000000084600000|  0%| F|  |TAMS 0x0000000084500000| PB 0x0000000084500000| Untracked 
|  34|0x0000000084600000, 0x0000000084600000, 0x0000000084700000|  0%| F|  |TAMS 0x0000000084600000| PB 0x0000000084600000| Untracked 
|  35|0x0000000084700000, 0x0000000084700000, 0x0000000084800000|  0%| F|  |TAMS 0x0000000084700000| PB 0x0000000084700000| Untracked 
|  36|0x0000000084800000, 0x0000000084800000, 0x0000000084900000|  0%| F|  |TAMS 0x0000000084800000| PB 0x0000000084800000| Untracked 
|  37|0x0000000084900000, 0x0000000084900000, 0x0000000084a00000|  0%| F|  |TAMS 0x0000000084900000| PB 0x0000000084900000| Untracked 
|  38|0x0000000084a00000, 0x0000000084a00000, 0x0000000084b00000|  0%| F|  |TAMS 0x0000000084a00000| PB 0x0000000084a00000| Untracked 
|  39|0x0000000084b00000, 0x0000000084b00000, 0x0000000084c00000|  0%| F|  |TAMS 0x0000000084b00000| PB 0x0000000084b00000| Untracked 
|  40|0x0000000084c00000, 0x0000000084c00000, 0x0000000084d00000|  0%| F|  |TAMS 0x0000000084c00000| PB 0x0000000084c00000| Untracked 
|  41|0x0000000084d00000, 0x0000000084de05c0, 0x0000000084e00000| 87%| S|CS|TAMS 0x0000000084d00000| PB 0x0000000084d00000| Complete 
|  42|0x0000000084e00000, 0x0000000084f00000, 0x0000000084f00000|100%| S|CS|TAMS 0x0000000084e00000| PB 0x0000000084e00000| Complete 
|  43|0x0000000084f00000, 0x0000000084f00000, 0x0000000085000000|  0%| F|  |TAMS 0x0000000084f00000| PB 0x0000000084f00000| Untracked 
|  44|0x0000000085000000, 0x0000000085000000, 0x0000000085100000|  0%| F|  |TAMS 0x0000000085000000| PB 0x0000000085000000| Untracked 
|  45|0x0000000085100000, 0x0000000085180c10, 0x0000000085200000| 50%| E|  |TAMS 0x0000000085100000| PB 0x0000000085100000| Complete 
|  46|0x0000000085200000, 0x0000000085300000, 0x0000000085300000|100%| E|CS|TAMS 0x0000000085200000| PB 0x0000000085200000| Complete 
|  47|0x0000000085300000, 0x0000000085400000, 0x0000000085400000|100%| E|CS|TAMS 0x0000000085300000| PB 0x0000000085300000| Complete 
|  48|0x0000000085400000, 0x0000000085500000, 0x0000000085500000|100%| E|CS|TAMS 0x0000000085400000| PB 0x0000000085400000| Complete 
|  49|0x0000000085500000, 0x0000000085600000, 0x0000000085600000|100%| E|CS|TAMS 0x0000000085500000| PB 0x0000000085500000| Complete 
|  50|0x0000000085600000, 0x0000000085700000, 0x0000000085700000|100%| E|CS|TAMS 0x0000000085600000| PB 0x0000000085600000| Complete 
|  51|0x0000000085700000, 0x0000000085800000, 0x0000000085800000|100%| E|CS|TAMS 0x0000000085700000| PB 0x0000000085700000| Complete 
|  52|0x0000000085800000, 0x0000000085900000, 0x0000000085900000|100%| E|CS|TAMS 0x0000000085800000| PB 0x0000000085800000| Complete 
|  53|0x0000000085900000, 0x0000000085a00000, 0x0000000085a00000|100%| E|CS|TAMS 0x0000000085900000| PB 0x0000000085900000| Complete 
|  62|0x0000000086200000, 0x0000000086300000, 0x0000000086300000|100%| E|CS|TAMS 0x0000000086200000| PB 0x0000000086200000| Complete 
|  63|0x0000000086300000, 0x0000000086400000, 0x0000000086400000|100%| E|CS|TAMS 0x0000000086300000| PB 0x0000000086300000| Complete 
|  64|0x0000000086400000, 0x0000000086500000, 0x0000000086500000|100%| E|CS|TAMS 0x0000000086400000| PB 0x0000000086400000| Complete 
|  65|0x0000000086500000, 0x0000000086600000, 0x0000000086600000|100%| E|CS|TAMS 0x0000000086500000| PB 0x0000000086500000| Complete 
|  66|0x0000000086600000, 0x0000000086700000, 0x0000000086700000|100%| E|CS|TAMS 0x0000000086600000| PB 0x0000000086600000| Complete 
|  67|0x0000000086700000, 0x0000000086800000, 0x0000000086800000|100%| E|CS|TAMS 0x0000000086700000| PB 0x0000000086700000| Complete 
|  68|0x0000000086800000, 0x0000000086900000, 0x0000000086900000|100%| E|CS|TAMS 0x0000000086800000| PB 0x0000000086800000| Complete 
| 125|0x000000008a100000, 0x000000008a200000, 0x000000008a200000|100%| E|CS|TAMS 0x000000008a100000| PB 0x000000008a100000| Complete 
|2009|0x00000000ffd00000, 0x00000000ffe00000, 0x00000000ffe00000|100%| O|Cm|TAMS 0x00000000ffd00000| PB 0x00000000ffd00000| Complete 
|2010|0x00000000ffe00000, 0x00000000fff00000, 0x00000000fff00000|100%| O|  |TAMS 0x00000000ffe00000| PB 0x00000000ffe00000| Untracked 
|2011|0x00000000fff00000, 0x0000000100000000, 0x0000000100000000|100%| O|  |TAMS 0x00000000fff00000| PB 0x00000000fff00000| Untracked 

Card table byte_map: [0x0000017ce9010000,0x0000017ce9400000] _byte_map_base: 0x0000017ce8bfe000

Marking Bits: (CMBitMap*) 0x0000017cd14fee50
 Bits: [0x0000017ce9400000, 0x0000017ceb370000)

Polling page: 0x0000017cd0c60000

Metaspace:

Usage:
  Non-class:     32.47 MB used.
      Class:      4.92 MB used.
       Both:     37.39 MB used.

Virtual space:
  Non-class space:       64.00 MB reserved,      32.81 MB ( 51%) committed,  1 nodes.
      Class space:        1.00 GB reserved,       5.12 MB ( <1%) committed,  1 nodes.
             Both:        1.06 GB reserved,      37.94 MB (  3%) committed. 

Chunk freelists:
   Non-Class:  14.36 MB
       Class:  10.89 MB
        Both:  25.25 MB

MaxMetaspaceSize: unlimited
CompressedClassSpaceSize: 1.00 GB
Initial GC threshold: 21.00 MB
Current GC threshold: 59.00 MB
CDS: on
 - commit_granule_bytes: 65536.
 - commit_granule_words: 8192.
 - virtual_space_node_default_size: 8388608.
 - enlarge_chunks_in_place: 1.
 - use_allocation_guard: 0.


Internal statistics:

num_allocs_failed_limit: 6.
num_arena_births: 720.
num_arena_deaths: 0.
num_vsnodes_births: 2.
num_vsnodes_deaths: 0.
num_space_committed: 607.
num_space_uncommitted: 0.
num_chunks_returned_to_freelist: 6.
num_chunks_taken_from_freelist: 2141.
num_chunk_merges: 6.
num_chunk_splits: 1420.
num_chunks_enlarged: 978.
num_inconsistent_stats: 0.

CodeHeap 'non-profiled nmethods': size=120000Kb used=2405Kb max_used=2458Kb free=117594Kb
 bounds [0x0000017ce13c0000, 0x0000017ce1630000, 0x0000017ce88f0000]
CodeHeap 'profiled nmethods': size=120000Kb used=9044Kb max_used=9428Kb free=110955Kb
 bounds [0x0000017cd98f0000, 0x0000017cda230000, 0x0000017ce0e20000]
CodeHeap 'non-nmethods': size=5760Kb used=1496Kb max_used=1561Kb free=4263Kb
 bounds [0x0000017ce0e20000, 0x0000017ce1090000, 0x0000017ce13c0000]
 total_blobs=4882 nmethods=4311 adapters=475
 compilation: enabled
              stopped_count=0, restarted_count=0
 full_count=0

Compilation events (20 events):
Event: 4.955 Thread 0x0000017ceddb39e0 4720       1       org.springframework.data.repository.core.support.RepositoryFragment$StructuralRepositoryFragment::getSignatureContributor (5 bytes)
Event: 4.955 Thread 0x0000017ceddb39e0 nmethod 4720 0x0000017ce13ce590 code [0x0000017ce13ce720, 0x0000017ce13ce7e8]
Event: 4.957 Thread 0x0000017ceddb39e0 4722       3       java.util.stream.MatchOps$1MatchSink::accept (44 bytes)
Event: 4.958 Thread 0x0000017ceddb39e0 nmethod 4722 0x0000017cd9dfa910 code [0x0000017cd9dfaac0, 0x0000017cd9dfad38]
Event: 4.958 Thread 0x0000017ceddb39e0 4723       3       java.util.stream.MatchOps$MatchOp::evaluateSequential (7 bytes)
Event: 4.958 Thread 0x0000017ceddb39e0 nmethod 4723 0x0000017cd9a7c510 code [0x0000017cd9a7c700, 0x0000017cd9a7cd78]
Event: 4.958 Thread 0x0000017ceddb39e0 4724       3       java.util.stream.MatchOps$MatchOp::evaluateSequential (27 bytes)
Event: 4.959 Thread 0x0000017ceddb39e0 nmethod 4724 0x0000017cd9a7bb90 code [0x0000017cd9a7bd80, 0x0000017cd9a7c3a0]
Event: 4.959 Thread 0x0000017ceddb39e0 4725       3       java.util.stream.MatchOps$BooleanTerminalSink::<init> (21 bytes)
Event: 4.959 Thread 0x0000017ceddb39e0 nmethod 4725 0x0000017cd9dfa490 code [0x0000017cd9dfa640, 0x0000017cd9dfa818]
Event: 4.976 Thread 0x0000017ceddb39e0 4729   !   3       java.util.AbstractList$Itr::next (46 bytes)
Event: 4.976 Thread 0x0000017ceddb39e0 nmethod 4729 0x0000017cd9d1c990 code [0x0000017cd9d1cba0, 0x0000017cd9d1d1c8]
Event: 4.976 Thread 0x0000017ceddb39e0 4730       3       java.util.AbstractList$Itr::checkForComodification (23 bytes)
Event: 4.976 Thread 0x0000017ceddb39e0 nmethod 4730 0x0000017cd9d1c490 code [0x0000017cd9d1c640, 0x0000017cd9d1c870]
Event: 4.982 Thread 0x0000017ceddb39e0 4732       3       org.springframework.data.util.Lazy::<init> (20 bytes)
Event: 4.982 Thread 0x0000017ceddb39e0 nmethod 4732 0x0000017cd9dfa010 code [0x0000017cd9dfa1c0, 0x0000017cd9dfa3f0]
Event: 4.982 Thread 0x0000017ceddb39e0 4733       3       org.springframework.data.util.Lazy::<init> (8 bytes)
Event: 4.982 Thread 0x0000017ceddb39e0 nmethod 4733 0x0000017cd9d1be10 code [0x0000017cd9d1bfc0, 0x0000017cd9d1c228]
Event: 4.982 Thread 0x0000017ceddb39e0 4734       3       org.springframework.data.util.Lazy::of (9 bytes)
Event: 4.982 Thread 0x0000017ceddb39e0 nmethod 4734 0x0000017cd992ec10 code [0x0000017cd992edc0, 0x0000017cd992f088]

GC Heap History (12 events):
Event: 0.733 GC heap before
{Heap before GC invocations=0 (full 0):
 garbage-first heap   total 129024K, used 25600K [0x0000000082400000, 0x0000000100000000)
  region size 1024K, 23 young (23552K), 0 survivors (0K)
 Metaspace       used 4669K, committed 4928K, reserved 1114112K
  class space    used 523K, committed 640K, reserved 1048576K
}
Event: 0.739 GC heap after
{Heap after GC invocations=1 (full 0):
 garbage-first heap   total 129024K, used 7121K [0x0000000082400000, 0x0000000100000000)
  region size 1024K, 3 young (3072K), 3 survivors (3072K)
 Metaspace       used 4669K, committed 4928K, reserved 1114112K
  class space    used 523K, committed 640K, reserved 1048576K
}
Event: 1.387 GC heap before
{Heap before GC invocations=1 (full 0):
 garbage-first heap   total 129024K, used 35793K [0x0000000082400000, 0x0000000100000000)
  region size 1024K, 32 young (32768K), 3 survivors (3072K)
 Metaspace       used 12262K, committed 12544K, reserved 1114112K
  class space    used 1495K, committed 1600K, reserved 1048576K
}
Event: 1.391 GC heap after
{Heap after GC invocations=2 (full 0):
 garbage-first heap   total 129024K, used 9430K [0x0000000082400000, 0x0000000100000000)
  region size 1024K, 3 young (3072K), 3 survivors (3072K)
 Metaspace       used 12262K, committed 12544K, reserved 1114112K
  class space    used 1495K, committed 1600K, reserved 1048576K
}
Event: 2.396 GC heap before
{Heap before GC invocations=2 (full 0):
 garbage-first heap   total 129024K, used 62678K [0x0000000082400000, 0x0000000100000000)
  region size 1024K, 57 young (58368K), 3 survivors (3072K)
 Metaspace       used 21257K, committed 21504K, reserved 1114112K
  class space    used 2580K, committed 2688K, reserved 1048576K
}
Event: 2.405 GC heap after
{Heap after GC invocations=3 (full 0):
 garbage-first heap   total 129024K, used 14216K [0x0000000082400000, 0x0000000100000000)
  region size 1024K, 7 young (7168K), 7 survivors (7168K)
 Metaspace       used 21257K, committed 21504K, reserved 1114112K
  class space    used 2580K, committed 2688K, reserved 1048576K
}
Event: 3.614 GC heap before
{Heap before GC invocations=4 (full 0):
 garbage-first heap   total 51200K, used 51080K [0x0000000082400000, 0x0000000100000000)
  region size 1024K, 43 young (44032K), 7 survivors (7168K)
 Metaspace       used 28470K, committed 28928K, reserved 1114112K
  class space    used 3702K, committed 3904K, reserved 1048576K
}
Event: 3.626 GC heap after
{Heap after GC invocations=5 (full 0):
 garbage-first heap   total 62464K, used 17569K [0x0000000082400000, 0x0000000100000000)
  region size 1024K, 9 young (9216K), 9 survivors (9216K)
 Metaspace       used 28470K, committed 28928K, reserved 1114112K
  class space    used 3702K, committed 3904K, reserved 1048576K
}
Event: 4.161 GC heap before
{Heap before GC invocations=5 (full 0):
 garbage-first heap   total 62464K, used 50337K [0x0000000082400000, 0x0000000100000000)
  region size 1024K, 36 young (36864K), 9 survivors (9216K)
 Metaspace       used 31334K, committed 31872K, reserved 1114112K
  class space    used 3993K, committed 4224K, reserved 1048576K
}
Event: 4.173 GC heap after
{Heap after GC invocations=6 (full 0):
 garbage-first heap   total 66560K, used 21880K [0x0000000082400000, 0x0000000100000000)
  region size 1024K, 5 young (5120K), 5 survivors (5120K)
 Metaspace       used 31334K, committed 31872K, reserved 1114112K
  class space    used 3993K, committed 4224K, reserved 1048576K
}
Event: 4.642 GC heap before
{Heap before GC invocations=6 (full 0):
 garbage-first heap   total 66560K, used 37240K [0x0000000082400000, 0x0000000100000000)
  region size 1024K, 21 young (21504K), 5 survivors (5120K)
 Metaspace       used 35481K, committed 35968K, reserved 1114112K
  class space    used 4598K, committed 4800K, reserved 1048576K
}
Event: 4.647 GC heap after
{Heap after GC invocations=7 (full 0):
 garbage-first heap   total 66560K, used 23396K [0x0000000082400000, 0x0000000100000000)
  region size 1024K, 2 young (2048K), 2 survivors (2048K)
 Metaspace       used 35481K, committed 35968K, reserved 1114112K
  class space    used 4598K, committed 4800K, reserved 1048576K
}

Dll operation events (10 events):
Event: 0.008 Loaded shared library C:\Program Files\Java\jdk-21\bin\java.dll
Event: 0.044 Loaded shared library C:\Program Files\Java\jdk-21\bin\jsvml.dll
Event: 0.139 Loaded shared library C:\Program Files\Java\jdk-21\bin\net.dll
Event: 0.142 Loaded shared library C:\Program Files\Java\jdk-21\bin\nio.dll
Event: 0.145 Loaded shared library C:\Program Files\Java\jdk-21\bin\zip.dll
Event: 0.273 Loaded shared library C:\Program Files\Java\jdk-21\bin\jimage.dll
Event: 0.642 Loaded shared library C:\Program Files\Java\jdk-21\bin\management.dll
Event: 0.645 Loaded shared library C:\Program Files\Java\jdk-21\bin\management_ext.dll
Event: 1.715 Loaded shared library C:\Program Files\Java\jdk-21\bin\sunmscapi.dll
Event: 4.510 Loaded shared library C:\Program Files\Java\jdk-21\bin\extnet.dll

Deoptimization events (20 events):
Event: 4.824 Thread 0x0000017cf2764930 Uncommon trap: trap_request=0xffffffd6 fr.pc=0x0000017ce146adfc relative=0x000000000000301c
Event: 4.824 Thread 0x0000017cf2764930 Uncommon trap: reason=array_check action=maybe_recompile pc=0x0000017ce146adfc method=org.springframework.util.ConcurrentReferenceHashMap$Segment.lambda$doTask$0(Ljava/lang/Object;ILorg/springframework/util/ConcurrentReferenceHashMap$Reference;ILjava/lang
Event: 4.824 Thread 0x0000017cf2764930 DEOPT PACKING pc=0x0000017ce146adfc sp=0x0000003ee7efadb0
Event: 4.824 Thread 0x0000017cf2764930 DEOPT UNPACKING pc=0x0000017ce0e746a2 sp=0x0000003ee7efaa10 mode 2
Event: 4.824 Thread 0x0000017cf2764930 Uncommon trap: trap_request=0xffffffd6 fr.pc=0x0000017ce146adfc relative=0x000000000000301c
Event: 4.824 Thread 0x0000017cf2764930 Uncommon trap: reason=array_check action=maybe_recompile pc=0x0000017ce146adfc method=org.springframework.util.ConcurrentReferenceHashMap$Segment.lambda$doTask$0(Ljava/lang/Object;ILorg/springframework/util/ConcurrentReferenceHashMap$Reference;ILjava/lang
Event: 4.824 Thread 0x0000017cf2764930 DEOPT PACKING pc=0x0000017ce146adfc sp=0x0000003ee7efadb0
Event: 4.824 Thread 0x0000017cf2764930 DEOPT UNPACKING pc=0x0000017ce0e746a2 sp=0x0000003ee7efaa10 mode 2
Event: 4.824 Thread 0x0000017cf2764930 Uncommon trap: trap_request=0xffffffd6 fr.pc=0x0000017ce146adfc relative=0x000000000000301c
Event: 4.824 Thread 0x0000017cf2764930 Uncommon trap: reason=array_check action=maybe_recompile pc=0x0000017ce146adfc method=org.springframework.util.ConcurrentReferenceHashMap$Segment.lambda$doTask$0(Ljava/lang/Object;ILorg/springframework/util/ConcurrentReferenceHashMap$Reference;ILjava/lang
Event: 4.824 Thread 0x0000017cf2764930 DEOPT PACKING pc=0x0000017ce146adfc sp=0x0000003ee7efadb0
Event: 4.824 Thread 0x0000017cf2764930 DEOPT UNPACKING pc=0x0000017ce0e746a2 sp=0x0000003ee7efaa10 mode 2
Event: 4.832 Thread 0x0000017cf2764930 Uncommon trap: trap_request=0xffffff45 fr.pc=0x0000017ce143e610 relative=0x0000000000000070
Event: 4.832 Thread 0x0000017cf2764930 Uncommon trap: reason=unstable_if action=reinterpret pc=0x0000017ce143e610 method=org.springframework.util.ConcurrentReferenceHashMap$Segment.clear()V @ 7 c2
Event: 4.832 Thread 0x0000017cf2764930 DEOPT PACKING pc=0x0000017ce143e610 sp=0x0000003ee7efb5c0
Event: 4.832 Thread 0x0000017cf2764930 DEOPT UNPACKING pc=0x0000017ce0e746a2 sp=0x0000003ee7efb550 mode 2
Event: 4.936 Thread 0x0000017cf2764930 Uncommon trap: trap_request=0xffffff45 fr.pc=0x0000017ce15377a4 relative=0x0000000000000724
Event: 4.936 Thread 0x0000017cf2764930 Uncommon trap: reason=unstable_if action=reinterpret pc=0x0000017ce15377a4 method=org.springframework.util.ConcurrentReferenceHashMap$Segment.findInChain(Lorg/springframework/util/ConcurrentReferenceHashMap$Reference;Ljava/lang/Object;I)Lorg/springframewo
Event: 4.936 Thread 0x0000017cf2764930 DEOPT PACKING pc=0x0000017ce15377a4 sp=0x0000003ee7efc260
Event: 4.936 Thread 0x0000017cf2764930 DEOPT UNPACKING pc=0x0000017ce0e746a2 sp=0x0000003ee7efc040 mode 2

Classes loaded (20 events):
Event: 4.792 Loading class jdk/internal/reflect/SerializationConstructorAccessorImpl
Event: 4.793 Loading class jdk/internal/reflect/SerializationConstructorAccessorImpl done
Event: 4.830 Loading class java/io/ObjectOutputStream
Event: 4.831 Loading class java/io/ObjectOutput
Event: 4.831 Loading class java/io/ObjectOutput done
Event: 4.831 Loading class java/io/ObjectOutputStream done
Event: 4.897 Loading class java/util/concurrent/CompletableFuture$AltResult
Event: 4.897 Loading class java/util/concurrent/CompletableFuture$AltResult done
Event: 4.897 Loading class java/util/concurrent/CompletableFuture$Completion
Event: 4.897 Loading class java/util/concurrent/CompletableFuture$AsynchronousCompletionTask
Event: 4.897 Loading class java/util/concurrent/CompletableFuture$AsynchronousCompletionTask done
Event: 4.897 Loading class java/util/concurrent/CompletableFuture$Completion done
Event: 4.931 Loading class java/lang/Package$1PackageInfoProxy
Event: 4.931 Loading class java/lang/Package$1PackageInfoProxy done
Event: 4.975 Loading class java/util/stream/ReduceOps$5
Event: 4.975 Loading class java/util/stream/ReduceOps$5 done
Event: 4.975 Loading class java/util/stream/ReduceOps$CountingSink$OfRef
Event: 4.975 Loading class java/util/stream/ReduceOps$CountingSink
Event: 4.975 Loading class java/util/stream/ReduceOps$CountingSink done
Event: 4.975 Loading class java/util/stream/ReduceOps$CountingSink$OfRef done

Classes unloaded (0 events):
No events

Classes redefined (0 events):
No events

Internal exceptions (20 events):
Event: 3.766 Thread 0x0000017cf2764930 Exception <a 'java/lang/NoSuchMethodError'{0x00000000849d7138}: 'int java.lang.invoke.DirectMethodHandle$Holder.invokeStatic(java.lang.Object, int, java.lang.Object)'> (0x00000000849d7138) 
thrown [s\open\src\hotspot\share\interpreter\linkResolver.cpp, line 773]
Event: 3.959 Thread 0x0000017cf2764930 Exception <a 'sun/nio/fs/WindowsException'{0x0000000083f30430}> (0x0000000083f30430) 
thrown [s\open\src\hotspot\share\prims\jni.cpp, line 520]
Event: 3.960 Thread 0x0000017cf2764930 Exception <a 'sun/nio/fs/WindowsException'{0x0000000083f30b90}> (0x0000000083f30b90) 
thrown [s\open\src\hotspot\share\prims\jni.cpp, line 520]
Event: 3.968 Thread 0x0000017cf2764930 Exception <a 'java/lang/NoSuchMethodError'{0x0000000083f47688}: 'int java.lang.invoke.DirectMethodHandle$Holder.invokeVirtual(java.lang.Object, java.lang.Object, java.lang.Object, java.lang.Object)'> (0x0000000083f47688) 
thrown [s\open\src\hotspot\share\interpreter\linkResolver.cpp, line 773]
Event: 3.969 Thread 0x0000017cf2764930 Exception <a 'java/lang/NoSuchMethodError'{0x0000000083f4b0f0}: 'int java.lang.invoke.DelegatingMethodHandle$Holder.reinvoke_L(java.lang.Object, java.lang.Object, java.lang.Object, java.lang.Object)'> (0x0000000083f4b0f0) 
thrown [s\open\src\hotspot\share\interpreter\linkResolver.cpp, line 773]
Event: 4.070 Thread 0x0000017cf2764930 Exception <a 'java/io/FileNotFoundException'{0x0000000083d60538}> (0x0000000083d60538) 
thrown [s\open\src\hotspot\share\prims\jni.cpp, line 520]
Event: 4.125 Thread 0x0000017cf2764930 Exception <a 'java/lang/NoSuchMethodError'{0x0000000083b54108}: 'int java.lang.invoke.DirectMethodHandle$Holder.invokeInterface(java.lang.Object, java.lang.Object, java.lang.Object, java.lang.Object)'> (0x0000000083b54108) 
thrown [s\open\src\hotspot\share\interpreter\linkResolver.cpp, line 773]
Event: 4.217 Thread 0x0000017cf2764930 Exception <a 'java/lang/NoSuchMethodError'{0x0000000086800dd0}: 'long java.lang.invoke.DirectMethodHandle$Holder.invokeVirtual(java.lang.Object, java.lang.Object)'> (0x0000000086800dd0) 
thrown [s\open\src\hotspot\share\interpreter\linkResolver.cpp, line 773]
Event: 4.223 Thread 0x0000017cf2764930 Exception <a 'java/io/FileNotFoundException'{0x000000008682a908}> (0x000000008682a908) 
thrown [s\open\src\hotspot\share\prims\jni.cpp, line 520]
Event: 4.467 Thread 0x0000017cf2764930 Implicit null exception at 0x0000017ce13f0324 to 0x0000017ce13f09bc
Event: 4.467 Thread 0x0000017cf2764930 Implicit null exception at 0x0000017ce1403ca0 to 0x0000017ce140433c
Event: 4.494 Thread 0x0000017cf2764930 Exception <a 'java/lang/NoSuchMethodError'{0x00000000856d4858}: 'long java.lang.invoke.DirectMethodHandle$Holder.invokeStatic(java.lang.Object)'> (0x00000000856d4858) 
thrown [s\open\src\hotspot\share\interpreter\linkResolver.cpp, line 773]
Event: 4.597 Thread 0x0000017cf2764930 Exception <a 'java/lang/IncompatibleClassChangeError'{0x000000008519d4a0}: Found class java.lang.Object, but interface was expected> (0x000000008519d4a0) 
thrown [s\open\src\hotspot\share\interpreter\linkResolver.cpp, line 840]
Event: 4.602 Thread 0x0000017cf2764930 Exception <a 'java/lang/NoSuchMethodError'{0x00000000851d3338}: 'java.lang.Object java.lang.invoke.DirectMethodHandle$Holder.newInvokeSpecial(java.lang.Object, java.lang.Object, java.lang.Object, int, int)'> (0x00000000851d3338) 
thrown [s\open\src\hotspot\share\interpreter\linkResolver.cpp, line 773]
Event: 4.628 Thread 0x0000017cf2764930 Exception <a 'java/lang/IncompatibleClassChangeError'{0x00000000850c3e70}: Found class java.lang.Object, but interface was expected> (0x00000000850c3e70) 
thrown [s\open\src\hotspot\share\interpreter\linkResolver.cpp, line 840]
Event: 4.703 Thread 0x0000017cf2764930 Exception <a 'java/lang/IncompatibleClassChangeError'{0x00000000868d63c8}: Found class java.lang.Object, but interface was expected> (0x00000000868d63c8) 
thrown [s\open\src\hotspot\share\interpreter\linkResolver.cpp, line 840]
Event: 4.735 Thread 0x0000017cf2764930 Exception <a 'java/net/BindException'{0x00000000867dcbd8}: Address already in use: bind> (0x00000000867dcbd8) 
thrown [s\open\src\hotspot\share\prims\jni.cpp, line 539]
Event: 4.852 Thread 0x0000017cf2764930 Exception <a 'java/lang/NoSuchMethodError'{0x000000008621dcd8}: 'long java.lang.invoke.DirectMethodHandle$Holder.invokeVirtual(java.lang.Object, java.lang.Object, java.lang.Object, java.lang.Object, java.lang.Object, java.lang.Object)'> (0x000000008621dcd8) 
thrown [s\open\src\hotspot\share\interpreter\linkResolver.cpp, line 773]
Event: 4.926 Thread 0x0000017cf2764930 Exception <a 'java/lang/IncompatibleClassChangeError'{0x000000008573fa28}: Found class java.lang.Object, but interface was expected> (0x000000008573fa28) 
thrown [s\open\src\hotspot\share\interpreter\linkResolver.cpp, line 840]
Event: 4.932 Thread 0x0000017cf2764930 Exception <a 'java/lang/NoSuchMethodError'{0x000000008577e460}: 'java.lang.Object java.lang.invoke.DirectMethodHandle$Holder.newInvokeSpecial(java.lang.Object, java.lang.Object, java.lang.Object, java.lang.Object, java.lang.Object, java.lang.Object)'> (0x000000008577e460) 
thrown [s\open\src\hotspot\share\interpreter\linkResolver.cpp, line 773]

ZGC Phase Switch (0 events):
No events

VM Operations (20 events):
Event: 4.229 Executing VM operation: HandshakeAllThreads (Deoptimize)
Event: 4.230 Executing VM operation: HandshakeAllThreads (Deoptimize) done
Event: 4.477 Executing VM operation: HandshakeAllThreads (Deoptimize)
Event: 4.477 Executing VM operation: HandshakeAllThreads (Deoptimize) done
Event: 4.508 Executing VM operation: ICBufferFull
Event: 4.508 Executing VM operation: ICBufferFull done
Event: 4.530 Executing VM operation: HandshakeAllThreads (Deoptimize)
Event: 4.530 Executing VM operation: HandshakeAllThreads (Deoptimize) done
Event: 4.542 Executing VM operation: HandshakeAllThreads (Deoptimize)
Event: 4.542 Executing VM operation: HandshakeAllThreads (Deoptimize) done
Event: 4.642 Executing VM operation: CollectForMetadataAllocation (Metadata GC Threshold)
Event: 4.647 Executing VM operation: CollectForMetadataAllocation (Metadata GC Threshold) done
Event: 4.668 Executing VM operation: HandshakeAllThreads (Deoptimize)
Event: 4.668 Executing VM operation: HandshakeAllThreads (Deoptimize) done
Event: 4.673 Executing VM operation: G1PauseRemark
Event: 4.676 Executing VM operation: G1PauseRemark done
Event: 4.687 Executing VM operation: G1PauseCleanup
Event: 4.688 Executing VM operation: G1PauseCleanup done
Event: 4.809 Executing VM operation: HandshakeAllThreads (Deoptimize)
Event: 4.810 Executing VM operation: HandshakeAllThreads (Deoptimize) done

Events (20 events):
Event: 4.676 Thread 0x0000017cedd77c40 flushing nmethod 0x0000017ce13fa910
Event: 4.676 Thread 0x0000017cedd77c40 flushing nmethod 0x0000017ce1414a10
Event: 4.676 Thread 0x0000017cedd77c40 flushing nmethod 0x0000017ce140e410
Event: 4.676 Thread 0x0000017cedd77c40 flushing nmethod 0x0000017ce13fa010
Event: 4.676 Thread 0x0000017cedd77c40 flushing nmethod 0x0000017ce13f8c90
Event: 4.676 Thread 0x0000017cedd77c40 flushing nmethod 0x0000017ce13f1d10
Event: 4.676 Thread 0x0000017cedd77c40 flushing nmethod 0x0000017ce13f1890
Event: 4.676 Thread 0x0000017cedd77c40 flushing nmethod 0x0000017ce13f6d90
Event: 4.676 Thread 0x0000017cedd77c40 flushing nmethod 0x0000017ce13e0310
Event: 4.676 Thread 0x0000017cedd77c40 flushing nmethod 0x0000017ce13dff90
Event: 4.676 Thread 0x0000017cedd77c40 flushing nmethod 0x0000017ce13dfc90
Event: 4.676 Thread 0x0000017cedd77c40 flushing nmethod 0x0000017ce13cc810
Event: 4.676 Thread 0x0000017cedd77c40 flushing nmethod 0x0000017ce13d5890
Event: 4.676 Thread 0x0000017cedd77c40 flushing nmethod 0x0000017ce13cbb10
Event: 4.676 Thread 0x0000017cedd77c40 flushing nmethod 0x0000017ce13d4090
Event: 4.676 Thread 0x0000017cedd77c40 flushing nmethod 0x0000017ce13e0710
Event: 4.676 Thread 0x0000017cedd77c40 flushing nmethod 0x0000017ce13cf790
Event: 4.676 Thread 0x0000017cedd77c40 flushing nmethod 0x0000017ce13ce090
Event: 4.676 Thread 0x0000017cedd77c40 flushing nmethod 0x0000017ce13c5b90
Event: 4.676 Thread 0x0000017cedd77c40 flushing nmethod 0x0000017ce13c1090


Dynamic libraries:
0x00007ff70fbf0000 - 0x00007ff70fc00000 	C:\Program Files\Java\jdk-21\bin\javaw.exe
0x00007ff903d50000 - 0x00007ff903f67000 	C:\WINDOWS\SYSTEM32\ntdll.dll
0x00007ff9029a0000 - 0x00007ff902a64000 	C:\WINDOWS\System32\KERNEL32.DLL
0x00007ff901430000 - 0x00007ff9017d6000 	C:\WINDOWS\System32\KERNELBASE.dll
0x00007ff901980000 - 0x00007ff901a91000 	C:\WINDOWS\System32\ucrtbase.dll
0x00007ff8f68e0000 - 0x00007ff8f68f9000 	C:\Program Files\Java\jdk-21\bin\jli.dll
0x00007ff8f6860000 - 0x00007ff8f687b000 	C:\Program Files\Java\jdk-21\bin\VCRUNTIME140.dll
0x00007ff903020000 - 0x00007ff9030d3000 	C:\WINDOWS\System32\ADVAPI32.dll
0x00007ff902ce0000 - 0x00007ff902d87000 	C:\WINDOWS\System32\msvcrt.dll
0x00007ff902f70000 - 0x00007ff903018000 	C:\WINDOWS\System32\sechost.dll
0x00007ff901400000 - 0x00007ff901428000 	C:\WINDOWS\System32\bcrypt.dll
0x00007ff903bf0000 - 0x00007ff903d07000 	C:\WINDOWS\System32\RPCRT4.dll
0x00007ff902340000 - 0x00007ff9024ee000 	C:\WINDOWS\System32\USER32.dll
0x00007ff901090000 - 0x00007ff9010b6000 	C:\WINDOWS\System32\win32u.dll
0x00007ff8f48d0000 - 0x00007ff8f4b63000 	C:\WINDOWS\WinSxS\amd64_microsoft.windows.common-controls_6595b64144ccf1df_6.0.22621.2506_none_270c5ae97388e100\COMCTL32.dll
0x00007ff9024f0000 - 0x00007ff902519000 	C:\WINDOWS\System32\GDI32.dll
0x00007ff901860000 - 0x00007ff901978000 	C:\WINDOWS\System32\gdi32full.dll
0x00007ff9012f0000 - 0x00007ff90138a000 	C:\WINDOWS\System32\msvcp_win.dll
0x00007ff8fb540000 - 0x00007ff8fb54a000 	C:\WINDOWS\SYSTEM32\VERSION.dll
0x00007ff903700000 - 0x00007ff903731000 	C:\WINDOWS\System32\IMM32.DLL
0x00007ff8fc070000 - 0x00007ff8fc07c000 	C:\Program Files\Java\jdk-21\bin\vcruntime140_1.dll
0x00007ff8dfd80000 - 0x00007ff8dfe0e000 	C:\Program Files\Java\jdk-21\bin\msvcp140.dll
0x00007ff88fec0000 - 0x00007ff890bd5000 	C:\Program Files\Java\jdk-21\bin\server\jvm.dll
0x00007ff902b80000 - 0x00007ff902bf1000 	C:\WINDOWS\System32\WS2_32.dll
0x00007ff900f60000 - 0x00007ff900fad000 	C:\WINDOWS\SYSTEM32\POWRPROF.dll
0x00007ff8fb0e0000 - 0x00007ff8fb114000 	C:\WINDOWS\SYSTEM32\WINMM.dll
0x00007ff900e90000 - 0x00007ff900ea3000 	C:\WINDOWS\SYSTEM32\UMPDC.dll
0x00007ff9000c0000 - 0x00007ff9000d8000 	C:\WINDOWS\SYSTEM32\kernel.appcore.dll
0x00007ff8fb950000 - 0x00007ff8fb95a000 	C:\Program Files\Java\jdk-21\bin\jimage.dll
0x00007ff8fe8e0000 - 0x00007ff8feb13000 	C:\WINDOWS\SYSTEM32\DBGHELP.DLL
0x00007ff903740000 - 0x00007ff903ac9000 	C:\WINDOWS\System32\combase.dll
0x00007ff902c00000 - 0x00007ff902cd7000 	C:\WINDOWS\System32\OLEAUT32.dll
0x00007ff8fa1e0000 - 0x00007ff8fa212000 	C:\WINDOWS\SYSTEM32\dbgcore.DLL
0x00007ff9017e0000 - 0x00007ff90185a000 	C:\WINDOWS\System32\bcryptPrimitives.dll
0x00007ff8f65c0000 - 0x00007ff8f65df000 	C:\Program Files\Java\jdk-21\bin\java.dll
0x00007ff901aa0000 - 0x00007ff9022fa000 	C:\WINDOWS\System32\SHELL32.dll
0x00007ff8fefe0000 - 0x00007ff8ff8d6000 	C:\WINDOWS\SYSTEM32\windows.storage.dll
0x00007ff8fed40000 - 0x00007ff8fee7e000 	C:\WINDOWS\SYSTEM32\wintypes.dll
0x00007ff902e40000 - 0x00007ff902f33000 	C:\WINDOWS\System32\SHCORE.dll
0x00007ff9028c0000 - 0x00007ff90291e000 	C:\WINDOWS\System32\shlwapi.dll
0x00007ff900fc0000 - 0x00007ff900fe6000 	C:\WINDOWS\SYSTEM32\profapi.dll
0x00007ff8bdc10000 - 0x00007ff8bdce7000 	C:\Program Files\Java\jdk-21\bin\jsvml.dll
0x00007ff8f6850000 - 0x00007ff8f6860000 	C:\Program Files\Java\jdk-21\bin\net.dll
0x00007ff8fb350000 - 0x00007ff8fb487000 	C:\WINDOWS\SYSTEM32\WINHTTP.dll
0x00007ff900540000 - 0x00007ff9005a9000 	C:\WINDOWS\system32\mswsock.dll
0x00007ff8f6570000 - 0x00007ff8f6586000 	C:\Program Files\Java\jdk-21\bin\nio.dll
0x00007ff8e7f40000 - 0x00007ff8e7f58000 	C:\Program Files\Java\jdk-21\bin\zip.dll
0x00007ff8f6560000 - 0x00007ff8f656a000 	C:\Program Files\Java\jdk-21\bin\management.dll
0x00007ff8f6520000 - 0x00007ff8f652b000 	C:\Program Files\Java\jdk-21\bin\management_ext.dll
0x00007ff902330000 - 0x00007ff902338000 	C:\WINDOWS\System32\PSAPI.DLL
0x00007ff8ffb40000 - 0x00007ff8ffb6d000 	C:\WINDOWS\SYSTEM32\IPHLPAPI.DLL
0x00007ff902b70000 - 0x00007ff902b79000 	C:\WINDOWS\System32\NSI.dll
0x00007ff8ffbb0000 - 0x00007ff8ffca9000 	C:\WINDOWS\SYSTEM32\DNSAPI.dll
0x00007ff8f86d0000 - 0x00007ff8f86da000 	C:\Windows\System32\rasadhlp.dll
0x00007ff8fa730000 - 0x00007ff8fa7b3000 	C:\WINDOWS\System32\fwpuclnt.dll
0x00007ff8f65b0000 - 0x00007ff8f65be000 	C:\Program Files\Java\jdk-21\bin\sunmscapi.dll
0x00007ff901180000 - 0x00007ff9012e6000 	C:\WINDOWS\System32\CRYPT32.dll
0x00007ff900950000 - 0x00007ff90097e000 	C:\WINDOWS\SYSTEM32\ncrypt.dll
0x00007ff900910000 - 0x00007ff900947000 	C:\WINDOWS\SYSTEM32\NTASN1.dll
0x00007ff9007a0000 - 0x00007ff9007bb000 	C:\WINDOWS\SYSTEM32\CRYPTSP.dll
0x00007ff900020000 - 0x00007ff900055000 	C:\WINDOWS\system32\rsaenh.dll
0x00007ff900630000 - 0x00007ff90065c000 	C:\WINDOWS\SYSTEM32\USERENV.dll
0x00007ff900790000 - 0x00007ff90079c000 	C:\WINDOWS\SYSTEM32\CRYPTBASE.dll
0x00007ff8f2830000 - 0x00007ff8f2837000 	C:\Program Files\Java\jdk-21\bin\extnet.dll

dbghelp: loaded successfully - version: 4.0.5 - missing functions: none
symbol engine: initialized successfully - sym options: 0x614 - pdb path: .;C:\Program Files\Java\jdk-21\bin;C:\WINDOWS\SYSTEM32;C:\WINDOWS\WinSxS\amd64_microsoft.windows.common-controls_6595b64144ccf1df_6.0.22621.2506_none_270c5ae97388e100;C:\Program Files\Java\jdk-21\bin\server

VM Arguments:
jvm_args: -Dfile.encoding=UTF-8 -Dstdout.encoding=UTF-8 -Dstderr.encoding=UTF-8 -XX:+ShowCodeDetailsInExceptionMessages 
java_command: com.hotel.rating.HotelRatingApplication
java_class_path (initial): D:\lcwd\Hotel-Rating\target\classes;C:\Users\Warrior\.m2\repository\org\springframework\boot\spring-boot-starter-data-mongodb\3.2.1\spring-boot-starter-data-mongodb-3.2.1.jar;C:\Users\Warrior\.m2\repository\org\springframework\boot\spring-boot-starter\3.2.1\spring-boot-starter-3.2.1.jar;C:\Users\Warrior\.m2\repository\org\springframework\boot\spring-boot-starter-logging\3.2.1\spring-boot-starter-logging-3.2.1.jar;C:\Users\Warrior\.m2\repository\ch\qos\logback\logback-classic\1.4.14\logback-classic-1.4.14.jar;C:\Users\Warrior\.m2\repository\ch\qos\logback\logback-core\1.4.14\logback-core-1.4.14.jar;C:\Users\Warrior\.m2\repository\org\apache\logging\log4j\log4j-to-slf4j\2.21.1\log4j-to-slf4j-2.21.1.jar;C:\Users\Warrior\.m2\repository\org\apache\logging\log4j\log4j-api\2.21.1\log4j-api-2.21.1.jar;C:\Users\Warrior\.m2\repository\org\slf4j\jul-to-slf4j\2.0.9\jul-to-slf4j-2.0.9.jar;C:\Users\Warrior\.m2\repository\jakarta\annotation\jakarta.annotation-api\2.1.1\jakarta.annotation-api-2.1.1.jar;C:\Users\Warrior\.m2\repository\org\yaml\snakeyaml\2.2\snakeyaml-2.2.jar;C:\Users\Warrior\.m2\repository\org\mongodb\mongodb-driver-sync\4.11.1\mongodb-driver-sync-4.11.1.jar;C:\Users\Warrior\.m2\repository\org\mongodb\bson\4.11.1\bson-4.11.1.jar;C:\Users\Warrior\.m2\repository\org\mongodb\mongodb-driver-core\4.11.1\mongodb-driver-core-4.11.1.jar;C:\Users\Warrior\.m2\repository\org\mongodb\bson-record-codec\4.11.1\bson-record-codec-4.11.1.jar;C:\Users\Warrior\.m2\repository\org\springframework\data\spring-data-mongodb\4.2.1\spring-data-mongodb-4.2.1.jar;C:\Users\Warrior\.m2\repository\org\springframework\spring-tx\6.1.2\spring-tx-6.1.2.jar;C:\Users\Warrior\.m2\repository\org\springframework\spring-context\6.1.2\spring-context-6.1.2.jar;C:\Users\Warrior\.m2\repository\org\springframework\spring-beans\6.1.2\spring-beans-6.1.2.jar;C:\Users\Warrior\.m2\repository\org\springframework\spring-expression\6.1.2\spring-expression-6.1.2.jar;C:\Users\Warrior\.m2\repository\org\springframework\data\spring-data-commons\3.2.1\spring-data-commons-3.2.1.jar;C:\Users\Warrior\.m2\repository\org\slf4j\slf4j-api\2.0.9\slf4j-api-2.0.9.jar;C:\Users\Warrior\.m2\repository\org\springframework\cloud\spring-cloud-starter-netflix-eureka-client\4.1.0\spring-cloud-starter-netflix-eureka-client-4.1.0.jar;C:\Users\Warrior\.m2\repository\org\springframework\cloud\spring-cloud-starter\4.1.0\spring-cloud-starter-4.1.0.jar;C:\Users\Warrior\.m2\repository\org\springframework\cloud\spring-cloud-context\4.1.0\spring-cloud-context-4.1.0.jar;C:\Users\Warrior\.m2\repository\org\springframework\security\spring-security-crypto\6.2.1\spring-security-crypto-6.2.1.jar;C:\Users\Warrior\.m2\repository\org\springframework\cloud\spring-cloud-commons\4.1.0\spring-cloud-commons-4.1.0.jar;C:\Users\Warrior\.m2\repository\org\springframework\security\spring-security-rsa\1.1.1\spring-security-rsa-1.1.1.jar;C:\Users\Warrior\.m2\repository\org\bouncycastle\bcprov-jdk18on\1.74\bcprov-jdk18on-1.74.jar;C:\Users\Warrior\.m2\repository\org\springframework\cloud\spring-cloud-netflix-eureka-client\4.1.0\spring-cloud-netflix-eureka-client-4.1.0.jar;C:\Users\Warrior\.m2\repository\org\apache\httpcomponents\client5\httpclient5\5.2.3\httpclient5-5.2.3.jar;C:\Users\Warrior\.m2\repository\org\apache\httpcomponents\core5\httpcore5\5.2.4\httpcore5-5.2.4.jar;C:\Users\Warrior\.m2\repository\org\apache\httpcomponents\core5\httpcore5-h2\5.2.4\httpcore5-h2-5.2.4.jar;C:\Users\Warrior\.m2\repository\com\netflix\eureka\eureka-client\2.0.1\eureka-client-2.0.1.jar;C:\Users\Warrior\.m2\repository\com\netflix\netflix-commons\netflix-eventbus\0.3.0\netflix-eventbus-0.3.0.jar;C:\Users\Warrior\.m2\repository\com\netflix\netflix-commons\netflix-infix\0.3.0\netflix-infix-0.3.0.jar;C:\Users\Warrior\.m2\repository\commons-jxpath\commons-jxpath\1.3\commons-jxpath-1.3.jar;C:\Users\Warrior\.m2\repository\joda-time\joda-time\2.3\joda-time-2.3.jar;C:\Users\Warrior\.m2\repository\org\antlr\antlr-runtime\3.4\antlr-runtime-3.4.jar;C:\Users\Warrior\.m2\repository\org\antlr\stringtemplate\3.2.1\stringtemplate-3.2.1.jar;C:\Users\Warrior\.m2\repository\antlr\antlr\2.7.7\antlr-2.7.7.jar;C:\Users\Warrior\.m2\repository\com\google\code\gson\gson\2.10.1\gson-2.10.1.jar;C:\Users\Warrior\.m2\repository\org\apache\commons\commons-math\2.2\commons-math-2.2.jar;C:\Users\Warrior\.m2\repository\com\thoughtworks\xstream\xstream\1.4.19\xstream-1.4.19.jar;C:\Users\Warrior\.m2\repository\io\github\x-stream\mxparser\1.2.2\mxparser-1.2.2.jar;C:\Users\Warrior\.m2\repository\xmlpull\xmlpull\1.1.3.1\xmlpull-1.1.3.1.jar;C:\Users\Warrior\.m2\repository\jakarta\ws\rs\jakarta.ws.rs-api\3.1.0\jakarta.ws.rs-api-3.1.0.jar;C:\Users\Warrior\.m2\repository\jakarta\inject\jakarta.inject-api\2.0.1\jakarta.inject-api-2.0.1.jar;C:\Users\Warrior\.m2\repository\com\netflix\servo\servo-core\0.12.21\servo-core-0.12.21.jar;C:\Users\Warrior\.m2\repository\com\google\guava\guava\19.0\guava-19.0.jar;C:\Users\Warrior\.m2\repository\org\apache\httpcomponents\httpclient\4.5.3\httpclient-4.5.3.jar;C:\Users\Warrior\.m2\repository\org\apache\httpcomponents\httpcore\4.4.16\httpcore-4.4.16.jar;C:\Users\Warrior\.m2\repository\commons-codec\commons-codec\1.16.0\commons-codec-1.16.0.jar;C:\Users\Warrior\.m2\repository\commons-configuration\commons-configuration\1.10\commons-configuration-1.10.jar;C:\Users\Warrior\.m2\repository\commons-lang\commons-lang\2.6\commons-lang-2.6.jar;C:\Users\Warrior\.m2\repository\com\fasterxml\jackson\core\jackson-annotations\2.15.3\jackson-annotations-2.15.3.jar;C:\Users\Warrior\.m2\repository\com\fasterxml\jackson\core\jackson-core\2.15.3\jackson-core-2.15.3.jar;C:\Users\Warrior\.m2\repository\com\fasterxml\jackson\core\jackson-databind\2.15.3\jackson-databind-2.15.3.jar;C:\Users\Warrior\.m2\repository\org\codehaus\jettison\jettison\1.4.0\jettison-1.4.0.jar;C:\Users\Warrior\.m2\repository\com\netflix\eureka\eureka-core\2.0.1\eureka-core-2.0.1.jar;C:\Users\Warrior\.m2\repository\com\fasterxml\woodstox\woodstox-core\6.2.1\woodstox-core-6.2.1.jar;C:\Users\Warrior\.m2\repository\org\codehaus\woodstox\stax2-api\4.2.1\stax2-api-4.2.1.jar;C:\Users\Warrior\.m2\repository\org\springframework\cloud\spring-cloud-starter-loadbalancer\4.1.0\spring-cloud-starter-loadbalancer-4.1.0.jar;C:\Users\Warrior\.m2\repository\org\springframework\cloud\spring-cloud-loadbalancer\4.1.0\spring-cloud-loadbalancer-4.1.0.jar;C:\Users\Warrior\.m2\repository\io\projectreactor\reactor-core\3.6.1\reactor-core-3.6.1.jar;C:\Users\Warrior\.m2\repository\org\reactivestreams\reactive-streams\1.0.4\reactive-streams-1.0.4.jar;C:\Users\Warrior\.m2\repository\io\projectreactor\addons\reactor-extra\3.5.1\reactor-extra-3.5.1.jar;C:\Users\Warrior\.m2\repository\org\springframework\boot\spring-boot-starter-cache\3.2.1\spring-boot-starter-cache-3.2.1.jar;C:\Users\Warrior\.m2\repository\org\springframework\spring-context-support\6.1.2\spring-context-support-6.1.2.jar;C:\Users\Warrior\.m2\repository\com\stoyanr\evictor\1.0.0\evictor-1.0.0.jar;C:\Users\Warrior\.m2\repository\org\springframework\boot\spring-boot-starter-web\3.2.1\spring-boot-starter-web-3.2.1.jar;C:\Users\Warrior\.m2\repository\org\springframework\boot\spring-boot-starter-json\3.2.1\spring-boot-starter-json-3.2.1.jar;C:\Users\Warrior\.m2\repository\com\fasterxml\jackson\datatype\jackson-datatype-jdk8\2.15.3\jackson-datatype-jdk8-2.15.3.jar;C:\Users\Warrior\.m2\repository\com\fasterxml\jackson\datatype\jackson-datatype-jsr310\2.15.3\jackson-datatype-jsr310-2.15.3.jar;C:\Users\Warrior\.m2\repository\com\fasterxml\jackson\module\jackson-module-parameter-names\2.15.3\jackson-module-parameter-names-2.15.3.jar;C:\Users\Warrior\.m2\repository\org\springframework\boot\spring-boot-starter-tomcat\3.2.1\spring-boot-starter-tomcat-3.2.1.jar;C:\Users\Warrior\.m2\repository\org\apache\tomcat\embed\tomcat-embed-core\10.1.17\tomcat-embed-core-10.1.17.jar;C:\Users\Warrior\.m2\repository\org\apache\tomcat\embed\tomcat-embed-el\10.1.17\tomcat-embed-el-10.1.17.jar;C:\Users\Warrior\.m2\repository\org\apache\tomcat\embed\tomcat-embed-websocket\10.1.17\tomcat-embed-websocket-10.1.17.jar;C:\Users\Warrior\.m2\repository\org\springframework\spring-web\6.1.2\spring-web-6.1.2.jar;C:\Users\Warrior\.m2\repository\io\micrometer\micrometer-observation\1.12.1\micrometer-observation-1.12.1.jar;C:\Users\Warrior\.m2\repository\io\micrometer\micrometer-commons\1.12.1\micrometer-commons-1.12.1.jar;C:\Users\Warrior\.m2\repository\org\springframework\spring-webmvc\6.1.2\spring-webmvc-6.1.2.jar;C:\Users\Warrior\.m2\repository\org\springframework\spring-aop\6.1.2\spring-aop-6.1.2.jar;C:\Users\Warrior\.m2\repository\org\springframework\boot\spring-boot-devtools\3.2.1\spring-boot-devtools-3.2.1.jar;C:\Users\Warrior\.m2\repository\org\springframework\boot\spring-boot\3.2.1\spring-boot-3.2.1.jar;C:\Users\Warrior\.m2\repository\org\springframework\boot\spring-boot-autoconfigure\3.2.1\spring-boot-autoconfigure-3.2.1.jar;C:\Users\Warrior\.m2\repository\org\projectlombok\lombok\1.18.30\lombok-1.18.30.jar;C:\Users\Warrior\.m2\repository\org\springframework\spring-core\6.1.2\spring-core-6.1.2.jar;C:\Users\Warrior\.m2\repository\org\springframework\spring-jcl\6.1.2\spring-jcl-6.1.2.jar
Launcher Type: SUN_STANDARD

[Global flags]
     intx CICompilerCount                          = 4                                         {product} {ergonomic}
     uint ConcGCThreads                            = 2                                         {product} {ergonomic}
     uint G1ConcRefinementThreads                  = 8                                         {product} {ergonomic}
   size_t G1HeapRegionSize                         = 1048576                                   {product} {ergonomic}
    uintx GCDrainStackTargetSize                   = 64                                        {product} {ergonomic}
   size_t InitialHeapSize                          = 132120576                                 {product} {ergonomic}
   size_t MarkStackSize                            = 4194304                                   {product} {ergonomic}
   size_t MaxHeapSize                              = 2109734912                                {product} {ergonomic}
   size_t MaxNewSize                               = 1265631232                                {product} {ergonomic}
   size_t MinHeapDeltaBytes                        = 1048576                                   {product} {ergonomic}
   size_t MinHeapSize                              = 8388608                                   {product} {ergonomic}
    uintx NonNMethodCodeHeapSize                   = 5839372                                {pd product} {ergonomic}
    uintx NonProfiledCodeHeapSize                  = 122909434                              {pd product} {ergonomic}
    uintx ProfiledCodeHeapSize                     = 122909434                              {pd product} {ergonomic}
    uintx ReservedCodeCacheSize                    = 251658240                              {pd product} {ergonomic}
     bool SegmentedCodeCache                       = true                                      {product} {ergonomic}
     bool ShowCodeDetailsInExceptionMessages       = true                                   {manageable} {command line}
   size_t SoftMaxHeapSize                          = 2109734912                             {manageable} {ergonomic}
     bool UseCompressedOops                        = true                           {product lp64_product} {ergonomic}
     bool UseG1GC                                  = true                                      {product} {ergonomic}
     bool UseLargePagesIndividualAllocation        = false                                  {pd product} {ergonomic}

Logging:
Log output configuration:
 #0: stdout all=warning uptime,level,tags foldmultilines=false
 #1: stderr all=off uptime,level,tags foldmultilines=false

Environment Variables:
JAVA_HOME=C:\Program Files\Java\jdk-21
PATH=D:/sts-4.20.0.RELEASE//plugins/org.eclipse.justj.openjdk.hotspot.jre.full.win32.x86_64_17.0.8.v20230831-1047/jre/bin/server;D:/sts-4.20.0.RELEASE//plugins/org.eclipse.justj.openjdk.hotspot.jre.full.win32.x86_64_17.0.8.v20230831-1047/jre/bin;C:\Program Files (x86)\Common Files\Intel\Shared Libraries\redist\intel64\compiler;C:\Program Files\Common Files\Oracle\Java\javapath;C:\Program Files (x86)\Common Files\Oracle\Java\javapath;C:\WINDOWS\system32;C:\WINDOWS;C:\WINDOWS\System32\Wbem;C:\WINDOWS\System32\WindowsPowerShell\v1.0\;C:\WINDOWS\System32\OpenSSH\;C:\Program Files\Intel\WiFi\bin\;C:\Program Files\Common Files\Intel\WirelessCommon\;C:\Program Files\dotnet\;C:\Program Files\Solidigm\Solidigm(TM) Storage Tool\;C:\ProgramData\chocolatey\bin;C:\Program Files\nodejs\;C:\Program Files\Git\cmd;C:\Program Files\MySQL\MySQL Server 8.0\bin;C:\Program Files\Java\jdk-21\bin;C:\Users\Warrior\AppData\Local\Programs\Python\Python312\Scripts\;C:\Users\Warrior\AppData\Local\Programs\Python\Python312\;C:\Program Files\MySQL\MySQL Shell 8.0\bin\;C:\Users\Warrior\AppData\Local\Programs\Python\Python38\Scripts\;C:\Users\Warrior\AppData\Local\Programs\Python\Python38\;C:\Users\Warrior\AppData\Local\Microsoft\WindowsApps;;C:\Users\Warrior\AppData\Local\Programs\Microsoft VS Code\bin;C:\Users\Warrior\AppData\Roaming\npm;C:\Program Files\JetBrains\PyCharm 2023.3.2\bin;;D:\sts-4.20.0.RELEASE;
USERNAME=Warrior
OS=Windows_NT
PROCESSOR_IDENTIFIER=Intel64 Family 6 Model 142 Stepping 12, GenuineIntel
TMP=C:\Users\Warrior\AppData\Local\Temp
TEMP=C:\Users\Warrior\AppData\Local\Temp




Periodic native trim disabled

---------------  S Y S T E M  ---------------

OS:
 Windows 11 , 64 bit Build 22621 (10.0.22621.2506)
OS uptime: 15 days 16:26 hours

CPU: total 8 (initial active 8) (4 cores per cpu, 2 threads per core) family 6 model 142 stepping 12 microcode 0xde, cx8, cmov, fxsr, ht, mmx, 3dnowpref, sse, sse2, sse3, ssse3, sse4.1, sse4.2, popcnt, lzcnt, tsc, tscinvbit, avx, avx2, aes, erms, clmul, bmi1, bmi2, adx, fma, vzeroupper, clflush, clflushopt, rdtscp, f16c
Processor Information for all 8 processors :
  Max Mhz: 1800, Current Mhz: 1600, Mhz Limit: 1584

Memory: 4k page, system-wide physical 8043M (461M free)
TotalPageFile size 16043M (AvailPageFile size 6M)
current process WorkingSet (physical memory assigned to process): 208M, peak: 210M
current process commit charge ("private bytes"): 245M, peak: 274M

vm_info: Java HotSpot(TM) 64-Bit Server VM (21.0.1+12-LTS-29) for windows-amd64 JRE (21.0.1+12-LTS-29), built on 2023-10-05T13:27:09Z by "mach5one" with MS VC++ 17.1 (VS2022)

END.
